# timestamp,line
1619722286406,make[1]: Entering directory '/home/rj/privat/sdu/iot/simple-java-test-harness/src/pipeline'
1619722286435,java -classpath ".:org.eclipse.paho.client.mqttv3-1.2.5.jar:json-20140107.jar" MqttMovingAverage
1619722289373,IN,siggen/room1/temp,0
1619722289373,IN,siggen/room1/temp,0
1619722289376,OUT,mavg/room1/temp,0
1619722289376,IN,siggen/room2/temp,0
1619722289376,IN,siggen/room2/temp,0
1619722289420,OUT,mavg/room2/temp,0
1619722289421,IN,siggen/room2/rhum,0
1619722289421,IN,siggen/room2/rhum,0
1619722289422,OUT,mavg/room2/rhum,0
1619722289422,IN,siggen/room1/rhum,0
1619722289422,IN,siggen/room1/rhum,0
1619722289423,OUT,mavg/room1/rhum,0
1619722290351,IN,siggen/room1/temp,1
1619722290351,IN,siggen/room1/temp,1
1619722290352,OUT,mavg/room1/temp,1
1619722290352,IN,siggen/room2/temp,1
1619722290352,IN,siggen/room2/temp,1
1619722290353,OUT,mavg/room2/temp,1
1619722290353,IN,siggen/room2/rhum,1
1619722290353,IN,siggen/room2/rhum,1
1619722290354,OUT,mavg/room2/rhum,1
1619722290354,IN,siggen/room1/rhum,1
1619722290354,IN,siggen/room1/rhum,1
1619722290355,OUT,mavg/room1/rhum,1
1619722291352,IN,siggen/room1/temp,2
1619722291352,IN,siggen/room1/temp,2
1619722291353,OUT,mavg/room1/temp,2
1619722291353,IN,siggen/room2/temp,2
1619722291353,IN,siggen/room2/temp,2
1619722291397,OUT,mavg/room2/temp,2
1619722291398,IN,siggen/room2/rhum,2
1619722291398,IN,siggen/room2/rhum,2
1619722291399,OUT,mavg/room2/rhum,2
1619722291400,IN,siggen/room1/rhum,2
1619722291400,IN,siggen/room1/rhum,2
1619722291401,OUT,mavg/room1/rhum,2
1619722292353,IN,siggen/room2/temp,3
1619722292353,IN,siggen/room2/temp,3
1619722292397,OUT,mavg/room2/temp,3
1619722292397,IN,siggen/room2/rhum,3
1619722292397,IN,siggen/room2/rhum,3
1619722292398,OUT,mavg/room2/rhum,3
1619722292399,IN,siggen/room1/temp,3
1619722292399,IN,siggen/room1/temp,3
1619722292400,OUT,mavg/room1/temp,3
1619722292400,IN,siggen/room1/rhum,3
1619722292400,IN,siggen/room1/rhum,3
1619722292401,OUT,mavg/room1/rhum,3
1619722293354,IN,siggen/room2/temp,4
1619722293354,IN,siggen/room2/temp,4
1619722293355,OUT,mavg/room2/temp,4
1619722293355,IN,siggen/room1/temp,4
1619722293355,IN,siggen/room1/temp,4
1619722293356,OUT,mavg/room1/temp,4
1619722293356,IN,siggen/room1/rhum,4
1619722293356,IN,siggen/room1/rhum,4
1619722293356,OUT,mavg/room1/rhum,4
1619722293357,IN,siggen/room2/rhum,4
1619722293357,IN,siggen/room2/rhum,4
1619722293400,OUT,mavg/room2/rhum,4
1619722294357,IN,siggen/room1/temp,5
1619722294357,IN,siggen/room1/temp,5
1619722294404,OUT,mavg/room1/temp,5
1619722294405,IN,siggen/room2/temp,5
1619722294405,IN,siggen/room2/temp,5
1619722294405,OUT,mavg/room2/temp,5
1619722294406,IN,siggen/room2/rhum,5
1619722294406,IN,siggen/room2/rhum,5
1619722294406,OUT,mavg/room2/rhum,5
1619722294407,IN,siggen/room1/rhum,5
1619722294407,IN,siggen/room1/rhum,5
1619722294408,OUT,mavg/room1/rhum,5
1619722295358,IN,siggen/room1/temp,6
1619722295358,IN,siggen/room1/temp,6
1619722295359,OUT,mavg/room1/temp,6
1619722295360,IN,siggen/room1/rhum,6
1619722295360,IN,siggen/room1/rhum,6
1619722295361,OUT,mavg/room1/rhum,6
1619722295361,IN,siggen/room2/temp,6
1619722295361,IN,siggen/room2/temp,6
1619722295404,OUT,mavg/room2/temp,6
1619722295405,IN,siggen/room2/rhum,6
1619722295405,IN,siggen/room2/rhum,6
1619722295405,OUT,mavg/room2/rhum,6
1619722296358,IN,siggen/room1/temp,7
1619722296359,IN,siggen/room1/temp,7
1619722296404,OUT,mavg/room1/temp,7
1619722296404,IN,siggen/room1/rhum,7
1619722296405,IN,siggen/room1/rhum,7
1619722296405,OUT,mavg/room1/rhum,7
1619722296405,IN,siggen/room2/rhum,7
1619722296405,IN,siggen/room2/rhum,7
1619722296406,OUT,mavg/room2/rhum,7
1619722296406,IN,siggen/room2/temp,7
1619722296406,IN,siggen/room2/temp,7
1619722296407,OUT,mavg/room2/temp,7
1619722297361,IN,siggen/room2/rhum,8
1619722297361,IN,siggen/room2/rhum,8
1619722297362,OUT,mavg/room2/rhum,8
1619722297363,IN,siggen/room1/rhum,8
1619722297363,IN,siggen/room1/rhum,8
1619722297365,OUT,mavg/room1/rhum,8
1619722297365,IN,siggen/room1/temp,8
1619722297365,IN,siggen/room1/temp,8
1619722297408,OUT,mavg/room1/temp,8
1619722297409,IN,siggen/room2/temp,8
1619722297409,IN,siggen/room2/temp,8
1619722297409,OUT,mavg/room2/temp,8
1619722298362,IN,siggen/room2/temp,9
1619722298362,IN,siggen/room2/temp,9
1619722298404,OUT,mavg/room2/temp,9
1619722298405,IN,siggen/room2/rhum,9
1619722298405,IN,siggen/room2/rhum,9
1619722298406,OUT,mavg/room2/rhum,9
1619722298406,IN,siggen/room1/temp,9
1619722298406,IN,siggen/room1/temp,9
1619722298407,OUT,mavg/room1/temp,9
1619722298408,IN,siggen/room1/rhum,9
1619722298408,IN,siggen/room1/rhum,9
1619722298409,OUT,mavg/room1/rhum,9
1619722299363,IN,siggen/room2/temp,10
1619722299363,IN,siggen/room2/temp,10
1619722299364,OUT,mavg/room2/temp,10
1619722299365,IN,siggen/room1/rhum,10
1619722299365,IN,siggen/room1/rhum,10
1619722299409,OUT,mavg/room1/rhum,10
1619722299410,IN,siggen/room1/temp,10
1619722299410,IN,siggen/room1/temp,10
1619722299412,OUT,mavg/room1/temp,10
1619722299413,IN,siggen/room2/rhum,10
1619722299413,IN,siggen/room2/rhum,10
1619722299415,OUT,mavg/room2/rhum,10
1619722300364,IN,siggen/room1/rhum,11
1619722300364,IN,siggen/room1/rhum,11
1619722300365,OUT,mavg/room1/rhum,11
1619722300366,IN,siggen/room1/temp,11
1619722300366,IN,siggen/room1/temp,11
1619722300367,OUT,mavg/room1/temp,11
1619722300367,IN,siggen/room2/temp,11
1619722300367,IN,siggen/room2/temp,11
1619722300368,OUT,mavg/room2/temp,11
1619722300369,IN,siggen/room2/rhum,11
1619722300369,IN,siggen/room2/rhum,11
1619722300413,OUT,mavg/room2/rhum,11
1619722301365,IN,siggen/room2/rhum,12
1619722301365,IN,siggen/room2/rhum,12
1619722301408,OUT,mavg/room2/rhum,12
1619722301409,IN,siggen/room1/rhum,12
1619722301409,IN,siggen/room1/rhum,12
1619722301409,OUT,mavg/room1/rhum,12
1619722301410,IN,siggen/room1/temp,12
1619722301410,IN,siggen/room1/temp,12
1619722301411,OUT,mavg/room1/temp,12
1619722301411,IN,siggen/room2/temp,12
1619722301411,IN,siggen/room2/temp,12
1619722301412,OUT,mavg/room2/temp,12
1619722302367,IN,siggen/room2/temp,13
1619722302367,IN,siggen/room2/temp,13
1619722302369,OUT,mavg/room2/temp,13
1619722302369,IN,siggen/room1/temp,13
1619722302369,IN,siggen/room1/temp,13
1619722302417,OUT,mavg/room1/temp,13
1619722302417,IN,siggen/room2/rhum,13
1619722302418,IN,siggen/room2/rhum,13
1619722302419,OUT,mavg/room2/rhum,13
1619722302419,IN,siggen/room1/rhum,13
1619722302419,IN,siggen/room1/rhum,13
1619722302421,OUT,mavg/room1/rhum,13
1619722303369,IN,siggen/room1/temp,14
1619722303369,IN,siggen/room1/temp,14
1619722303413,OUT,mavg/room1/temp,14
1619722303413,IN,siggen/room2/temp,14
1619722303414,IN,siggen/room2/temp,14
1619722303415,OUT,mavg/room2/temp,14
1619722303416,IN,siggen/room2/rhum,14
1619722303416,IN,siggen/room2/rhum,14
1619722303417,OUT,mavg/room2/rhum,14
1619722303418,IN,siggen/room1/rhum,14
1619722303418,IN,siggen/room1/rhum,14
1619722303464,OUT,mavg/room1/rhum,14
1619722304370,IN,siggen/room1/temp,15
1619722304370,IN,siggen/room1/temp,15
1619722304371,OUT,mavg/room1/temp,15
1619722304371,IN,siggen/room2/temp,15
1619722304371,IN,siggen/room2/temp,15
1619722304372,OUT,mavg/room2/temp,15
1619722304372,IN,siggen/room2/rhum,15
1619722304372,IN,siggen/room2/rhum,15
1619722304373,OUT,mavg/room2/rhum,15
1619722304373,IN,siggen/room1/rhum,15
1619722304373,IN,siggen/room1/rhum,15
1619722304373,OUT,mavg/room1/rhum,15
1619722305371,IN,siggen/room1/temp,16
1619722305371,IN,siggen/room1/temp,16
1619722305416,OUT,mavg/room1/temp,16
1619722305417,IN,siggen/room2/temp,16
1619722305417,IN,siggen/room2/temp,16
1619722305460,OUT,mavg/room2/temp,16
1619722305460,IN,siggen/room2/rhum,16
1619722305460,IN,siggen/room2/rhum,16
1619722305461,OUT,mavg/room2/rhum,16
1619722305461,IN,siggen/room1/rhum,16
1619722305461,IN,siggen/room1/rhum,16
1619722305462,OUT,mavg/room1/rhum,16
1619722306373,IN,siggen/room1/temp,17
1619722306373,IN,siggen/room1/temp,17
1619722306374,OUT,mavg/room1/temp,17
1619722306375,IN,siggen/room2/temp,17
1619722306375,IN,siggen/room2/temp,17
1619722306377,OUT,mavg/room2/temp,17
1619722306377,IN,siggen/room2/rhum,17
1619722306377,IN,siggen/room2/rhum,17
1619722306379,OUT,mavg/room2/rhum,17
1619722306379,IN,siggen/room1/rhum,17
1619722306379,IN,siggen/room1/rhum,17
1619722306381,OUT,mavg/room1/rhum,17
1619722307375,IN,siggen/room1/temp,18
1619722307375,IN,siggen/room1/temp,18
1619722307420,OUT,mavg/room1/temp,18
1619722307420,IN,siggen/room2/temp,18
1619722307420,IN,siggen/room2/temp,18
1619722307421,OUT,mavg/room2/temp,18
1619722307421,IN,siggen/room2/rhum,18
1619722307421,IN,siggen/room2/rhum,18
1619722307422,OUT,mavg/room2/rhum,18
1619722307422,IN,siggen/room1/rhum,18
1619722307422,IN,siggen/room1/rhum,18
1619722307423,OUT,mavg/room1/rhum,18
1619722308376,IN,siggen/room1/temp,19
1619722308376,IN,siggen/room1/temp,19
1619722308376,OUT,mavg/room1/temp,19
1619722308376,IN,siggen/room2/temp,19
1619722308376,IN,siggen/room2/temp,19
1619722308377,OUT,mavg/room2/temp,19
1619722308378,IN,siggen/room2/rhum,19
1619722308378,IN,siggen/room2/rhum,19
1619722308378,OUT,mavg/room2/rhum,19
1619722308378,IN,siggen/room1/rhum,19
1619722308378,IN,siggen/room1/rhum,19
1619722308379,OUT,mavg/room1/rhum,19
1619722309376,IN,siggen/room1/temp,20
1619722309376,IN,siggen/room1/temp,20
1619722309377,OUT,mavg/room1/temp,20
1619722309377,IN,siggen/room1/rhum,20
1619722309377,IN,siggen/room1/rhum,20
1619722309377,OUT,mavg/room1/rhum,20
1619722309377,IN,siggen/room2/temp,20
1619722309378,IN,siggen/room2/temp,20
1619722309378,OUT,mavg/room2/temp,20
1619722309378,IN,siggen/room2/rhum,20
1619722309378,IN,siggen/room2/rhum,20
1619722309378,OUT,mavg/room2/rhum,20
1619722310377,IN,siggen/room1/temp,21
1619722310377,IN,siggen/room1/temp,21
1619722310420,OUT,mavg/room1/temp,21
1619722310420,IN,siggen/room2/temp,21
1619722310420,IN,siggen/room2/temp,21
1619722310421,OUT,mavg/room2/temp,21
1619722310421,IN,siggen/room2/rhum,21
1619722310421,IN,siggen/room2/rhum,21
1619722310422,OUT,mavg/room2/rhum,21
1619722310422,IN,siggen/room1/rhum,21
1619722310422,IN,siggen/room1/rhum,21
1619722310423,OUT,mavg/room1/rhum,21
1619722311378,IN,siggen/room1/temp,22
1619722311378,IN,siggen/room1/temp,22
1619722311378,OUT,mavg/room1/temp,22
1619722311379,IN,siggen/room2/temp,22
1619722311379,IN,siggen/room2/temp,22
1619722311379,OUT,mavg/room2/temp,22
1619722311379,IN,siggen/room2/rhum,22
1619722311379,IN,siggen/room2/rhum,22
1619722311380,OUT,mavg/room2/rhum,22
1619722311380,IN,siggen/room1/rhum,22
1619722311380,IN,siggen/room1/rhum,22
1619722311380,OUT,mavg/room1/rhum,22
1619722312379,IN,siggen/room1/temp,23
1619722312379,IN,siggen/room1/temp,23
1619722312420,OUT,mavg/room1/temp,23
1619722312420,IN,siggen/room2/rhum,23
1619722312420,IN,siggen/room2/rhum,23
1619722312421,OUT,mavg/room2/rhum,23
1619722312421,IN,siggen/room2/temp,23
1619722312421,IN,siggen/room2/temp,23
1619722312422,OUT,mavg/room2/temp,23
1619722312422,IN,siggen/room1/rhum,23
1619722312422,IN,siggen/room1/rhum,23
1619722312423,OUT,mavg/room1/rhum,23
1619722313380,IN,siggen/room1/temp,24
1619722313380,IN,siggen/room1/temp,24
1619722313380,OUT,mavg/room1/temp,24
1619722313380,IN,siggen/room2/temp,24
1619722313380,IN,siggen/room2/temp,24
1619722313424,OUT,mavg/room2/temp,24
1619722313424,IN,siggen/room2/rhum,24
1619722313424,IN,siggen/room2/rhum,24
1619722313425,OUT,mavg/room2/rhum,24
1619722313425,IN,siggen/room1/rhum,24
1619722313425,IN,siggen/room1/rhum,24
1619722313426,OUT,mavg/room1/rhum,24
1619722314382,IN,siggen/room2/temp,25
1619722314382,IN,siggen/room2/temp,25
1619722314424,OUT,mavg/room2/temp,25
1619722314424,IN,siggen/room2/rhum,25
1619722314424,IN,siggen/room2/rhum,25
1619722314425,OUT,mavg/room2/rhum,25
1619722314425,IN,siggen/room1/temp,25
1619722314425,IN,siggen/room1/temp,25
1619722314426,OUT,mavg/room1/temp,25
1619722314426,IN,siggen/room1/rhum,25
1619722314427,IN,siggen/room1/rhum,25
1619722314427,OUT,mavg/room1/rhum,25
1619722315382,IN,siggen/room2/temp,26
1619722315382,IN,siggen/room2/temp,26
1619722315383,OUT,mavg/room2/temp,26
1619722315383,IN,siggen/room1/temp,26
1619722315383,IN,siggen/room1/temp,26
1619722315384,OUT,mavg/room1/temp,26
1619722315384,IN,siggen/room2/rhum,26
1619722315384,IN,siggen/room2/rhum,26
1619722315384,OUT,mavg/room2/rhum,26
1619722315385,IN,siggen/room1/rhum,26
1619722315385,IN,siggen/room1/rhum,26
1619722315385,OUT,mavg/room1/rhum,26
1619722316384,IN,siggen/room1/temp,27
1619722316384,IN,siggen/room1/temp,27
1619722316432,OUT,mavg/room1/temp,27
1619722316432,IN,siggen/room2/temp,27
1619722316432,IN,siggen/room2/temp,27
1619722316476,OUT,mavg/room2/temp,27
1619722316476,IN,siggen/room2/rhum,27
1619722316476,IN,siggen/room2/rhum,27
1619722316477,OUT,mavg/room2/rhum,27
1619722316477,IN,siggen/room1/rhum,27
1619722316477,IN,siggen/room1/rhum,27
1619722316478,OUT,mavg/room1/rhum,27
1619722317385,IN,siggen/room1/temp,28
1619722317385,IN,siggen/room1/temp,28
1619722317386,OUT,mavg/room1/temp,28
1619722317387,IN,siggen/room2/temp,28
1619722317387,IN,siggen/room2/temp,28
1619722317388,OUT,mavg/room2/temp,28
1619722317388,IN,siggen/room2/rhum,28
1619722317388,IN,siggen/room2/rhum,28
1619722317390,OUT,mavg/room2/rhum,28
1619722317390,IN,siggen/room1/rhum,28
1619722317390,IN,siggen/room1/rhum,28
1619722317391,OUT,mavg/room1/rhum,28
1619722318388,IN,siggen/room2/temp,29
1619722318388,IN,siggen/room2/temp,29
1619722318436,OUT,mavg/room2/temp,29
1619722318436,IN,siggen/room1/temp,29
1619722318436,IN,siggen/room1/temp,29
1619722318437,OUT,mavg/room1/temp,29
1619722318437,IN,siggen/room1/rhum,29
1619722318437,IN,siggen/room1/rhum,29
1619722318438,OUT,mavg/room1/rhum,29
1619722318438,IN,siggen/room2/rhum,29
1619722318438,IN,siggen/room2/rhum,29
1619722318439,OUT,mavg/room2/rhum,29
1619722319388,IN,siggen/room2/temp,30
1619722319388,IN,siggen/room2/temp,30
1619722319390,OUT,mavg/room2/temp,30
1619722319390,IN,siggen/room1/rhum,30
1619722319390,IN,siggen/room1/rhum,30
1619722319432,OUT,mavg/room1/rhum,30
1619722319432,IN,siggen/room1/temp,30
1619722319432,IN,siggen/room1/temp,30
1619722319433,OUT,mavg/room1/temp,30
1619722319433,IN,siggen/room2/rhum,30
1619722319433,IN,siggen/room2/rhum,30
1619722319434,OUT,mavg/room2/rhum,30
1619722320389,IN,siggen/room2/temp,31
1619722320389,IN,siggen/room2/temp,31
1619722320432,OUT,mavg/room2/temp,31
1619722320432,IN,siggen/room1/rhum,31
1619722320432,IN,siggen/room1/rhum,31
1619722320433,OUT,mavg/room1/rhum,31
1619722320433,IN,siggen/room1/temp,31
1619722320433,IN,siggen/room1/temp,31
1619722320434,OUT,mavg/room1/temp,31
1619722320434,IN,siggen/room2/rhum,31
1619722320434,IN,siggen/room2/rhum,31
1619722320435,OUT,mavg/room2/rhum,31
1619722321391,IN,siggen/room2/temp,32
1619722321391,IN,siggen/room2/temp,32
1619722321392,OUT,mavg/room2/temp,32
1619722321393,IN,siggen/room1/temp,32
1619722321393,IN,siggen/room1/temp,32
1619722321394,OUT,mavg/room1/temp,32
1619722321395,IN,siggen/room2/rhum,32
1619722321395,IN,siggen/room2/rhum,32
1619722321396,OUT,mavg/room2/rhum,32
1619722321397,IN,siggen/room1/rhum,32
1619722321397,IN,siggen/room1/rhum,32
1619722321440,OUT,mavg/room1/rhum,32
1619722322392,IN,siggen/room1/temp,33
1619722322392,IN,siggen/room1/temp,33
1619722322436,OUT,mavg/room1/temp,33
1619722322436,IN,siggen/room2/temp,33
1619722322436,IN,siggen/room2/temp,33
1619722322437,OUT,mavg/room2/temp,33
1619722322437,IN,siggen/room2/rhum,33
1619722322437,IN,siggen/room2/rhum,33
1619722322437,OUT,mavg/room2/rhum,33
1619722322438,IN,siggen/room1/rhum,33
1619722322438,IN,siggen/room1/rhum,33
1619722322438,OUT,mavg/room1/rhum,33
1619722323393,IN,siggen/room1/temp,34
1619722323393,IN,siggen/room1/temp,34
1619722323393,OUT,mavg/room1/temp,34
1619722323393,IN,siggen/room2/temp,34
1619722323393,IN,siggen/room2/temp,34
1619722323394,OUT,mavg/room2/temp,34
1619722323394,IN,siggen/room2/rhum,34
1619722323394,IN,siggen/room2/rhum,34
1619722323394,OUT,mavg/room2/rhum,34
1619722323395,IN,siggen/room1/rhum,34
1619722323395,IN,siggen/room1/rhum,34
1619722323395,OUT,mavg/room1/rhum,34
1619722324395,IN,siggen/room1/temp,35
1619722324395,IN,siggen/room1/temp,35
1619722324440,OUT,mavg/room1/temp,35
1619722324440,IN,siggen/room2/temp,35
1619722324440,IN,siggen/room2/temp,35
1619722324441,OUT,mavg/room2/temp,35
1619722324441,IN,siggen/room2/rhum,35
1619722324441,IN,siggen/room2/rhum,35
1619722324442,OUT,mavg/room2/rhum,35
1619722324442,IN,siggen/room1/rhum,35
1619722324442,IN,siggen/room1/rhum,35
1619722324442,OUT,mavg/room1/rhum,35
1619722325395,IN,siggen/room1/temp,36
1619722325395,IN,siggen/room1/temp,36
1619722325396,OUT,mavg/room1/temp,36
1619722325396,IN,siggen/room2/temp,36
1619722325396,IN,siggen/room2/temp,36
1619722325397,OUT,mavg/room2/temp,36
1619722325397,IN,siggen/room2/rhum,36
1619722325397,IN,siggen/room2/rhum,36
1619722325398,OUT,mavg/room2/rhum,36
1619722325398,IN,siggen/room1/rhum,36
1619722325398,IN,siggen/room1/rhum,36
1619722325399,OUT,mavg/room1/rhum,36
1619722326397,IN,siggen/room1/temp,37
1619722326397,IN,siggen/room1/temp,37
1619722326440,OUT,mavg/room1/temp,37
1619722326440,IN,siggen/room2/temp,37
1619722326440,IN,siggen/room2/temp,37
1619722326441,OUT,mavg/room2/temp,37
1619722326441,IN,siggen/room1/rhum,37
1619722326441,IN,siggen/room1/rhum,37
1619722326441,OUT,mavg/room1/rhum,37
1619722326441,IN,siggen/room2/rhum,37
1619722326441,IN,siggen/room2/rhum,37
1619722326442,OUT,mavg/room2/rhum,37
1619722327399,IN,siggen/room1/temp,38
1619722327399,IN,siggen/room1/temp,38
1619722327400,OUT,mavg/room1/temp,38
1619722327401,IN,siggen/room2/temp,38
1619722327401,IN,siggen/room2/temp,38
1619722327448,OUT,mavg/room2/temp,38
1619722327449,IN,siggen/room2/rhum,38
1619722327449,IN,siggen/room2/rhum,38
1619722327450,OUT,mavg/room2/rhum,38
1619722327450,IN,siggen/room1/rhum,38
1619722327450,IN,siggen/room1/rhum,38
1619722327451,OUT,mavg/room1/rhum,38
1619722328400,IN,siggen/room2/temp,39
1619722328400,IN,siggen/room2/temp,39
1619722328448,OUT,mavg/room2/temp,39
1619722328449,IN,siggen/room2/rhum,39
1619722328449,IN,siggen/room2/rhum,39
1619722328450,OUT,mavg/room2/rhum,39
1619722328450,IN,siggen/room1/temp,39
1619722328450,IN,siggen/room1/temp,39
1619722328451,OUT,mavg/room1/temp,39
1619722328452,IN,siggen/room1/rhum,39
1619722328452,IN,siggen/room1/rhum,39
1619722328453,OUT,mavg/room1/rhum,39
1619722329401,IN,siggen/room2/rhum,40
1619722329401,IN,siggen/room2/rhum,40
1619722329402,OUT,mavg/room2/rhum,40
1619722329403,IN,siggen/room1/temp,40
1619722329403,IN,siggen/room1/temp,40
1619722329403,OUT,mavg/room1/temp,40
1619722329404,IN,siggen/room2/temp,40
1619722329404,IN,siggen/room2/temp,40
1619722329404,OUT,mavg/room2/temp,40
1619722329404,IN,siggen/room1/rhum,40
1619722329404,IN,siggen/room1/rhum,40
1619722329405,OUT,mavg/room1/rhum,40
1619722330403,IN,siggen/room1/rhum,41
1619722330403,IN,siggen/room1/rhum,41
1619722330448,OUT,mavg/room1/rhum,41
1619722330448,IN,siggen/room1/temp,41
1619722330448,IN,siggen/room1/temp,41
1619722330449,OUT,mavg/room1/temp,41
1619722330449,IN,siggen/room2/temp,41
1619722330449,IN,siggen/room2/temp,41
1619722330450,OUT,mavg/room2/temp,41
1619722330450,IN,siggen/room2/rhum,41
1619722330450,IN,siggen/room2/rhum,41
1619722330450,OUT,mavg/room2/rhum,41
1619722331405,IN,siggen/room1/rhum,42
1619722331405,IN,siggen/room1/rhum,42
1619722331406,OUT,mavg/room1/rhum,42
1619722331406,IN,siggen/room1/temp,42
1619722331406,IN,siggen/room1/temp,42
1619722331407,OUT,mavg/room1/temp,42
1619722331408,IN,siggen/room2/temp,42
1619722331408,IN,siggen/room2/temp,42
1619722331410,OUT,mavg/room2/temp,42
1619722331410,IN,siggen/room2/rhum,42
1619722331410,IN,siggen/room2/rhum,42
1619722331452,OUT,mavg/room2/rhum,42
1619722332405,IN,siggen/room2/rhum,43
1619722332405,IN,siggen/room2/rhum,43
1619722332452,OUT,mavg/room2/rhum,43
1619722332452,IN,siggen/room1/rhum,43
1619722332452,IN,siggen/room1/rhum,43
1619722332453,OUT,mavg/room1/rhum,43
1619722332454,IN,siggen/room2/temp,43
1619722332454,IN,siggen/room2/temp,43
1619722332455,OUT,mavg/room2/temp,43
1619722332455,IN,siggen/room1/temp,43
1619722332455,IN,siggen/room1/temp,43
1619722332456,OUT,mavg/room1/temp,43
1619722333406,IN,siggen/room2/temp,44
1619722333406,IN,siggen/room2/temp,44
1619722333407,OUT,mavg/room2/temp,44
1619722333407,IN,siggen/room2/rhum,44
1619722333407,IN,siggen/room2/rhum,44
1619722333407,OUT,mavg/room2/rhum,44
1619722333407,IN,siggen/room1/rhum,44
1619722333407,IN,siggen/room1/rhum,44
1619722333408,OUT,mavg/room1/rhum,44
1619722333408,IN,siggen/room1/temp,44
1619722333408,IN,siggen/room1/temp,44
1619722333408,OUT,mavg/room1/temp,44
1619722334408,IN,siggen/room1/temp,45
1619722334408,IN,siggen/room1/temp,45
1619722334457,OUT,mavg/room1/temp,45
1619722334457,IN,siggen/room2/temp,45
1619722334457,IN,siggen/room2/temp,45
1619722334501,OUT,mavg/room2/temp,45
1619722334501,IN,siggen/room2/rhum,45
1619722334501,IN,siggen/room2/rhum,45
1619722334502,OUT,mavg/room2/rhum,45
1619722334503,IN,siggen/room1/rhum,45
1619722334503,IN,siggen/room1/rhum,45
1619722334504,OUT,mavg/room1/rhum,45
1619722335409,IN,siggen/room1/temp,46
1619722335409,IN,siggen/room1/temp,46
1619722335409,OUT,mavg/room1/temp,46
1619722335409,IN,siggen/room2/rhum,46
1619722335409,IN,siggen/room2/rhum,46
1619722335410,OUT,mavg/room2/rhum,46
1619722335410,IN,siggen/room1/rhum,46
1619722335410,IN,siggen/room1/rhum,46
1619722335410,OUT,mavg/room1/rhum,46
1619722335410,IN,siggen/room2/temp,46
1619722335410,IN,siggen/room2/temp,46
1619722335411,OUT,mavg/room2/temp,46
1619722336411,IN,siggen/room1/temp,47
1619722336411,IN,siggen/room1/temp,47
1619722336452,OUT,mavg/room1/temp,47
1619722336452,IN,siggen/room2/temp,47
1619722336452,IN,siggen/room2/temp,47
1619722336453,OUT,mavg/room2/temp,47
1619722336453,IN,siggen/room2/rhum,47
1619722336453,IN,siggen/room2/rhum,47
1619722336454,OUT,mavg/room2/rhum,47
1619722336454,IN,siggen/room1/rhum,47
1619722336454,IN,siggen/room1/rhum,47
1619722336455,OUT,mavg/room1/rhum,47
1619722337411,IN,siggen/room1/temp,48
1619722337411,IN,siggen/room1/temp,48
1619722337411,OUT,mavg/room1/temp,48
1619722337411,IN,siggen/room2/rhum,48
1619722337411,IN,siggen/room2/rhum,48
1619722337412,OUT,mavg/room2/rhum,48
1619722337412,IN,siggen/room1/rhum,48
1619722337412,IN,siggen/room1/rhum,48
1619722337456,OUT,mavg/room1/rhum,48
1619722337457,IN,siggen/room2/temp,48
1619722337457,IN,siggen/room2/temp,48
1619722337457,OUT,mavg/room2/temp,48
1619722338413,IN,siggen/room1/temp,49
1619722338413,IN,siggen/room1/temp,49
1619722338457,OUT,mavg/room1/temp,49
1619722338457,IN,siggen/room2/rhum,49
1619722338457,IN,siggen/room2/rhum,49
1619722338458,OUT,mavg/room2/rhum,49
1619722338459,IN,siggen/room2/temp,49
1619722338459,IN,siggen/room2/temp,49
1619722338460,OUT,mavg/room2/temp,49
1619722338461,IN,siggen/room1/rhum,49
1619722338461,IN,siggen/room1/rhum,49
1619722338462,OUT,mavg/room1/rhum,49
1619722339413,IN,siggen/room1/temp,50
1619722339413,IN,siggen/room1/temp,50
1619722339414,OUT,mavg/room1/temp,50
1619722339414,IN,siggen/room2/rhum,50
1619722339414,IN,siggen/room2/rhum,50
1619722339414,OUT,mavg/room2/rhum,50
1619722339414,IN,siggen/room1/rhum,50
1619722339414,IN,siggen/room1/rhum,50
1619722339415,OUT,mavg/room1/rhum,50
1619722339415,IN,siggen/room2/temp,50
1619722339415,IN,siggen/room2/temp,50
1619722339415,OUT,mavg/room2/temp,50
1619722340415,IN,siggen/room1/temp,51
1619722340415,IN,siggen/room1/temp,51
1619722340456,OUT,mavg/room1/temp,51
1619722340457,IN,siggen/room2/rhum,51
1619722340457,IN,siggen/room2/rhum,51
1619722340458,OUT,mavg/room2/rhum,51
1619722340458,IN,siggen/room1/rhum,51
1619722340458,IN,siggen/room1/rhum,51
1619722340459,OUT,mavg/room1/rhum,51
1619722340459,IN,siggen/room2/temp,51
1619722340459,IN,siggen/room2/temp,51
1619722340460,OUT,mavg/room2/temp,51
1619722341415,IN,siggen/room1/rhum,52
1619722341415,IN,siggen/room1/rhum,52
1619722341416,OUT,mavg/room1/rhum,52
1619722341416,IN,siggen/room1/temp,52
1619722341416,IN,siggen/room1/temp,52
1619722341416,OUT,mavg/room1/temp,52
1619722341416,IN,siggen/room2/temp,52
1619722341416,IN,siggen/room2/temp,52
1619722341417,OUT,mavg/room2/temp,52
1619722341417,IN,siggen/room2/rhum,52
1619722341417,IN,siggen/room2/rhum,52
1619722341417,OUT,mavg/room2/rhum,52
1619722342416,IN,siggen/room1/temp,53
1619722342416,IN,siggen/room1/temp,53
1619722342461,OUT,mavg/room1/temp,53
1619722342461,IN,siggen/room2/temp,53
1619722342461,IN,siggen/room2/temp,53
1619722342462,OUT,mavg/room2/temp,53
1619722342463,IN,siggen/room2/rhum,53
1619722342463,IN,siggen/room2/rhum,53
1619722342464,OUT,mavg/room2/rhum,53
1619722342464,IN,siggen/room1/rhum,53
1619722342464,IN,siggen/room1/rhum,53
1619722342465,OUT,mavg/room1/rhum,53
1619722343417,IN,siggen/room1/temp,54
1619722343417,IN,siggen/room1/temp,54
1619722343460,OUT,mavg/room1/temp,54
1619722343460,IN,siggen/room2/temp,54
1619722343460,IN,siggen/room2/temp,54
1619722343461,OUT,mavg/room2/temp,54
1619722343461,IN,siggen/room2/rhum,54
1619722343461,IN,siggen/room2/rhum,54
1619722343462,OUT,mavg/room2/rhum,54
1619722343463,IN,siggen/room1/rhum,54
1619722343463,IN,siggen/room1/rhum,54
1619722343463,OUT,mavg/room1/rhum,54
1619722344418,IN,siggen/room1/temp,55
1619722344418,IN,siggen/room1/temp,55
1619722344418,OUT,mavg/room1/temp,55
1619722344418,IN,siggen/room2/rhum,55
1619722344418,IN,siggen/room2/rhum,55
1619722344419,OUT,mavg/room2/rhum,55
1619722344419,IN,siggen/room1/rhum,55
1619722344419,IN,siggen/room1/rhum,55
1619722344419,OUT,mavg/room1/rhum,55
1619722344419,IN,siggen/room2/temp,55
1619722344419,IN,siggen/room2/temp,55
1619722344420,OUT,mavg/room2/temp,55
1619722345418,IN,siggen/room1/temp,56
1619722345418,IN,siggen/room1/temp,56
1619722345460,OUT,mavg/room1/temp,56
1619722345461,IN,siggen/room2/temp,56
1619722345461,IN,siggen/room2/temp,56
1619722345462,OUT,mavg/room2/temp,56
1619722345463,IN,siggen/room2/rhum,56
1619722345463,IN,siggen/room2/rhum,56
1619722345463,OUT,mavg/room2/rhum,56
1619722345464,IN,siggen/room1/rhum,56
1619722345464,IN,siggen/room1/rhum,56
1619722345465,OUT,mavg/room1/rhum,56
1619722346419,IN,siggen/room1/temp,57
1619722346419,IN,siggen/room1/temp,57
1619722346420,OUT,mavg/room1/temp,57
1619722346420,IN,siggen/room2/temp,57
1619722346420,IN,siggen/room2/temp,57
1619722346420,OUT,mavg/room2/temp,57
1619722346420,IN,siggen/room2/rhum,57
1619722346420,IN,siggen/room2/rhum,57
1619722346421,OUT,mavg/room2/rhum,57
1619722346421,IN,siggen/room1/rhum,57
1619722346421,IN,siggen/room1/rhum,57
1619722346421,OUT,mavg/room1/rhum,57
1619722347421,IN,siggen/room2/temp,58
1619722347421,IN,siggen/room2/temp,58
1619722347464,OUT,mavg/room2/temp,58
1619722347464,IN,siggen/room1/temp,58
1619722347464,IN,siggen/room1/temp,58
1619722347465,OUT,mavg/room1/temp,58
1619722347465,IN,siggen/room1/rhum,58
1619722347465,IN,siggen/room1/rhum,58
1619722347466,OUT,mavg/room1/rhum,58
1619722347466,IN,siggen/room2/rhum,58
1619722347466,IN,siggen/room2/rhum,58
1619722347466,OUT,mavg/room2/rhum,58
1619722348422,IN,siggen/room2/temp,59
1619722348422,IN,siggen/room2/temp,59
1619722348422,OUT,mavg/room2/temp,59
1619722348422,IN,siggen/room1/rhum,59
1619722348422,IN,siggen/room1/rhum,59
1619722348423,OUT,mavg/room1/rhum,59
1619722348424,IN,siggen/room2/rhum,59
1619722348424,IN,siggen/room2/rhum,59
1619722348424,OUT,mavg/room2/rhum,59
1619722348424,IN,siggen/room1/temp,59
1619722348424,IN,siggen/room1/temp,59
1619722348472,OUT,mavg/room1/temp,59
1619722349423,IN,siggen/room1/temp,60
1619722349423,IN,siggen/room1/temp,60
1619722349464,OUT,mavg/room1/temp,60
1619722349464,IN,siggen/room2/temp,60
1619722349464,IN,siggen/room2/temp,60
1619722349465,OUT,mavg/room2/temp,60
1619722349465,IN,siggen/room2/rhum,60
1619722349465,IN,siggen/room2/rhum,60
1619722349465,OUT,mavg/room2/rhum,60
1619722349466,IN,siggen/room1/rhum,60
1619722349466,IN,siggen/room1/rhum,60
1619722349466,OUT,mavg/room1/rhum,60
1619722350424,IN,siggen/room2/temp,61
1619722350424,IN,siggen/room2/temp,61
1619722350468,OUT,mavg/room2/temp,61
1619722350469,IN,siggen/room2/rhum,61
1619722350469,IN,siggen/room2/rhum,61
1619722350470,OUT,mavg/room2/rhum,61
1619722350470,IN,siggen/room1/temp,61
1619722350470,IN,siggen/room1/temp,61
1619722350471,OUT,mavg/room1/temp,61
1619722350472,IN,siggen/room1/rhum,61
1619722350472,IN,siggen/room1/rhum,61
1619722350473,OUT,mavg/room1/rhum,61
1619722351425,IN,siggen/room1/temp,62
1619722351425,IN,siggen/room1/temp,62
1619722351426,OUT,mavg/room1/temp,62
1619722351426,IN,siggen/room2/temp,62
1619722351426,IN,siggen/room2/temp,62
1619722351427,OUT,mavg/room2/temp,62
1619722351428,IN,siggen/room2/rhum,62
1619722351428,IN,siggen/room2/rhum,62
1619722351428,OUT,mavg/room2/rhum,62
1619722351429,IN,siggen/room1/rhum,62
1619722351429,IN,siggen/room1/rhum,62
1619722351472,OUT,mavg/room1/rhum,62
1619722352427,IN,siggen/room1/temp,63
1619722352427,IN,siggen/room1/temp,63
1619722352468,OUT,mavg/room1/temp,63
1619722352468,IN,siggen/room1/rhum,63
1619722352468,IN,siggen/room1/rhum,63
1619722352469,OUT,mavg/room1/rhum,63
1619722352470,IN,siggen/room2/temp,63
1619722352470,IN,siggen/room2/temp,63
1619722352470,OUT,mavg/room2/temp,63
1619722352471,IN,siggen/room2/rhum,63
1619722352471,IN,siggen/room2/rhum,63
1619722352472,OUT,mavg/room2/rhum,63
1619722353429,IN,siggen/room2/rhum,64
1619722353429,IN,siggen/room2/rhum,64
1619722353430,OUT,mavg/room2/rhum,64
1619722353431,IN,siggen/room1/rhum,64
1619722353431,IN,siggen/room1/rhum,64
1619722353431,OUT,mavg/room1/rhum,64
1619722353432,IN,siggen/room1/temp,64
1619722353432,IN,siggen/room1/temp,64
1619722353433,OUT,mavg/room1/temp,64
1619722353433,IN,siggen/room2/temp,64
1619722353433,IN,siggen/room2/temp,64
1619722353434,OUT,mavg/room2/temp,64
1619722354430,IN,siggen/room1/temp,65
1619722354430,IN,siggen/room1/temp,65
1619722354431,OUT,mavg/room1/temp,65
1619722354431,IN,siggen/room2/rhum,65
1619722354431,IN,siggen/room2/rhum,65
1619722354432,OUT,mavg/room2/rhum,65
1619722354432,IN,siggen/room2/temp,65
1619722354432,IN,siggen/room2/temp,65
1619722354433,OUT,mavg/room2/temp,65
1619722354433,IN,siggen/room1/rhum,65
1619722354433,IN,siggen/room1/rhum,65
1619722354476,OUT,mavg/room1/rhum,65
1619722355430,IN,siggen/room1/temp,66
1619722355430,IN,siggen/room1/temp,66
1619722355476,OUT,mavg/room1/temp,66
1619722355477,IN,siggen/room2/temp,66
1619722355477,IN,siggen/room2/temp,66
1619722355477,OUT,mavg/room2/temp,66
1619722355478,IN,siggen/room1/rhum,66
1619722355478,IN,siggen/room1/rhum,66
1619722355478,OUT,mavg/room1/rhum,66
1619722355479,IN,siggen/room2/rhum,66
1619722355479,IN,siggen/room2/rhum,66
1619722355479,OUT,mavg/room2/rhum,66
1619722356432,IN,siggen/room1/temp,67
1619722356432,IN,siggen/room1/temp,67
1619722356433,OUT,mavg/room1/temp,67
1619722356433,IN,siggen/room2/rhum,67
1619722356433,IN,siggen/room2/rhum,67
1619722356434,OUT,mavg/room2/rhum,67
1619722356434,IN,siggen/room2/temp,67
1619722356434,IN,siggen/room2/temp,67
1619722356435,OUT,mavg/room2/temp,67
1619722356435,IN,siggen/room1/rhum,67
1619722356435,IN,siggen/room1/rhum,67
1619722356436,OUT,mavg/room1/rhum,67
1619722357433,IN,siggen/room1/temp,68
1619722357433,IN,siggen/room1/temp,68
1619722357480,OUT,mavg/room1/temp,68
1619722357481,IN,siggen/room1/rhum,68
1619722357481,IN,siggen/room1/rhum,68
1619722357482,OUT,mavg/room1/rhum,68
1619722357482,IN,siggen/room2/rhum,68
1619722357482,IN,siggen/room2/rhum,68
1619722357484,OUT,mavg/room2/rhum,68
1619722357484,IN,siggen/room2/temp,68
1619722357484,IN,siggen/room2/temp,68
1619722357485,OUT,mavg/room2/temp,68
1619722358434,IN,siggen/room2/rhum,69
1619722358434,IN,siggen/room2/rhum,69
1619722358434,OUT,mavg/room2/rhum,69
1619722358434,IN,siggen/room1/temp,69
1619722358434,IN,siggen/room1/temp,69
1619722358435,OUT,mavg/room1/temp,69
1619722358435,IN,siggen/room2/temp,69
1619722358435,IN,siggen/room2/temp,69
1619722358436,OUT,mavg/room2/temp,69
1619722358436,IN,siggen/room1/rhum,69
1619722358436,IN,siggen/room1/rhum,69
1619722358437,OUT,mavg/room1/rhum,69
1619722359436,IN,siggen/room1/temp,70
1619722359436,IN,siggen/room1/temp,70
1619722359480,OUT,mavg/room1/temp,70
1619722359481,IN,siggen/room2/rhum,70
1619722359481,IN,siggen/room2/rhum,70
1619722359482,OUT,mavg/room2/rhum,70
1619722359482,IN,siggen/room2/temp,70
1619722359482,IN,siggen/room2/temp,70
1619722359483,OUT,mavg/room2/temp,70
1619722359484,IN,siggen/room1/rhum,70
1619722359484,IN,siggen/room1/rhum,70
1619722359485,OUT,mavg/room1/rhum,70
1619722360436,IN,siggen/room1/temp,71
1619722360436,IN,siggen/room1/temp,71
1619722360436,OUT,mavg/room1/temp,71
1619722360436,IN,siggen/room1/rhum,71
1619722360436,IN,siggen/room1/rhum,71
1619722360437,OUT,mavg/room1/rhum,71
1619722360437,IN,siggen/room2/rhum,71
1619722360437,IN,siggen/room2/rhum,71
1619722360437,OUT,mavg/room2/rhum,71
1619722360437,IN,siggen/room2/temp,71
1619722360437,IN,siggen/room2/temp,71
1619722360438,OUT,mavg/room2/temp,71
1619722361436,IN,siggen/room2/temp,72
1619722361436,IN,siggen/room2/temp,72
1619722361480,OUT,mavg/room2/temp,72
1619722361481,IN,siggen/room2/rhum,72
1619722361481,IN,siggen/room2/rhum,72
1619722361482,OUT,mavg/room2/rhum,72
1619722361482,IN,siggen/room1/rhum,72
1619722361482,IN,siggen/room1/rhum,72
1619722361483,OUT,mavg/room1/rhum,72
1619722361484,IN,siggen/room1/temp,72
1619722361484,IN,siggen/room1/temp,72
1619722361484,OUT,mavg/room1/temp,72
1619722362437,IN,siggen/room1/temp,73
1619722362437,IN,siggen/room1/temp,73
1619722362438,OUT,mavg/room1/temp,73
1619722362438,IN,siggen/room2/temp,73
1619722362438,IN,siggen/room2/temp,73
1619722362439,OUT,mavg/room2/temp,73
1619722362439,IN,siggen/room2/rhum,73
1619722362439,IN,siggen/room2/rhum,73
1619722362439,OUT,mavg/room2/rhum,73
1619722362439,IN,siggen/room1/rhum,73
1619722362439,IN,siggen/room1/rhum,73
1619722362440,OUT,mavg/room1/rhum,73
1619722363438,IN,siggen/room2/rhum,74
1619722363438,IN,siggen/room2/rhum,74
1619722363484,OUT,mavg/room2/rhum,74
1619722363485,IN,siggen/room1/temp,74
1619722363485,IN,siggen/room1/temp,74
1619722363486,OUT,mavg/room1/temp,74
1619722363486,IN,siggen/room1/rhum,74
1619722363486,IN,siggen/room1/rhum,74
1619722363487,OUT,mavg/room1/rhum,74
1619722363488,IN,siggen/room2/temp,74
1619722363488,IN,siggen/room2/temp,74
1619722363489,OUT,mavg/room2/temp,74
1619722364440,IN,siggen/room1/temp,75
1619722364440,IN,siggen/room1/temp,75
1619722364441,OUT,mavg/room1/temp,75
1619722364441,IN,siggen/room2/rhum,75
1619722364441,IN,siggen/room2/rhum,75
1619722364442,OUT,mavg/room2/rhum,75
1619722364443,IN,siggen/room1/rhum,75
1619722364443,IN,siggen/room1/rhum,75
1619722364444,OUT,mavg/room1/rhum,75
1619722364444,IN,siggen/room2/temp,75
1619722364444,IN,siggen/room2/temp,75
1619722364445,OUT,mavg/room2/temp,75
1619722365441,IN,siggen/room1/temp,76
1619722365441,IN,siggen/room1/temp,76
1619722365485,OUT,mavg/room1/temp,76
1619722365485,IN,siggen/room2/temp,76
1619722365485,IN,siggen/room2/temp,76
1619722365486,OUT,mavg/room2/temp,76
1619722365486,IN,siggen/room1/rhum,76
1619722365486,IN,siggen/room1/rhum,76
1619722365487,OUT,mavg/room1/rhum,76
1619722365487,IN,siggen/room2/rhum,76
1619722365487,IN,siggen/room2/rhum,76
1619722365487,OUT,mavg/room2/rhum,76
1619722366441,IN,siggen/room1/temp,77
1619722366441,IN,siggen/room1/temp,77
1619722366441,OUT,mavg/room1/temp,77
1619722366442,IN,siggen/room1/rhum,77
1619722366442,IN,siggen/room1/rhum,77
1619722366442,OUT,mavg/room1/rhum,77
1619722366442,IN,siggen/room2/temp,77
1619722366442,IN,siggen/room2/temp,77
1619722366442,OUT,mavg/room2/temp,77
1619722366443,IN,siggen/room2/rhum,77
1619722366443,IN,siggen/room2/rhum,77
1619722366443,OUT,mavg/room2/rhum,77
1619722367442,IN,siggen/room1/temp,78
1619722367442,IN,siggen/room1/temp,78
1619722367484,OUT,mavg/room1/temp,78
1619722367485,IN,siggen/room1/rhum,78
1619722367485,IN,siggen/room1/rhum,78
1619722367486,OUT,mavg/room1/rhum,78
1619722367486,IN,siggen/room2/rhum,78
1619722367486,IN,siggen/room2/rhum,78
1619722367487,OUT,mavg/room2/rhum,78
1619722367487,IN,siggen/room2/temp,78
1619722367487,IN,siggen/room2/temp,78
1619722367489,OUT,mavg/room2/temp,78
1619722368443,IN,siggen/room1/temp,79
1619722368443,IN,siggen/room1/temp,79
1619722368443,OUT,mavg/room1/temp,79
1619722368443,IN,siggen/room2/temp,79
1619722368443,IN,siggen/room2/temp,79
1619722368443,OUT,mavg/room2/temp,79
1619722368444,IN,siggen/room2/rhum,79
1619722368444,IN,siggen/room2/rhum,79
1619722368444,OUT,mavg/room2/rhum,79
1619722368444,IN,siggen/room1/rhum,79
1619722368444,IN,siggen/room1/rhum,79
1619722368444,OUT,mavg/room1/rhum,79
1619722369443,IN,siggen/room1/temp,80
1619722369443,IN,siggen/room1/temp,80
1619722369488,OUT,mavg/room1/temp,80
1619722369488,IN,siggen/room2/temp,80
1619722369488,IN,siggen/room2/temp,80
1619722369489,OUT,mavg/room2/temp,80
1619722369489,IN,siggen/room2/rhum,80
1619722369489,IN,siggen/room2/rhum,80
1619722369489,OUT,mavg/room2/rhum,80
1619722369489,IN,siggen/room1/rhum,80
1619722369489,IN,siggen/room1/rhum,80
1619722369490,OUT,mavg/room1/rhum,80
1619722370444,IN,siggen/room1/temp,81
1619722370444,IN,siggen/room1/temp,81
1619722370445,OUT,mavg/room1/temp,81
1619722370445,IN,siggen/room2/temp,81
1619722370445,IN,siggen/room2/temp,81
1619722370445,OUT,mavg/room2/temp,81
1619722370445,IN,siggen/room2/rhum,81
1619722370445,IN,siggen/room2/rhum,81
1619722370445,OUT,mavg/room2/rhum,81
1619722370446,IN,siggen/room1/rhum,81
1619722370446,IN,siggen/room1/rhum,81
1619722370446,OUT,mavg/room1/rhum,81
1619722371445,IN,siggen/room1/temp,82
1619722371445,IN,siggen/room1/temp,82
1619722371492,OUT,mavg/room1/temp,82
1619722371492,IN,siggen/room2/temp,82
1619722371492,IN,siggen/room2/temp,82
1619722371493,OUT,mavg/room2/temp,82
1619722371493,IN,siggen/room2/rhum,82
1619722371493,IN,siggen/room2/rhum,82
1619722371493,OUT,mavg/room2/rhum,82
1619722371493,IN,siggen/room1/rhum,82
1619722371493,IN,siggen/room1/rhum,82
1619722371494,OUT,mavg/room1/rhum,82
1619722372447,IN,siggen/room1/temp,83
1619722372447,IN,siggen/room1/temp,83
1619722372449,OUT,mavg/room1/temp,83
1619722372449,IN,siggen/room2/rhum,83
1619722372449,IN,siggen/room2/rhum,83
1619722372492,OUT,mavg/room2/rhum,83
1619722372492,IN,siggen/room2/temp,83
1619722372492,IN,siggen/room2/temp,83
1619722372493,OUT,mavg/room2/temp,83
1619722372493,IN,siggen/room1/rhum,83
1619722372493,IN,siggen/room1/rhum,83
1619722372493,OUT,mavg/room1/rhum,83
1619722373448,IN,siggen/room2/rhum,84
1619722373448,IN,siggen/room2/rhum,84
1619722373449,OUT,mavg/room2/rhum,84
1619722373449,IN,siggen/room2/temp,84
1619722373449,IN,siggen/room2/temp,84
1619722373450,OUT,mavg/room2/temp,84
1619722373450,IN,siggen/room1/temp,84
1619722373450,IN,siggen/room1/temp,84
1619722373450,OUT,mavg/room1/temp,84
1619722373451,IN,siggen/room1/rhum,84
1619722373451,IN,siggen/room1/rhum,84
1619722373452,OUT,mavg/room1/rhum,84
1619722374449,IN,siggen/room1/temp,85
1619722374450,IN,siggen/room1/temp,85
1619722374492,OUT,mavg/room1/temp,85
1619722374492,IN,siggen/room2/rhum,85
1619722374492,IN,siggen/room2/rhum,85
1619722374493,OUT,mavg/room2/rhum,85
1619722374493,IN,siggen/room2/temp,85
1619722374493,IN,siggen/room2/temp,85
1619722374493,OUT,mavg/room2/temp,85
1619722374493,IN,siggen/room1/rhum,85
1619722374493,IN,siggen/room1/rhum,85
1619722374493,OUT,mavg/room1/rhum,85
1619722375450,IN,siggen/room1/temp,86
1619722375450,IN,siggen/room1/temp,86
1619722375451,OUT,mavg/room1/temp,86
1619722375451,IN,siggen/room2/temp,86
1619722375451,IN,siggen/room2/temp,86
1619722375451,OUT,mavg/room2/temp,86
1619722375452,IN,siggen/room2/rhum,86
1619722375452,IN,siggen/room2/rhum,86
1619722375452,OUT,mavg/room2/rhum,86
1619722375453,IN,siggen/room1/rhum,86
1619722375453,IN,siggen/room1/rhum,86
1619722375496,OUT,mavg/room1/rhum,86
1619722376451,IN,siggen/room2/temp,87
1619722376451,IN,siggen/room2/temp,87
1619722376492,OUT,mavg/room2/temp,87
1619722376492,IN,siggen/room1/temp,87
1619722376492,IN,siggen/room1/temp,87
1619722376492,OUT,mavg/room1/temp,87
1619722376493,IN,siggen/room2/rhum,87
1619722376493,IN,siggen/room2/rhum,87
1619722376493,OUT,mavg/room2/rhum,87
1619722376493,IN,siggen/room1/rhum,87
1619722376493,IN,siggen/room1/rhum,87
1619722376493,OUT,mavg/room1/rhum,87
1619722377451,IN,siggen/room1/temp,88
1619722377451,IN,siggen/room1/temp,88
1619722377452,OUT,mavg/room1/temp,88
1619722377452,IN,siggen/room2/temp,88
1619722377452,IN,siggen/room2/temp,88
1619722377452,OUT,mavg/room2/temp,88
1619722377452,IN,siggen/room2/rhum,88
1619722377452,IN,siggen/room2/rhum,88
1619722377453,OUT,mavg/room2/rhum,88
1619722377453,IN,siggen/room1/rhum,88
1619722377453,IN,siggen/room1/rhum,88
1619722377453,OUT,mavg/room1/rhum,88
1619722378453,IN,siggen/room1/temp,89
1619722378453,IN,siggen/room1/temp,89
1619722378453,OUT,mavg/room1/temp,89
1619722378453,IN,siggen/room2/temp,89
1619722378453,IN,siggen/room2/temp,89
1619722378454,OUT,mavg/room2/temp,89
1619722378454,IN,siggen/room2/rhum,89
1619722378454,IN,siggen/room2/rhum,89
1619722378454,OUT,mavg/room2/rhum,89
1619722378454,IN,siggen/room1/rhum,89
1619722378454,IN,siggen/room1/rhum,89
1619722378455,OUT,mavg/room1/rhum,89
1619722379453,IN,siggen/room1/temp,90
1619722379453,IN,siggen/room1/temp,90
1619722379500,OUT,mavg/room1/temp,90
1619722379500,IN,siggen/room2/temp,90
1619722379500,IN,siggen/room2/temp,90
1619722379501,OUT,mavg/room2/temp,90
1619722379501,IN,siggen/room2/rhum,90
1619722379501,IN,siggen/room2/rhum,90
1619722379501,OUT,mavg/room2/rhum,90
1619722379501,IN,siggen/room1/rhum,90
1619722379501,IN,siggen/room1/rhum,90
1619722379501,OUT,mavg/room1/rhum,90
1619722380454,IN,siggen/room2/temp,91
1619722380454,IN,siggen/room2/temp,91
1619722380455,OUT,mavg/room2/temp,91
1619722380455,IN,siggen/room2/rhum,91
1619722380455,IN,siggen/room2/rhum,91
1619722380456,OUT,mavg/room2/rhum,91
1619722380456,IN,siggen/room1/rhum,91
1619722380456,IN,siggen/room1/rhum,91
1619722380456,OUT,mavg/room1/rhum,91
1619722380457,IN,siggen/room1/temp,91
1619722380457,IN,siggen/room1/temp,91
1619722380500,OUT,mavg/room1/temp,91
1619722381455,IN,siggen/room2/temp,92
1619722381455,IN,siggen/room2/temp,92
1619722381496,OUT,mavg/room2/temp,92
1619722381496,IN,siggen/room1/rhum,92
1619722381496,IN,siggen/room1/rhum,92
1619722381497,OUT,mavg/room1/rhum,92
1619722381497,IN,siggen/room1/temp,92
1619722381497,IN,siggen/room1/temp,92
1619722381497,OUT,mavg/room1/temp,92
1619722381497,IN,siggen/room2/rhum,92
1619722381497,IN,siggen/room2/rhum,92
1619722381497,OUT,mavg/room2/rhum,92
1619722382456,IN,siggen/room2/temp,93
1619722382456,IN,siggen/room2/temp,93
1619722382457,OUT,mavg/room2/temp,93
1619722382457,IN,siggen/room1/temp,93
1619722382457,IN,siggen/room1/temp,93
1619722382458,OUT,mavg/room1/temp,93
1619722382458,IN,siggen/room2/rhum,93
1619722382458,IN,siggen/room2/rhum,93
1619722382459,OUT,mavg/room2/rhum,93
1619722382460,IN,siggen/room1/rhum,93
1619722382460,IN,siggen/room1/rhum,93
1619722382460,OUT,mavg/room1/rhum,93
1619722383457,IN,siggen/room1/temp,94
1619722383457,IN,siggen/room1/temp,94
1619722383504,OUT,mavg/room1/temp,94
1619722383504,IN,siggen/room2/rhum,94
1619722383504,IN,siggen/room2/rhum,94
1619722383505,OUT,mavg/room2/rhum,94
1619722383505,IN,siggen/room2/temp,94
1619722383505,IN,siggen/room2/temp,94
1619722383505,OUT,mavg/room2/temp,94
1619722383506,IN,siggen/room1/rhum,94
1619722383506,IN,siggen/room1/rhum,94
1619722383506,OUT,mavg/room1/rhum,94
1619722384458,IN,siggen/room1/temp,95
1619722384458,IN,siggen/room1/temp,95
1619722384459,OUT,mavg/room1/temp,95
1619722384459,IN,siggen/room2/temp,95
1619722384459,IN,siggen/room2/temp,95
1619722384460,OUT,mavg/room2/temp,95
1619722384460,IN,siggen/room2/rhum,95
1619722384460,IN,siggen/room2/rhum,95
1619722384461,OUT,mavg/room2/rhum,95
1619722384461,IN,siggen/room1/rhum,95
1619722384461,IN,siggen/room1/rhum,95
1619722384462,OUT,mavg/room1/rhum,95
1619722385458,IN,siggen/room1/temp,96
1619722385459,IN,siggen/room1/temp,96
1619722385500,OUT,mavg/room1/temp,96
1619722385500,IN,siggen/room2/temp,96
1619722385500,IN,siggen/room2/temp,96
1619722385501,OUT,mavg/room2/temp,96
1619722385501,IN,siggen/room2/rhum,96
1619722385501,IN,siggen/room2/rhum,96
1619722385501,OUT,mavg/room2/rhum,96
1619722385501,IN,siggen/room1/rhum,96
1619722385501,IN,siggen/room1/rhum,96
1619722385501,OUT,mavg/room1/rhum,96
1619722386460,IN,siggen/room1/temp,97
1619722386460,IN,siggen/room1/temp,97
1619722386460,OUT,mavg/room1/temp,97
1619722386461,IN,siggen/room2/temp,97
1619722386461,IN,siggen/room2/temp,97
1619722386461,OUT,mavg/room2/temp,97
1619722386461,IN,siggen/room2/rhum,97
1619722386461,IN,siggen/room2/rhum,97
1619722386462,OUT,mavg/room2/rhum,97
1619722386462,IN,siggen/room1/rhum,97
1619722386462,IN,siggen/room1/rhum,97
1619722386462,OUT,mavg/room1/rhum,97
1619722387461,IN,siggen/room1/temp,98
1619722387461,IN,siggen/room1/temp,98
1619722387504,OUT,mavg/room1/temp,98
1619722387505,IN,siggen/room2/temp,98
1619722387505,IN,siggen/room2/temp,98
1619722387506,OUT,mavg/room2/temp,98
1619722387506,IN,siggen/room2/rhum,98
1619722387506,IN,siggen/room2/rhum,98
1619722387507,OUT,mavg/room2/rhum,98
1619722387508,IN,siggen/room1/rhum,98
1619722387508,IN,siggen/room1/rhum,98
1619722387509,OUT,mavg/room1/rhum,98
1619722388462,IN,siggen/room2/temp,99
1619722388462,IN,siggen/room2/temp,99
1619722388463,OUT,mavg/room2/temp,99
1619722388463,IN,siggen/room1/temp,99
1619722388463,IN,siggen/room1/temp,99
1619722388464,OUT,mavg/room1/temp,99
1619722388464,IN,siggen/room2/rhum,99
1619722388464,IN,siggen/room2/rhum,99
1619722388465,OUT,mavg/room2/rhum,99
1619722388465,IN,siggen/room1/rhum,99
1619722388465,IN,siggen/room1/rhum,99
1619722388466,OUT,mavg/room1/rhum,99
1619722389463,IN,siggen/room1/temp,100
1619722389464,IN,siggen/room1/temp,100
1619722389512,OUT,mavg/room1/temp,100
1619722389512,IN,siggen/room2/temp,100
1619722389512,IN,siggen/room2/temp,100
1619722389513,OUT,mavg/room2/temp,100
1619722389513,IN,siggen/room2/rhum,100
1619722389513,IN,siggen/room2/rhum,100
1619722389514,OUT,mavg/room2/rhum,100
1619722389514,IN,siggen/room1/rhum,100
1619722389514,IN,siggen/room1/rhum,100
1619722389515,OUT,mavg/room1/rhum,100
1619722390464,IN,siggen/room1/temp,101
1619722390464,IN,siggen/room1/temp,101
1619722390465,OUT,mavg/room1/temp,101
1619722390465,IN,siggen/room2/temp,101
1619722390465,IN,siggen/room2/temp,101
1619722390466,OUT,mavg/room2/temp,101
1619722390466,IN,siggen/room2/rhum,101
1619722390466,IN,siggen/room2/rhum,101
1619722390466,OUT,mavg/room2/rhum,101
1619722390466,IN,siggen/room1/rhum,101
1619722390466,IN,siggen/room1/rhum,101
1619722390467,OUT,mavg/room1/rhum,101
1619722391465,IN,siggen/room1/temp,102
1619722391465,IN,siggen/room1/temp,102
1619722391512,OUT,mavg/room1/temp,102
1619722391513,IN,siggen/room2/temp,102
1619722391513,IN,siggen/room2/temp,102
1619722391514,OUT,mavg/room2/temp,102
1619722391514,IN,siggen/room2/rhum,102
1619722391514,IN,siggen/room2/rhum,102
1619722391515,OUT,mavg/room2/rhum,102
1619722391515,IN,siggen/room1/rhum,102
1619722391515,IN,siggen/room1/rhum,102
1619722391516,OUT,mavg/room1/rhum,102
1619722392466,IN,siggen/room1/temp,103
1619722392466,IN,siggen/room1/temp,103
1619722392512,OUT,mavg/room1/temp,103
1619722392512,IN,siggen/room2/temp,103
1619722392512,IN,siggen/room2/temp,103
1619722392512,OUT,mavg/room2/temp,103
1619722392513,IN,siggen/room2/rhum,103
1619722392513,IN,siggen/room2/rhum,103
1619722392513,OUT,mavg/room2/rhum,103
1619722392513,IN,siggen/room1/rhum,103
1619722392513,IN,siggen/room1/rhum,103
1619722392513,OUT,mavg/room1/rhum,103
1619722393467,IN,siggen/room1/temp,104
1619722393467,IN,siggen/room1/temp,104
1619722393467,OUT,mavg/room1/temp,104
1619722393467,IN,siggen/room2/temp,104
1619722393467,IN,siggen/room2/temp,104
1619722393468,OUT,mavg/room2/temp,104
1619722393468,IN,siggen/room2/rhum,104
1619722393468,IN,siggen/room2/rhum,104
1619722393468,OUT,mavg/room2/rhum,104
1619722393468,IN,siggen/room1/rhum,104
1619722393468,IN,siggen/room1/rhum,104
1619722393469,OUT,mavg/room1/rhum,104
1619722394468,IN,siggen/room2/temp,105
1619722394468,IN,siggen/room2/temp,105
1619722394512,OUT,mavg/room2/temp,105
1619722394512,IN,siggen/room1/temp,105
1619722394512,IN,siggen/room1/temp,105
1619722394513,OUT,mavg/room1/temp,105
1619722394513,IN,siggen/room2/rhum,105
1619722394513,IN,siggen/room2/rhum,105
1619722394514,OUT,mavg/room2/rhum,105
1619722394514,IN,siggen/room1/rhum,105
1619722394514,IN,siggen/room1/rhum,105
1619722394514,OUT,mavg/room1/rhum,105
1619722395469,IN,siggen/room1/temp,106
1619722395469,IN,siggen/room1/temp,106
1619722395470,OUT,mavg/room1/temp,106
1619722395470,IN,siggen/room2/temp,106
1619722395470,IN,siggen/room2/temp,106
1619722395470,OUT,mavg/room2/temp,106
1619722395471,IN,siggen/room2/rhum,106
1619722395471,IN,siggen/room2/rhum,106
1619722395471,OUT,mavg/room2/rhum,106
1619722395472,IN,siggen/room1/rhum,106
1619722395472,IN,siggen/room1/rhum,106
1619722395472,OUT,mavg/room1/rhum,106
1619722396469,IN,siggen/room2/temp,107
1619722396469,IN,siggen/room2/temp,107
1619722396512,OUT,mavg/room2/temp,107
1619722396512,IN,siggen/room1/temp,107
1619722396512,IN,siggen/room1/temp,107
1619722396513,OUT,mavg/room1/temp,107
1619722396513,IN,siggen/room2/rhum,107
1619722396513,IN,siggen/room2/rhum,107
1619722396513,OUT,mavg/room2/rhum,107
1619722396513,IN,siggen/room1/rhum,107
1619722396513,IN,siggen/room1/rhum,107
1619722396513,OUT,mavg/room1/rhum,107
1619722397470,IN,siggen/room1/temp,108
1619722397470,IN,siggen/room1/temp,108
1619722397471,OUT,mavg/room1/temp,108
1619722397471,IN,siggen/room2/temp,108
1619722397471,IN,siggen/room2/temp,108
1619722397471,OUT,mavg/room2/temp,108
1619722397472,IN,siggen/room2/rhum,108
1619722397472,IN,siggen/room2/rhum,108
1619722397472,OUT,mavg/room2/rhum,108
1619722397472,IN,siggen/room1/rhum,108
1619722397472,IN,siggen/room1/rhum,108
1619722397473,OUT,mavg/room1/rhum,108
1619722398471,IN,siggen/room1/temp,109
1619722398472,IN,siggen/room1/temp,109
1619722398516,OUT,mavg/room1/temp,109
1619722398517,IN,siggen/room2/rhum,109
1619722398517,IN,siggen/room2/rhum,109
1619722398517,OUT,mavg/room2/rhum,109
1619722398518,IN,siggen/room1/rhum,109
1619722398518,IN,siggen/room1/rhum,109
1619722398518,OUT,mavg/room1/rhum,109
1619722398518,IN,siggen/room2/temp,109
1619722398518,IN,siggen/room2/temp,109
1619722398519,OUT,mavg/room2/temp,109
1619722399472,IN,siggen/room1/rhum,110
1619722399472,IN,siggen/room1/rhum,110
1619722399472,OUT,mavg/room1/rhum,110
1619722399472,IN,siggen/room1/temp,110
1619722399472,IN,siggen/room1/temp,110
1619722399473,OUT,mavg/room1/temp,110
1619722399473,IN,siggen/room2/temp,110
1619722399473,IN,siggen/room2/temp,110
1619722399473,OUT,mavg/room2/temp,110
1619722399473,IN,siggen/room2/rhum,110
1619722399473,IN,siggen/room2/rhum,110
1619722399473,OUT,mavg/room2/rhum,110
1619722400473,IN,siggen/room1/temp,111
1619722400473,IN,siggen/room1/temp,111
1619722400516,OUT,mavg/room1/temp,111
1619722400516,IN,siggen/room2/temp,111
1619722400516,IN,siggen/room2/temp,111
1619722400517,OUT,mavg/room2/temp,111
1619722400517,IN,siggen/room2/rhum,111
1619722400517,IN,siggen/room2/rhum,111
1619722400518,OUT,mavg/room2/rhum,111
1619722400518,IN,siggen/room1/rhum,111
1619722400518,IN,siggen/room1/rhum,111
1619722400519,OUT,mavg/room1/rhum,111
1619722401474,IN,siggen/room1/temp,112
1619722401474,IN,siggen/room1/temp,112
1619722401474,OUT,mavg/room1/temp,112
1619722401475,IN,siggen/room2/temp,112
1619722401475,IN,siggen/room2/temp,112
1619722401475,OUT,mavg/room2/temp,112
1619722401475,IN,siggen/room2/rhum,112
1619722401475,IN,siggen/room2/rhum,112
1619722401476,OUT,mavg/room2/rhum,112
1619722401476,IN,siggen/room1/rhum,112
1619722401476,IN,siggen/room1/rhum,112
1619722401524,OUT,mavg/room1/rhum,112
1619722402474,IN,siggen/room1/temp,113
1619722402474,IN,siggen/room1/temp,113
1619722402520,OUT,mavg/room1/temp,113
1619722402520,IN,siggen/room2/temp,113
1619722402520,IN,siggen/room2/temp,113
1619722402520,OUT,mavg/room2/temp,113
1619722402521,IN,siggen/room2/rhum,113
1619722402521,IN,siggen/room2/rhum,113
1619722402521,OUT,mavg/room2/rhum,113
1619722402521,IN,siggen/room1/rhum,113
1619722402521,IN,siggen/room1/rhum,113
1619722402521,OUT,mavg/room1/rhum,113
1619722403475,IN,siggen/room1/temp,114
1619722403475,IN,siggen/room1/temp,114
1619722403475,OUT,mavg/room1/temp,114
1619722403475,IN,siggen/room2/temp,114
1619722403475,IN,siggen/room2/temp,114
1619722403476,OUT,mavg/room2/temp,114
1619722403476,IN,siggen/room2/rhum,114
1619722403476,IN,siggen/room2/rhum,114
1619722403476,OUT,mavg/room2/rhum,114
1619722403476,IN,siggen/room1/rhum,114
1619722403476,IN,siggen/room1/rhum,114
1619722403477,OUT,mavg/room1/rhum,114
1619722404476,IN,siggen/room1/temp,115
1619722404476,IN,siggen/room1/temp,115
1619722404476,OUT,mavg/room1/temp,115
1619722404477,IN,siggen/room2/temp,115
1619722404477,IN,siggen/room2/temp,115
1619722404520,OUT,mavg/room2/temp,115
1619722404520,IN,siggen/room1/rhum,115
1619722404520,IN,siggen/room1/rhum,115
1619722404521,OUT,mavg/room1/rhum,115
1619722404521,IN,siggen/room2/rhum,115
1619722404521,IN,siggen/room2/rhum,115
1619722404522,OUT,mavg/room2/rhum,115
1619722405477,IN,siggen/room1/temp,116
1619722405477,IN,siggen/room1/temp,116
1619722405520,OUT,mavg/room1/temp,116
1619722405520,IN,siggen/room2/temp,116
1619722405520,IN,siggen/room2/temp,116
1619722405520,OUT,mavg/room2/temp,116
1619722405521,IN,siggen/room2/rhum,116
1619722405521,IN,siggen/room2/rhum,116
1619722405521,OUT,mavg/room2/rhum,116
1619722405521,IN,siggen/room1/rhum,116
1619722405521,IN,siggen/room1/rhum,116
1619722405521,OUT,mavg/room1/rhum,116
1619722406478,IN,siggen/room1/temp,117
1619722406478,IN,siggen/room1/temp,117
1619722406479,OUT,mavg/room1/temp,117
1619722406479,IN,siggen/room2/temp,117
1619722406479,IN,siggen/room2/temp,117
1619722406480,OUT,mavg/room2/temp,117
1619722406480,IN,siggen/room2/rhum,117
1619722406480,IN,siggen/room2/rhum,117
1619722406480,OUT,mavg/room2/rhum,117
1619722406480,IN,siggen/room1/rhum,117
1619722406480,IN,siggen/room1/rhum,117
1619722406480,OUT,mavg/room1/rhum,117
1619722407479,IN,siggen/room1/temp,118
1619722407479,IN,siggen/room1/temp,118
1619722407524,OUT,mavg/room1/temp,118
1619722407524,IN,siggen/room2/temp,118
1619722407524,IN,siggen/room2/temp,118
1619722407524,OUT,mavg/room2/temp,118
1619722407525,IN,siggen/room2/rhum,118
1619722407525,IN,siggen/room2/rhum,118
1619722407525,OUT,mavg/room2/rhum,118
1619722407525,IN,siggen/room1/rhum,118
1619722407525,IN,siggen/room1/rhum,118
1619722407525,OUT,mavg/room1/rhum,118
1619722408479,IN,siggen/room1/temp,119
1619722408480,IN,siggen/room1/temp,119
1619722408480,OUT,mavg/room1/temp,119
1619722408480,IN,siggen/room2/temp,119
1619722408480,IN,siggen/room2/temp,119
1619722408481,OUT,mavg/room2/temp,119
1619722408481,IN,siggen/room2/rhum,119
1619722408481,IN,siggen/room2/rhum,119
1619722408481,OUT,mavg/room2/rhum,119
1619722408481,IN,siggen/room1/rhum,119
1619722408481,IN,siggen/room1/rhum,119
1619722408482,OUT,mavg/room1/rhum,119
1619722409481,IN,siggen/room1/temp,120
1619722409481,IN,siggen/room1/temp,120
1619722409524,OUT,mavg/room1/temp,120
1619722409524,IN,siggen/room2/temp,120
1619722409524,IN,siggen/room2/temp,120
1619722409525,OUT,mavg/room2/temp,120
1619722409525,IN,siggen/room2/rhum,120
1619722409525,IN,siggen/room2/rhum,120
1619722409526,OUT,mavg/room2/rhum,120
1619722409526,IN,siggen/room1/rhum,120
1619722409526,IN,siggen/room1/rhum,120
1619722409526,OUT,mavg/room1/rhum,120
1619722410482,IN,siggen/room2/temp,121
1619722410482,IN,siggen/room2/temp,121
1619722410482,OUT,mavg/room2/temp,121
1619722410482,IN,siggen/room1/temp,121
1619722410482,IN,siggen/room1/temp,121
1619722410483,OUT,mavg/room1/temp,121
1619722410483,IN,siggen/room2/rhum,121
1619722410483,IN,siggen/room2/rhum,121
1619722410483,OUT,mavg/room2/rhum,121
1619722410483,IN,siggen/room1/rhum,121
1619722410483,IN,siggen/room1/rhum,121
1619722410483,OUT,mavg/room1/rhum,121
1619722411482,IN,siggen/room1/temp,122
1619722411482,IN,siggen/room1/temp,122
1619722411528,OUT,mavg/room1/temp,122
1619722411528,IN,siggen/room2/rhum,122
1619722411528,IN,siggen/room2/rhum,122
1619722411529,OUT,mavg/room2/rhum,122
1619722411529,IN,siggen/room1/rhum,122
1619722411529,IN,siggen/room1/rhum,122
1619722411530,OUT,mavg/room1/rhum,122
1619722411530,IN,siggen/room2/temp,122
1619722411530,IN,siggen/room2/temp,122
1619722411531,OUT,mavg/room2/temp,122
1619722412484,IN,siggen/room2/temp,123
1619722412484,IN,siggen/room2/temp,123
1619722412484,OUT,mavg/room2/temp,123
1619722412485,IN,siggen/room2/rhum,123
1619722412485,IN,siggen/room2/rhum,123
1619722412528,OUT,mavg/room2/rhum,123
1619722412529,IN,siggen/room1/temp,123
1619722412529,IN,siggen/room1/temp,123
1619722412530,OUT,mavg/room1/temp,123
1619722412530,IN,siggen/room1/rhum,123
1619722412530,IN,siggen/room1/rhum,123
1619722412531,OUT,mavg/room1/rhum,123
1619722413485,IN,siggen/room2/rhum,124
1619722413485,IN,siggen/room2/rhum,124
1619722413528,OUT,mavg/room2/rhum,124
1619722413528,IN,siggen/room1/temp,124
1619722413528,IN,siggen/room1/temp,124
1619722413528,OUT,mavg/room1/temp,124
1619722413529,IN,siggen/room2/temp,124
1619722413529,IN,siggen/room2/temp,124
1619722413529,OUT,mavg/room2/temp,124
1619722413529,IN,siggen/room1/rhum,124
1619722413529,IN,siggen/room1/rhum,124
1619722413529,OUT,mavg/room1/rhum,124
1619722414485,IN,siggen/room1/temp,125
1619722414485,IN,siggen/room1/temp,125
1619722414486,OUT,mavg/room1/temp,125
1619722414486,IN,siggen/room1/rhum,125
1619722414486,IN,siggen/room1/rhum,125
1619722414486,OUT,mavg/room1/rhum,125
1619722414486,IN,siggen/room2/temp,125
1619722414486,IN,siggen/room2/temp,125
1619722414487,OUT,mavg/room2/temp,125
1619722414487,IN,siggen/room2/rhum,125
1619722414487,IN,siggen/room2/rhum,125
1619722414487,OUT,mavg/room2/rhum,125
1619722415486,IN,siggen/room1/temp,126
1619722415486,IN,siggen/room1/temp,126
1619722415486,OUT,mavg/room1/temp,126
1619722415486,IN,siggen/room2/temp,126
1619722415486,IN,siggen/room2/temp,126
1619722415487,OUT,mavg/room2/temp,126
1619722415487,IN,siggen/room1/rhum,126
1619722415487,IN,siggen/room1/rhum,126
1619722415487,OUT,mavg/room1/rhum,126
1619722415487,IN,siggen/room2/rhum,126
1619722415487,IN,siggen/room2/rhum,126
1619722415487,OUT,mavg/room2/rhum,126
1619722416486,IN,siggen/room1/temp,127
1619722416486,IN,siggen/room1/temp,127
1619722416528,OUT,mavg/room1/temp,127
1619722416528,IN,siggen/room2/temp,127
1619722416528,IN,siggen/room2/temp,127
1619722416529,OUT,mavg/room2/temp,127
1619722416529,IN,siggen/room2/rhum,127
1619722416529,IN,siggen/room2/rhum,127
1619722416529,OUT,mavg/room2/rhum,127
1619722416530,IN,siggen/room1/rhum,127
1619722416530,IN,siggen/room1/rhum,127
1619722416530,OUT,mavg/room1/rhum,127
1619722417488,IN,siggen/room1/temp,128
1619722417488,IN,siggen/room1/temp,128
1619722417489,OUT,mavg/room1/temp,128
1619722417489,IN,siggen/room2/temp,128
1619722417489,IN,siggen/room2/temp,128
1619722417490,OUT,mavg/room2/temp,128
1619722417490,IN,siggen/room2/rhum,128
1619722417490,IN,siggen/room2/rhum,128
1619722417491,OUT,mavg/room2/rhum,128
1619722417492,IN,siggen/room1/rhum,128
1619722417492,IN,siggen/room1/rhum,128
1619722417493,OUT,mavg/room1/rhum,128
1619722418489,IN,siggen/room1/temp,129
1619722418489,IN,siggen/room1/temp,129
1619722418532,OUT,mavg/room1/temp,129
1619722418532,IN,siggen/room2/temp,129
1619722418532,IN,siggen/room2/temp,129
1619722418533,OUT,mavg/room2/temp,129
1619722418533,IN,siggen/room1/rhum,129
1619722418533,IN,siggen/room1/rhum,129
1619722418534,OUT,mavg/room1/rhum,129
1619722418534,IN,siggen/room2/rhum,129
1619722418534,IN,siggen/room2/rhum,129
1619722418535,OUT,mavg/room2/rhum,129
1619722419489,IN,siggen/room1/temp,130
1619722419489,IN,siggen/room1/temp,130
1619722419490,OUT,mavg/room1/temp,130
1619722419490,IN,siggen/room2/temp,130
1619722419490,IN,siggen/room2/temp,130
1619722419490,OUT,mavg/room2/temp,130
1619722419490,IN,siggen/room2/rhum,130
1619722419490,IN,siggen/room2/rhum,130
1619722419491,OUT,mavg/room2/rhum,130
1619722419491,IN,siggen/room1/rhum,130
1619722419491,IN,siggen/room1/rhum,130
1619722419491,OUT,mavg/room1/rhum,130
1619722420490,IN,siggen/room1/temp,131
1619722420490,IN,siggen/room1/temp,131
1619722420532,OUT,mavg/room1/temp,131
1619722420532,IN,siggen/room2/temp,131
1619722420532,IN,siggen/room2/temp,131
1619722420533,OUT,mavg/room2/temp,131
1619722420533,IN,siggen/room2/rhum,131
1619722420533,IN,siggen/room2/rhum,131
1619722420534,OUT,mavg/room2/rhum,131
1619722420534,IN,siggen/room1/rhum,131
1619722420534,IN,siggen/room1/rhum,131
1619722420534,OUT,mavg/room1/rhum,131
1619722421492,IN,siggen/room1/temp,132
1619722421492,IN,siggen/room1/temp,132
1619722421492,OUT,mavg/room1/temp,132
1619722421492,IN,siggen/room2/rhum,132
1619722421492,IN,siggen/room2/rhum,132
1619722421493,OUT,mavg/room2/rhum,132
1619722421493,IN,siggen/room2/temp,132
1619722421493,IN,siggen/room2/temp,132
1619722421494,OUT,mavg/room2/temp,132
1619722421494,IN,siggen/room1/rhum,132
1619722421494,IN,siggen/room1/rhum,132
1619722421495,OUT,mavg/room1/rhum,132
1619722422493,IN,siggen/room1/temp,133
1619722422493,IN,siggen/room1/temp,133
1619722422536,OUT,mavg/room1/temp,133
1619722422536,IN,siggen/room2/temp,133
1619722422536,IN,siggen/room2/temp,133
1619722422536,OUT,mavg/room2/temp,133
1619722422537,IN,siggen/room2/rhum,133
1619722422537,IN,siggen/room2/rhum,133
1619722422537,OUT,mavg/room2/rhum,133
1619722422537,IN,siggen/room1/rhum,133
1619722422537,IN,siggen/room1/rhum,133
1619722422537,OUT,mavg/room1/rhum,133
1619722423494,IN,siggen/room1/temp,134
1619722423494,IN,siggen/room1/temp,134
1619722423494,OUT,mavg/room1/temp,134
1619722423494,IN,siggen/room2/rhum,134
1619722423494,IN,siggen/room2/rhum,134
1619722423495,OUT,mavg/room2/rhum,134
1619722423495,IN,siggen/room2/temp,134
1619722423495,IN,siggen/room2/temp,134
1619722423495,OUT,mavg/room2/temp,134
1619722423496,IN,siggen/room1/rhum,134
1619722423496,IN,siggen/room1/rhum,134
1619722423496,OUT,mavg/room1/rhum,134
1619722424495,IN,siggen/room1/temp,135
1619722424495,IN,siggen/room1/temp,135
1619722424540,OUT,mavg/room1/temp,135
1619722424540,IN,siggen/room2/temp,135
1619722424540,IN,siggen/room2/temp,135
1619722424585,OUT,mavg/room2/temp,135
1619722424585,IN,siggen/room2/rhum,135
1619722424585,IN,siggen/room2/rhum,135
1619722424586,OUT,mavg/room2/rhum,135
1619722424586,IN,siggen/room1/rhum,135
1619722424586,IN,siggen/room1/rhum,135
1619722424587,OUT,mavg/room1/rhum,135
1619722425495,IN,siggen/room1/temp,136
1619722425495,IN,siggen/room1/temp,136
1619722425496,OUT,mavg/room1/temp,136
1619722425496,IN,siggen/room2/temp,136
1619722425496,IN,siggen/room2/temp,136
1619722425496,OUT,mavg/room2/temp,136
1619722425496,IN,siggen/room2/rhum,136
1619722425496,IN,siggen/room2/rhum,136
1619722425497,OUT,mavg/room2/rhum,136
1619722425497,IN,siggen/room1/rhum,136
1619722425497,IN,siggen/room1/rhum,136
1619722425497,OUT,mavg/room1/rhum,136
1619722426496,IN,siggen/room1/temp,137
1619722426496,IN,siggen/room1/temp,137
1619722426540,OUT,mavg/room1/temp,137
1619722426540,IN,siggen/room2/rhum,137
1619722426540,IN,siggen/room2/rhum,137
1619722426540,OUT,mavg/room2/rhum,137
1619722426540,IN,siggen/room2/temp,137
1619722426540,IN,siggen/room2/temp,137
1619722426541,OUT,mavg/room2/temp,137
1619722426541,IN,siggen/room1/rhum,137
1619722426541,IN,siggen/room1/rhum,137
1619722426541,OUT,mavg/room1/rhum,137
1619722427497,IN,siggen/room1/temp,138
1619722427497,IN,siggen/room1/temp,138
1619722427498,OUT,mavg/room1/temp,138
1619722427498,IN,siggen/room2/temp,138
1619722427498,IN,siggen/room2/temp,138
1619722427499,OUT,mavg/room2/temp,138
1619722427499,IN,siggen/room2/rhum,138
1619722427499,IN,siggen/room2/rhum,138
1619722427500,OUT,mavg/room2/rhum,138
1619722427500,IN,siggen/room1/rhum,138
1619722427500,IN,siggen/room1/rhum,138
1619722427500,OUT,mavg/room1/rhum,138
1619722428499,IN,siggen/room1/temp,139
1619722428499,IN,siggen/room1/temp,139
1619722428540,OUT,mavg/room1/temp,139
1619722428540,IN,siggen/room2/temp,139
1619722428540,IN,siggen/room2/temp,139
1619722428540,OUT,mavg/room2/temp,139
1619722428541,IN,siggen/room2/rhum,139
1619722428541,IN,siggen/room2/rhum,139
1619722428541,OUT,mavg/room2/rhum,139
1619722428541,IN,siggen/room1/rhum,139
1619722428541,IN,siggen/room1/rhum,139
1619722428541,OUT,mavg/room1/rhum,139
1619722429500,IN,siggen/room1/temp,140
1619722429500,IN,siggen/room1/temp,140
1619722429544,OUT,mavg/room1/temp,140
1619722429544,IN,siggen/room2/temp,140
1619722429544,IN,siggen/room2/temp,140
1619722429545,OUT,mavg/room2/temp,140
1619722429545,IN,siggen/room2/rhum,140
1619722429545,IN,siggen/room2/rhum,140
1619722429545,OUT,mavg/room2/rhum,140
1619722429545,IN,siggen/room1/rhum,140
1619722429545,IN,siggen/room1/rhum,140
1619722429546,OUT,mavg/room1/rhum,140
1619722430501,IN,siggen/room1/temp,141
1619722430501,IN,siggen/room1/temp,141
1619722430501,OUT,mavg/room1/temp,141
1619722430501,IN,siggen/room2/temp,141
1619722430501,IN,siggen/room2/temp,141
1619722430502,OUT,mavg/room2/temp,141
1619722430502,IN,siggen/room2/rhum,141
1619722430502,IN,siggen/room2/rhum,141
1619722430503,OUT,mavg/room2/rhum,141
1619722430503,IN,siggen/room1/rhum,141
1619722430503,IN,siggen/room1/rhum,141
1619722430503,OUT,mavg/room1/rhum,141
1619722431502,IN,siggen/room1/temp,142
1619722431502,IN,siggen/room1/temp,142
1619722431544,OUT,mavg/room1/temp,142
1619722431544,IN,siggen/room2/temp,142
1619722431544,IN,siggen/room2/temp,142
1619722431544,OUT,mavg/room2/temp,142
1619722431545,IN,siggen/room2/rhum,142
1619722431545,IN,siggen/room2/rhum,142
1619722431545,OUT,mavg/room2/rhum,142
1619722431545,IN,siggen/room1/rhum,142
1619722431545,IN,siggen/room1/rhum,142
1619722431545,OUT,mavg/room1/rhum,142
1619722432503,IN,siggen/room1/temp,143
1619722432503,IN,siggen/room1/temp,143
1619722432504,OUT,mavg/room1/temp,143
1619722432504,IN,siggen/room2/temp,143
1619722432504,IN,siggen/room2/temp,143
1619722432505,OUT,mavg/room2/temp,143
1619722432505,IN,siggen/room2/rhum,143
1619722432506,IN,siggen/room2/rhum,143
1619722432506,OUT,mavg/room2/rhum,143
1619722432507,IN,siggen/room1/rhum,143
1619722432507,IN,siggen/room1/rhum,143
1619722432507,OUT,mavg/room1/rhum,143
1619722433504,IN,siggen/room1/temp,144
1619722433504,IN,siggen/room1/temp,144
1619722433504,OUT,mavg/room1/temp,144
1619722433504,IN,siggen/room2/temp,144
1619722433504,IN,siggen/room2/temp,144
1619722433548,OUT,mavg/room2/temp,144
1619722433548,IN,siggen/room2/rhum,144
1619722433548,IN,siggen/room2/rhum,144
1619722433548,OUT,mavg/room2/rhum,144
1619722433548,IN,siggen/room1/rhum,144
1619722433548,IN,siggen/room1/rhum,144
1619722433549,OUT,mavg/room1/rhum,144
1619722434504,IN,siggen/room2/temp,145
1619722434504,IN,siggen/room2/temp,145
1619722434548,OUT,mavg/room2/temp,145
1619722434548,IN,siggen/room1/temp,145
1619722434548,IN,siggen/room1/temp,145
1619722434549,OUT,mavg/room1/temp,145
1619722434549,IN,siggen/room1/rhum,145
1619722434549,IN,siggen/room1/rhum,145
1619722434549,OUT,mavg/room1/rhum,145
1619722434549,IN,siggen/room2/rhum,145
1619722434549,IN,siggen/room2/rhum,145
1619722434550,OUT,mavg/room2/rhum,145
1619722435505,IN,siggen/room1/temp,146
1619722435505,IN,siggen/room1/temp,146
1619722435506,OUT,mavg/room1/temp,146
1619722435506,IN,siggen/room2/temp,146
1619722435506,IN,siggen/room2/temp,146
1619722435507,OUT,mavg/room2/temp,146
1619722435507,IN,siggen/room2/rhum,146
1619722435507,IN,siggen/room2/rhum,146
1619722435508,OUT,mavg/room2/rhum,146
1619722435508,IN,siggen/room1/rhum,146
1619722435508,IN,siggen/room1/rhum,146
1619722435552,OUT,mavg/room1/rhum,146
1619722436506,IN,siggen/room1/temp,147
1619722436506,IN,siggen/room1/temp,147
1619722436548,OUT,mavg/room1/temp,147
1619722436548,IN,siggen/room2/temp,147
1619722436548,IN,siggen/room2/temp,147
1619722436549,OUT,mavg/room2/temp,147
1619722436549,IN,siggen/room2/rhum,147
1619722436549,IN,siggen/room2/rhum,147
1619722436549,OUT,mavg/room2/rhum,147
1619722436549,IN,siggen/room1/rhum,147
1619722436549,IN,siggen/room1/rhum,147
1619722436550,OUT,mavg/room1/rhum,147
1619722437507,IN,siggen/room1/temp,148
1619722437507,IN,siggen/room1/temp,148
1619722437507,OUT,mavg/room1/temp,148
1619722437507,IN,siggen/room2/temp,148
1619722437507,IN,siggen/room2/temp,148
1619722437508,OUT,mavg/room2/temp,148
1619722437508,IN,siggen/room2/rhum,148
1619722437508,IN,siggen/room2/rhum,148
1619722437509,OUT,mavg/room2/rhum,148
1619722437509,IN,siggen/room1/rhum,148
1619722437509,IN,siggen/room1/rhum,148
1619722437510,OUT,mavg/room1/rhum,148
1619722438508,IN,siggen/room1/temp,149
1619722438508,IN,siggen/room1/temp,149
1619722438552,OUT,mavg/room1/temp,149
1619722438552,IN,siggen/room2/temp,149
1619722438552,IN,siggen/room2/temp,149
1619722438596,OUT,mavg/room2/temp,149
1619722438596,IN,siggen/room2/rhum,149
1619722438596,IN,siggen/room2/rhum,149
1619722438596,OUT,mavg/room2/rhum,149
1619722438597,IN,siggen/room1/rhum,149
1619722438597,IN,siggen/room1/rhum,149
1619722438597,OUT,mavg/room1/rhum,149
1619722439509,IN,siggen/room1/temp,150
1619722439509,IN,siggen/room1/temp,150
1619722439510,OUT,mavg/room1/temp,150
1619722439510,IN,siggen/room2/temp,150
1619722439510,IN,siggen/room2/temp,150
1619722439511,OUT,mavg/room2/temp,150
1619722439511,IN,siggen/room2/rhum,150
1619722439511,IN,siggen/room2/rhum,150
1619722439513,OUT,mavg/room2/rhum,150
1619722439513,IN,siggen/room1/rhum,150
1619722439513,IN,siggen/room1/rhum,150
1619722439514,OUT,mavg/room1/rhum,150
1619722440510,IN,siggen/room1/temp,151
1619722440510,IN,siggen/room1/temp,151
1619722440552,OUT,mavg/room1/temp,151
1619722440552,IN,siggen/room2/temp,151
1619722440552,IN,siggen/room2/temp,151
1619722440553,OUT,mavg/room2/temp,151
1619722440553,IN,siggen/room2/rhum,151
1619722440553,IN,siggen/room2/rhum,151
1619722440553,OUT,mavg/room2/rhum,151
1619722440554,IN,siggen/room1/rhum,151
1619722440554,IN,siggen/room1/rhum,151
1619722440554,OUT,mavg/room1/rhum,151
1619722441511,IN,siggen/room1/temp,152
1619722441511,IN,siggen/room1/temp,152
1619722441512,OUT,mavg/room1/temp,152
1619722441512,IN,siggen/room2/temp,152
1619722441512,IN,siggen/room2/temp,152
1619722441512,OUT,mavg/room2/temp,152
1619722441512,IN,siggen/room2/rhum,152
1619722441512,IN,siggen/room2/rhum,152
1619722441557,OUT,mavg/room2/rhum,152
1619722441557,IN,siggen/room1/rhum,152
1619722441557,IN,siggen/room1/rhum,152
1619722441558,OUT,mavg/room1/rhum,152
1619722442512,IN,siggen/room1/temp,153
1619722442512,IN,siggen/room1/temp,153
1619722442556,OUT,mavg/room1/temp,153
1619722442556,IN,siggen/room2/temp,153
1619722442556,IN,siggen/room2/temp,153
1619722442557,OUT,mavg/room2/temp,153
1619722442557,IN,siggen/room2/rhum,153
1619722442557,IN,siggen/room2/rhum,153
1619722442557,OUT,mavg/room2/rhum,153
1619722442558,IN,siggen/room1/rhum,153
1619722442558,IN,siggen/room1/rhum,153
1619722442558,OUT,mavg/room1/rhum,153
1619722443513,IN,siggen/room1/temp,154
1619722443513,IN,siggen/room1/temp,154
1619722443514,OUT,mavg/room1/temp,154
1619722443514,IN,siggen/room2/temp,154
1619722443514,IN,siggen/room2/temp,154
1619722443515,OUT,mavg/room2/temp,154
1619722443515,IN,siggen/room2/rhum,154
1619722443515,IN,siggen/room2/rhum,154
1619722443515,OUT,mavg/room2/rhum,154
1619722443516,IN,siggen/room1/rhum,154
1619722443516,IN,siggen/room1/rhum,154
1619722443516,OUT,mavg/room1/rhum,154
1619722444514,IN,siggen/room1/temp,155
1619722444514,IN,siggen/room1/temp,155
1619722444556,OUT,mavg/room1/temp,155
1619722444556,IN,siggen/room2/temp,155
1619722444556,IN,siggen/room2/temp,155
1619722444557,OUT,mavg/room2/temp,155
1619722444557,IN,siggen/room2/rhum,155
1619722444557,IN,siggen/room2/rhum,155
1619722444558,OUT,mavg/room2/rhum,155
1619722444558,IN,siggen/room1/rhum,155
1619722444558,IN,siggen/room1/rhum,155
1619722444558,OUT,mavg/room1/rhum,155
1619722445515,IN,siggen/room2/temp,156
1619722445515,IN,siggen/room2/temp,156
1619722445516,OUT,mavg/room2/temp,156
1619722445516,IN,siggen/room1/temp,156
1619722445516,IN,siggen/room1/temp,156
1619722445517,OUT,mavg/room1/temp,156
1619722445517,IN,siggen/room2/rhum,156
1619722445517,IN,siggen/room2/rhum,156
1619722445517,OUT,mavg/room2/rhum,156
1619722445517,IN,siggen/room1/rhum,156
1619722445517,IN,siggen/room1/rhum,156
1619722445517,OUT,mavg/room1/rhum,156
1619722446516,IN,siggen/room1/temp,157
1619722446516,IN,siggen/room1/temp,157
1619722446560,OUT,mavg/room1/temp,157
1619722446560,IN,siggen/room2/temp,157
1619722446560,IN,siggen/room2/temp,157
1619722446561,OUT,mavg/room2/temp,157
1619722446561,IN,siggen/room2/rhum,157
1619722446561,IN,siggen/room2/rhum,157
1619722446562,OUT,mavg/room2/rhum,157
1619722446562,IN,siggen/room1/rhum,157
1619722446562,IN,siggen/room1/rhum,157
1619722446563,OUT,mavg/room1/rhum,157
1619722447517,IN,siggen/room1/temp,158
1619722447517,IN,siggen/room1/temp,158
1619722447518,OUT,mavg/room1/temp,158
1619722447519,IN,siggen/room2/temp,158
1619722447519,IN,siggen/room2/temp,158
1619722447520,OUT,mavg/room2/temp,158
1619722447520,IN,siggen/room2/rhum,158
1619722447520,IN,siggen/room2/rhum,158
1619722447521,OUT,mavg/room2/rhum,158
1619722447521,IN,siggen/room1/rhum,158
1619722447521,IN,siggen/room1/rhum,158
1619722447568,OUT,mavg/room1/rhum,158
1619722448518,IN,siggen/room1/temp,159
1619722448518,IN,siggen/room1/temp,159
1619722448560,OUT,mavg/room1/temp,159
1619722448561,IN,siggen/room2/temp,159
1619722448561,IN,siggen/room2/temp,159
1619722448561,OUT,mavg/room2/temp,159
1619722448562,IN,siggen/room2/rhum,159
1619722448562,IN,siggen/room2/rhum,159
1619722448563,OUT,mavg/room2/rhum,159
1619722448563,IN,siggen/room1/rhum,159
1619722448563,IN,siggen/room1/rhum,159
1619722448563,OUT,mavg/room1/rhum,159
1619722449519,IN,siggen/room1/temp,160
1619722449519,IN,siggen/room1/temp,160
1619722449519,OUT,mavg/room1/temp,160
1619722449519,IN,siggen/room2/temp,160
1619722449519,IN,siggen/room2/temp,160
1619722449519,OUT,mavg/room2/temp,160
1619722449520,IN,siggen/room2/rhum,160
1619722449520,IN,siggen/room2/rhum,160
1619722449520,OUT,mavg/room2/rhum,160
1619722449520,IN,siggen/room1/rhum,160
1619722449520,IN,siggen/room1/rhum,160
1619722449520,OUT,mavg/room1/rhum,160
1619722450519,IN,siggen/room1/temp,161
1619722450519,IN,siggen/room1/temp,161
1619722450568,OUT,mavg/room1/temp,161
1619722450568,IN,siggen/room2/temp,161
1619722450568,IN,siggen/room2/temp,161
1619722450612,OUT,mavg/room2/temp,161
1619722450612,IN,siggen/room2/rhum,161
1619722450612,IN,siggen/room2/rhum,161
1619722450613,OUT,mavg/room2/rhum,161
1619722450613,IN,siggen/room1/rhum,161
1619722450613,IN,siggen/room1/rhum,161
1619722450613,OUT,mavg/room1/rhum,161
1619722451521,IN,siggen/room1/temp,162
1619722451521,IN,siggen/room1/temp,162
1619722451521,OUT,mavg/room1/temp,162
1619722451521,IN,siggen/room2/temp,162
1619722451521,IN,siggen/room2/temp,162
1619722451522,OUT,mavg/room2/temp,162
1619722451522,IN,siggen/room2/rhum,162
1619722451522,IN,siggen/room2/rhum,162
1619722451523,OUT,mavg/room2/rhum,162
1619722451523,IN,siggen/room1/rhum,162
1619722451523,IN,siggen/room1/rhum,162
1619722451523,OUT,mavg/room1/rhum,162
1619722452521,IN,siggen/room1/temp,163
1619722452521,IN,siggen/room1/temp,163
1619722452564,OUT,mavg/room1/temp,163
1619722452564,IN,siggen/room2/temp,163
1619722452564,IN,siggen/room2/temp,163
1619722452565,OUT,mavg/room2/temp,163
1619722452565,IN,siggen/room2/rhum,163
1619722452565,IN,siggen/room2/rhum,163
1619722452565,OUT,mavg/room2/rhum,163
1619722452565,IN,siggen/room1/rhum,163
1619722452565,IN,siggen/room1/rhum,163
1619722452565,OUT,mavg/room1/rhum,163
1619722453523,IN,siggen/room1/temp,164
1619722453523,IN,siggen/room1/temp,164
1619722453524,OUT,mavg/room1/temp,164
1619722453524,IN,siggen/room2/rhum,164
1619722453524,IN,siggen/room2/rhum,164
1619722453525,OUT,mavg/room2/rhum,164
1619722453525,IN,siggen/room2/temp,164
1619722453525,IN,siggen/room2/temp,164
1619722453526,OUT,mavg/room2/temp,164
1619722453526,IN,siggen/room1/rhum,164
1619722453526,IN,siggen/room1/rhum,164
1619722453527,OUT,mavg/room1/rhum,164
1619722454523,IN,siggen/room1/temp,165
1619722454523,IN,siggen/room1/temp,165
1619722454564,OUT,mavg/room1/temp,165
1619722454564,IN,siggen/room2/rhum,165
1619722454564,IN,siggen/room2/rhum,165
1619722454564,OUT,mavg/room2/rhum,165
1619722454564,IN,siggen/room2/temp,165
1619722454564,IN,siggen/room2/temp,165
1619722454565,OUT,mavg/room2/temp,165
1619722454565,IN,siggen/room1/rhum,165
1619722454565,IN,siggen/room1/rhum,165
1619722454565,OUT,mavg/room1/rhum,165
1619722455524,IN,siggen/room1/temp,166
1619722455524,IN,siggen/room1/temp,166
1619722455525,OUT,mavg/room1/temp,166
1619722455525,IN,siggen/room2/temp,166
1619722455525,IN,siggen/room2/temp,166
1619722455526,OUT,mavg/room2/temp,166
1619722455526,IN,siggen/room2/rhum,166
1619722455526,IN,siggen/room2/rhum,166
1619722455527,OUT,mavg/room2/rhum,166
1619722455527,IN,siggen/room1/rhum,166
1619722455527,IN,siggen/room1/rhum,166
1619722455527,OUT,mavg/room1/rhum,166
1619722456525,IN,siggen/room1/temp,167
1619722456525,IN,siggen/room1/temp,167
1619722456568,OUT,mavg/room1/temp,167
1619722456568,IN,siggen/room2/temp,167
1619722456568,IN,siggen/room2/temp,167
1619722456569,OUT,mavg/room2/temp,167
1619722456569,IN,siggen/room2/rhum,167
1619722456569,IN,siggen/room2/rhum,167
1619722456570,OUT,mavg/room2/rhum,167
1619722456570,IN,siggen/room1/rhum,167
1619722456570,IN,siggen/room1/rhum,167
1619722456571,OUT,mavg/room1/rhum,167
1619722457526,IN,siggen/room1/temp,168
1619722457526,IN,siggen/room1/temp,168
1619722457527,OUT,mavg/room1/temp,168
1619722457527,IN,siggen/room2/rhum,168
1619722457527,IN,siggen/room2/rhum,168
1619722457527,OUT,mavg/room2/rhum,168
1619722457527,IN,siggen/room1/rhum,168
1619722457528,IN,siggen/room1/rhum,168
1619722457528,OUT,mavg/room1/rhum,168
1619722457528,IN,siggen/room2/temp,168
1619722457528,IN,siggen/room2/temp,168
1619722457572,OUT,mavg/room2/temp,168
1619722458527,IN,siggen/room1/temp,169
1619722458527,IN,siggen/room1/temp,169
1619722458568,OUT,mavg/room1/temp,169
1619722458568,IN,siggen/room2/rhum,169
1619722458568,IN,siggen/room2/rhum,169
1619722458569,OUT,mavg/room2/rhum,169
1619722458569,IN,siggen/room1/rhum,169
1619722458569,IN,siggen/room1/rhum,169
1619722458569,OUT,mavg/room1/rhum,169
1619722458569,IN,siggen/room2/temp,169
1619722458569,IN,siggen/room2/temp,169
1619722458569,OUT,mavg/room2/temp,169
1619722459560,IN,siggen/room1/temp,170
1619722459560,IN,siggen/room1/temp,170
1619722459560,OUT,mavg/room1/temp,170
1619722459560,IN,siggen/room2/rhum,170
1619722459560,IN,siggen/room2/rhum,170
1619722459561,OUT,mavg/room2/rhum,170
1619722459561,IN,siggen/room1/rhum,170
1619722459561,IN,siggen/room1/rhum,170
1619722459561,OUT,mavg/room1/rhum,170
1619722459561,IN,siggen/room2/temp,170
1619722459561,IN,siggen/room2/temp,170
1619722459561,OUT,mavg/room2/temp,170
1619722460561,IN,siggen/room2/temp,171
1619722460561,IN,siggen/room2/temp,171
1619722460604,OUT,mavg/room2/temp,171
1619722460604,IN,siggen/room1/temp,171
1619722460604,IN,siggen/room1/temp,171
1619722460604,OUT,mavg/room1/temp,171
1619722460605,IN,siggen/room1/rhum,171
1619722460605,IN,siggen/room1/rhum,171
1619722460605,OUT,mavg/room1/rhum,171
1619722460605,IN,siggen/room2/rhum,171
1619722460605,IN,siggen/room2/rhum,171
1619722460605,OUT,mavg/room2/rhum,171
1619722461562,IN,siggen/room2/rhum,172
1619722461562,IN,siggen/room2/rhum,172
1619722461562,OUT,mavg/room2/rhum,172
1619722461562,IN,siggen/room1/temp,172
1619722461562,IN,siggen/room1/temp,172
1619722461563,OUT,mavg/room1/temp,172
1619722461563,IN,siggen/room2/temp,172
1619722461563,IN,siggen/room2/temp,172
1619722461563,OUT,mavg/room2/temp,172
1619722461563,IN,siggen/room1/rhum,172
1619722461563,IN,siggen/room1/rhum,172
1619722461564,OUT,mavg/room1/rhum,172
1619722462563,IN,siggen/room1/temp,173
1619722462563,IN,siggen/room1/temp,173
1619722462604,OUT,mavg/room1/temp,173
1619722462604,IN,siggen/room2/temp,173
1619722462604,IN,siggen/room2/temp,173
1619722462605,OUT,mavg/room2/temp,173
1619722462605,IN,siggen/room2/rhum,173
1619722462605,IN,siggen/room2/rhum,173
1619722462605,OUT,mavg/room2/rhum,173
1619722462605,IN,siggen/room1/rhum,173
1619722462605,IN,siggen/room1/rhum,173
1619722462605,OUT,mavg/room1/rhum,173
1619722463563,IN,siggen/room1/temp,174
1619722463563,IN,siggen/room1/temp,174
1619722463564,OUT,mavg/room1/temp,174
1619722463564,IN,siggen/room2/temp,174
1619722463564,IN,siggen/room2/temp,174
1619722463608,OUT,mavg/room2/temp,174
1619722463608,IN,siggen/room2/rhum,174
1619722463608,IN,siggen/room2/rhum,174
1619722463608,OUT,mavg/room2/rhum,174
1619722463609,IN,siggen/room1/rhum,174
1619722463609,IN,siggen/room1/rhum,174
1619722463609,OUT,mavg/room1/rhum,174
1619722464564,IN,siggen/room1/temp,175
1619722464564,IN,siggen/room1/temp,175
1619722464608,OUT,mavg/room1/temp,175
1619722464608,IN,siggen/room2/temp,175
1619722464608,IN,siggen/room2/temp,175
1619722464609,OUT,mavg/room2/temp,175
1619722464609,IN,siggen/room2/rhum,175
1619722464609,IN,siggen/room2/rhum,175
1619722464609,OUT,mavg/room2/rhum,175
1619722464609,IN,siggen/room1/rhum,175
1619722464609,IN,siggen/room1/rhum,175
1619722464609,OUT,mavg/room1/rhum,175
1619722465566,IN,siggen/room1/temp,176
1619722465566,IN,siggen/room1/temp,176
1619722465566,OUT,mavg/room1/temp,176
1619722465566,IN,siggen/room2/temp,176
1619722465566,IN,siggen/room2/temp,176
1619722465567,OUT,mavg/room2/temp,176
1619722465567,IN,siggen/room2/rhum,176
1619722465567,IN,siggen/room2/rhum,176
1619722465568,OUT,mavg/room2/rhum,176
1619722465568,IN,siggen/room1/rhum,176
1619722465568,IN,siggen/room1/rhum,176
1619722465612,OUT,mavg/room1/rhum,176
1619722466567,IN,siggen/room1/temp,177
1619722466567,IN,siggen/room1/temp,177
1619722466608,OUT,mavg/room1/temp,177
1619722466609,IN,siggen/room2/rhum,177
1619722466609,IN,siggen/room2/rhum,177
1619722466610,OUT,mavg/room2/rhum,177
1619722466610,IN,siggen/room2/temp,177
1619722466610,IN,siggen/room2/temp,177
1619722466611,OUT,mavg/room2/temp,177
1619722466611,IN,siggen/room1/rhum,177
1619722466611,IN,siggen/room1/rhum,177
1619722466612,OUT,mavg/room1/rhum,177
1619722467567,IN,siggen/room1/temp,178
1619722467567,IN,siggen/room1/temp,178
1619722467568,OUT,mavg/room1/temp,178
1619722467568,IN,siggen/room2/rhum,178
1619722467568,IN,siggen/room2/rhum,178
1619722467569,OUT,mavg/room2/rhum,178
1619722467569,IN,siggen/room1/rhum,178
1619722467569,IN,siggen/room1/rhum,178
1619722467569,OUT,mavg/room1/rhum,178
1619722467569,IN,siggen/room2/temp,178
1619722467569,IN,siggen/room2/temp,178
1619722467570,OUT,mavg/room2/temp,178
1619722468568,IN,siggen/room1/temp,179
1619722468568,IN,siggen/room1/temp,179
1619722468612,OUT,mavg/room1/temp,179
1619722468612,IN,siggen/room2/rhum,179
1619722468612,IN,siggen/room2/rhum,179
1619722468613,OUT,mavg/room2/rhum,179
1619722468613,IN,siggen/room2/temp,179
1619722468613,IN,siggen/room2/temp,179
1619722468613,OUT,mavg/room2/temp,179
1619722468614,IN,siggen/room1/rhum,179
1619722468614,IN,siggen/room1/rhum,179
1619722468614,OUT,mavg/room1/rhum,179
1619722469569,IN,siggen/room1/temp,180
1619722469570,IN,siggen/room1/temp,180
1619722469570,OUT,mavg/room1/temp,180
1619722469571,IN,siggen/room2/temp,180
1619722469571,IN,siggen/room2/temp,180
1619722469571,OUT,mavg/room2/temp,180
1619722469572,IN,siggen/room2/rhum,180
1619722469572,IN,siggen/room2/rhum,180
1619722469573,OUT,mavg/room2/rhum,180
1619722469573,IN,siggen/room1/rhum,180
1619722469573,IN,siggen/room1/rhum,180
1619722469616,OUT,mavg/room1/rhum,180
1619722470570,IN,siggen/room1/temp,181
1619722470570,IN,siggen/room1/temp,181
1619722470612,OUT,mavg/room1/temp,181
1619722470612,IN,siggen/room2/temp,181
1619722470612,IN,siggen/room2/temp,181
1619722470613,OUT,mavg/room2/temp,181
1619722470613,IN,siggen/room2/rhum,181
1619722470613,IN,siggen/room2/rhum,181
1619722470614,OUT,mavg/room2/rhum,181
1619722470614,IN,siggen/room1/rhum,181
1619722470614,IN,siggen/room1/rhum,181
1619722470614,OUT,mavg/room1/rhum,181
1619722471571,IN,siggen/room1/temp,182
1619722471571,IN,siggen/room1/temp,182
1619722471571,OUT,mavg/room1/temp,182
1619722471571,IN,siggen/room2/temp,182
1619722471571,IN,siggen/room2/temp,182
1619722471571,OUT,mavg/room2/temp,182
1619722471571,IN,siggen/room1/rhum,182
1619722471571,IN,siggen/room1/rhum,182
1619722471572,OUT,mavg/room1/rhum,182
1619722471572,IN,siggen/room2/rhum,182
1619722471572,IN,siggen/room2/rhum,182
1619722471572,OUT,mavg/room2/rhum,182
1619722472572,IN,siggen/room1/temp,183
1619722472572,IN,siggen/room1/temp,183
1619722472616,OUT,mavg/room1/temp,183
1619722472616,IN,siggen/room2/temp,183
1619722472616,IN,siggen/room2/temp,183
1619722472616,OUT,mavg/room2/temp,183
1619722472616,IN,siggen/room2/rhum,183
1619722472616,IN,siggen/room2/rhum,183
1619722472617,OUT,mavg/room2/rhum,183
1619722472617,IN,siggen/room1/rhum,183
1619722472617,IN,siggen/room1/rhum,183
1619722472617,OUT,mavg/room1/rhum,183
1619722473572,IN,siggen/room1/temp,184
1619722473572,IN,siggen/room1/temp,184
1619722473573,OUT,mavg/room1/temp,184
1619722473573,IN,siggen/room2/rhum,184
1619722473573,IN,siggen/room2/rhum,184
1619722473573,OUT,mavg/room2/rhum,184
1619722473573,IN,siggen/room2/temp,184
1619722473573,IN,siggen/room2/temp,184
1619722473574,OUT,mavg/room2/temp,184
1619722473574,IN,siggen/room1/rhum,184
1619722473574,IN,siggen/room1/rhum,184
1619722473574,OUT,mavg/room1/rhum,184
1619722474574,IN,siggen/room1/temp,185
1619722474574,IN,siggen/room1/temp,185
1619722474616,OUT,mavg/room1/temp,185
1619722474616,IN,siggen/room2/rhum,185
1619722474616,IN,siggen/room2/rhum,185
1619722474616,OUT,mavg/room2/rhum,185
1619722474616,IN,siggen/room2/temp,185
1619722474616,IN,siggen/room2/temp,185
1619722474617,OUT,mavg/room2/temp,185
1619722474617,IN,siggen/room1/rhum,185
1619722474617,IN,siggen/room1/rhum,185
1619722474617,OUT,mavg/room1/rhum,185
1619722475575,IN,siggen/room2/rhum,186
1619722475575,IN,siggen/room2/rhum,186
1619722475575,OUT,mavg/room2/rhum,186
1619722475575,IN,siggen/room1/temp,186
1619722475575,IN,siggen/room1/temp,186
1619722475575,OUT,mavg/room1/temp,186
1619722475576,IN,siggen/room1/rhum,186
1619722475576,IN,siggen/room1/rhum,186
1619722475576,OUT,mavg/room1/rhum,186
1619722475576,IN,siggen/room2/temp,186
1619722475576,IN,siggen/room2/temp,186
1619722475624,OUT,mavg/room2/temp,186
1619722476576,IN,siggen/room1/temp,187
1619722476576,IN,siggen/room1/temp,187
1619722476620,OUT,mavg/room1/temp,187
1619722476620,IN,siggen/room2/temp,187
1619722476620,IN,siggen/room2/temp,187
1619722476620,OUT,mavg/room2/temp,187
1619722476620,IN,siggen/room2/rhum,187
1619722476620,IN,siggen/room2/rhum,187
1619722476621,OUT,mavg/room2/rhum,187
1619722476621,IN,siggen/room1/rhum,187
1619722476621,IN,siggen/room1/rhum,187
1619722476621,OUT,mavg/room1/rhum,187
1619722477577,IN,siggen/room1/temp,188
1619722477577,IN,siggen/room1/temp,188
1619722477577,OUT,mavg/room1/temp,188
1619722477577,IN,siggen/room2/temp,188
1619722477577,IN,siggen/room2/temp,188
1619722477578,OUT,mavg/room2/temp,188
1619722477578,IN,siggen/room2/rhum,188
1619722477578,IN,siggen/room2/rhum,188
1619722477579,OUT,mavg/room2/rhum,188
1619722477579,IN,siggen/room1/rhum,188
1619722477579,IN,siggen/room1/rhum,188
1619722477580,OUT,mavg/room1/rhum,188
1619722478577,IN,siggen/room2/temp,189
1619722478577,IN,siggen/room2/temp,189
1619722478620,OUT,mavg/room2/temp,189
1619722478620,IN,siggen/room1/temp,189
1619722478620,IN,siggen/room1/temp,189
1619722478620,OUT,mavg/room1/temp,189
1619722478620,IN,siggen/room2/rhum,189
1619722478620,IN,siggen/room2/rhum,189
1619722478621,OUT,mavg/room2/rhum,189
1619722478621,IN,siggen/room1/rhum,189
1619722478621,IN,siggen/room1/rhum,189
1619722478621,OUT,mavg/room1/rhum,189
1619722479578,IN,siggen/room2/temp,190
1619722479578,IN,siggen/room2/temp,190
1619722479578,OUT,mavg/room2/temp,190
1619722479579,IN,siggen/room2/rhum,190
1619722479579,IN,siggen/room2/rhum,190
1619722479579,OUT,mavg/room2/rhum,190
1619722479579,IN,siggen/room1/temp,190
1619722479579,IN,siggen/room1/temp,190
1619722479580,OUT,mavg/room1/temp,190
1619722479580,IN,siggen/room1/rhum,190
1619722479580,IN,siggen/room1/rhum,190
1619722479624,OUT,mavg/room1/rhum,190
1619722480579,IN,siggen/room1/temp,191
1619722480579,IN,siggen/room1/temp,191
1619722480620,OUT,mavg/room1/temp,191
1619722480620,IN,siggen/room2/temp,191
1619722480620,IN,siggen/room2/temp,191
1619722480620,OUT,mavg/room2/temp,191
1619722480620,IN,siggen/room2/rhum,191
1619722480620,IN,siggen/room2/rhum,191
1619722480621,OUT,mavg/room2/rhum,191
1619722480621,IN,siggen/room1/rhum,191
1619722480621,IN,siggen/room1/rhum,191
1619722480621,OUT,mavg/room1/rhum,191
1619722481580,IN,siggen/room1/temp,192
1619722481580,IN,siggen/room1/temp,192
1619722481580,OUT,mavg/room1/temp,192
1619722481580,IN,siggen/room2/temp,192
1619722481580,IN,siggen/room2/temp,192
1619722481581,OUT,mavg/room2/temp,192
1619722481581,IN,siggen/room1/rhum,192
1619722481581,IN,siggen/room1/rhum,192
1619722481581,OUT,mavg/room1/rhum,192
1619722481581,IN,siggen/room2/rhum,192
1619722481581,IN,siggen/room2/rhum,192
1619722481582,OUT,mavg/room2/rhum,192
1619722482581,IN,siggen/room1/temp,193
1619722482581,IN,siggen/room1/temp,193
1619722482628,OUT,mavg/room1/temp,193
1619722482628,IN,siggen/room2/temp,193
1619722482628,IN,siggen/room2/temp,193
1619722482629,OUT,mavg/room2/temp,193
1619722482629,IN,siggen/room1/rhum,193
1619722482629,IN,siggen/room1/rhum,193
1619722482629,OUT,mavg/room1/rhum,193
1619722482629,IN,siggen/room2/rhum,193
1619722482629,IN,siggen/room2/rhum,193
1619722482629,OUT,mavg/room2/rhum,193
1619722483582,IN,siggen/room1/temp,194
1619722483582,IN,siggen/room1/temp,194
1619722483583,OUT,mavg/room1/temp,194
1619722483583,IN,siggen/room2/rhum,194
1619722483583,IN,siggen/room2/rhum,194
1619722483584,OUT,mavg/room2/rhum,194
1619722483584,IN,siggen/room2/temp,194
1619722483584,IN,siggen/room2/temp,194
1619722483585,OUT,mavg/room2/temp,194
1619722483585,IN,siggen/room1/rhum,194
1619722483585,IN,siggen/room1/rhum,194
1619722483585,OUT,mavg/room1/rhum,194
1619722484582,IN,siggen/room2/rhum,195
1619722484582,IN,siggen/room2/rhum,195
1619722484624,OUT,mavg/room2/rhum,195
1619722484624,IN,siggen/room1/temp,195
1619722484624,IN,siggen/room1/temp,195
1619722484624,OUT,mavg/room1/temp,195
1619722484625,IN,siggen/room1/rhum,195
1619722484625,IN,siggen/room1/rhum,195
1619722484625,OUT,mavg/room1/rhum,195
1619722484625,IN,siggen/room2/temp,195
1619722484625,IN,siggen/room2/temp,195
1619722484625,OUT,mavg/room2/temp,195
1619722485584,IN,siggen/room1/temp,196
1619722485584,IN,siggen/room1/temp,196
1619722485584,OUT,mavg/room1/temp,196
1619722485584,IN,siggen/room2/temp,196
1619722485585,IN,siggen/room2/temp,196
1619722485628,OUT,mavg/room2/temp,196
1619722485628,IN,siggen/room2/rhum,196
1619722485628,IN,siggen/room2/rhum,196
1619722485628,OUT,mavg/room2/rhum,196
1619722485629,IN,siggen/room1/rhum,196
1619722485629,IN,siggen/room1/rhum,196
1619722485629,OUT,mavg/room1/rhum,196
1619722486584,IN,siggen/room1/temp,197
1619722486584,IN,siggen/room1/temp,197
1619722486632,OUT,mavg/room1/temp,197
1619722486632,IN,siggen/room2/temp,197
1619722486632,IN,siggen/room2/temp,197
1619722486632,OUT,mavg/room2/temp,197
1619722486632,IN,siggen/room2/rhum,197
1619722486632,IN,siggen/room2/rhum,197
1619722486633,OUT,mavg/room2/rhum,197
1619722486633,IN,siggen/room1/rhum,197
1619722486633,IN,siggen/room1/rhum,197
1619722486633,OUT,mavg/room1/rhum,197
1619722487584,IN,siggen/room1/temp,198
1619722487584,IN,siggen/room1/temp,198
1619722487585,OUT,mavg/room1/temp,198
1619722487585,IN,siggen/room2/rhum,198
1619722487585,IN,siggen/room2/rhum,198
1619722487585,OUT,mavg/room2/rhum,198
1619722487585,IN,siggen/room1/rhum,198
1619722487585,IN,siggen/room1/rhum,198
1619722487585,OUT,mavg/room1/rhum,198
1619722487585,IN,siggen/room2/temp,198
1619722487585,IN,siggen/room2/temp,198
1619722487586,OUT,mavg/room2/temp,198
1619722488585,IN,siggen/room1/temp,199
1619722488585,IN,siggen/room1/temp,199
1619722488628,OUT,mavg/room1/temp,199
1619722488628,IN,siggen/room2/temp,199
1619722488628,IN,siggen/room2/temp,199
1619722488628,OUT,mavg/room2/temp,199
1619722488629,IN,siggen/room2/rhum,199
1619722488629,IN,siggen/room2/rhum,199
1619722488629,OUT,mavg/room2/rhum,199
1619722488629,IN,siggen/room1/rhum,199
1619722488629,IN,siggen/room1/rhum,199
1619722488629,OUT,mavg/room1/rhum,199
1619722489586,IN,siggen/room1/temp,200
1619722489586,IN,siggen/room1/temp,200
1619722489586,OUT,mavg/room1/temp,200
1619722489587,IN,siggen/room2/temp,200
1619722489587,IN,siggen/room2/temp,200
1619722489587,OUT,mavg/room2/temp,200
1619722489587,IN,siggen/room2/rhum,200
1619722489587,IN,siggen/room2/rhum,200
1619722489587,OUT,mavg/room2/rhum,200
1619722489588,IN,siggen/room1/rhum,200
1619722489588,IN,siggen/room1/rhum,200
1619722489588,OUT,mavg/room1/rhum,200
1619722490586,IN,siggen/room1/temp,201
1619722490586,IN,siggen/room1/temp,201
1619722490628,OUT,mavg/room1/temp,201
1619722490628,IN,siggen/room2/temp,201
1619722490628,IN,siggen/room2/temp,201
1619722490629,OUT,mavg/room2/temp,201
1619722490629,IN,siggen/room2/rhum,201
1619722490629,IN,siggen/room2/rhum,201
1619722490629,OUT,mavg/room2/rhum,201
1619722490629,IN,siggen/room1/rhum,201
1619722490629,IN,siggen/room1/rhum,201
1619722490629,OUT,mavg/room1/rhum,201
1619722491587,IN,siggen/room1/temp,202
1619722491587,IN,siggen/room1/temp,202
1619722491587,OUT,mavg/room1/temp,202
1619722491587,IN,siggen/room2/temp,202
1619722491587,IN,siggen/room2/temp,202
1619722491587,OUT,mavg/room2/temp,202
1619722491588,IN,siggen/room2/rhum,202
1619722491588,IN,siggen/room2/rhum,202
1619722491588,OUT,mavg/room2/rhum,202
1619722491588,IN,siggen/room1/rhum,202
1619722491588,IN,siggen/room1/rhum,202
1619722491588,OUT,mavg/room1/rhum,202
1619722492587,IN,siggen/room1/temp,203
1619722492587,IN,siggen/room1/temp,203
1619722492636,OUT,mavg/room1/temp,203
1619722492637,IN,siggen/room2/temp,203
1619722492637,IN,siggen/room2/temp,203
1619722492637,OUT,mavg/room2/temp,203
1619722492638,IN,siggen/room2/rhum,203
1619722492638,IN,siggen/room2/rhum,203
1619722492639,OUT,mavg/room2/rhum,203
1619722492639,IN,siggen/room1/rhum,203
1619722492639,IN,siggen/room1/rhum,203
1619722492640,OUT,mavg/room1/rhum,203
1619722493588,IN,siggen/room1/temp,204
1619722493588,IN,siggen/room1/temp,204
1619722493589,OUT,mavg/room1/temp,204
1619722493589,IN,siggen/room2/temp,204
1619722493589,IN,siggen/room2/temp,204
1619722493589,OUT,mavg/room2/temp,204
1619722493589,IN,siggen/room2/rhum,204
1619722493589,IN,siggen/room2/rhum,204
1619722493589,OUT,mavg/room2/rhum,204
1619722493589,IN,siggen/room1/rhum,204
1619722493589,IN,siggen/room1/rhum,204
1619722493590,OUT,mavg/room1/rhum,204
1619722494589,IN,siggen/room1/temp,205
1619722494589,IN,siggen/room1/temp,205
1619722494632,OUT,mavg/room1/temp,205
1619722494632,IN,siggen/room2/temp,205
1619722494632,IN,siggen/room2/temp,205
1619722494633,OUT,mavg/room2/temp,205
1619722494633,IN,siggen/room2/rhum,205
1619722494633,IN,siggen/room2/rhum,205
1619722494633,OUT,mavg/room2/rhum,205
1619722494633,IN,siggen/room1/rhum,205
1619722494633,IN,siggen/room1/rhum,205
1619722494633,OUT,mavg/room1/rhum,205
1619722495589,IN,siggen/room1/temp,206
1619722495589,IN,siggen/room1/temp,206
1619722495590,OUT,mavg/room1/temp,206
1619722495590,IN,siggen/room2/rhum,206
1619722495590,IN,siggen/room2/rhum,206
1619722495590,OUT,mavg/room2/rhum,206
1619722495590,IN,siggen/room1/rhum,206
1619722495590,IN,siggen/room1/rhum,206
1619722495590,OUT,mavg/room1/rhum,206
1619722495590,IN,siggen/room2/temp,206
1619722495590,IN,siggen/room2/temp,206
1619722495590,OUT,mavg/room2/temp,206
1619722496590,IN,siggen/room1/temp,207
1619722496590,IN,siggen/room1/temp,207
1619722496632,OUT,mavg/room1/temp,207
1619722496633,IN,siggen/room2/temp,207
1619722496633,IN,siggen/room2/temp,207
1619722496633,OUT,mavg/room2/temp,207
1619722496634,IN,siggen/room2/rhum,207
1619722496634,IN,siggen/room2/rhum,207
1619722496634,OUT,mavg/room2/rhum,207
1619722496635,IN,siggen/room1/rhum,207
1619722496635,IN,siggen/room1/rhum,207
1619722496635,OUT,mavg/room1/rhum,207
1619722497590,IN,siggen/room1/temp,208
1619722497590,IN,siggen/room1/temp,208
1619722497591,OUT,mavg/room1/temp,208
1619722497591,IN,siggen/room2/rhum,208
1619722497591,IN,siggen/room2/rhum,208
1619722497591,OUT,mavg/room2/rhum,208
1619722497591,IN,siggen/room2/temp,208
1619722497591,IN,siggen/room2/temp,208
1619722497592,OUT,mavg/room2/temp,208
1619722497592,IN,siggen/room1/rhum,208
1619722497592,IN,siggen/room1/rhum,208
1619722497592,OUT,mavg/room1/rhum,208
1619722498591,IN,siggen/room1/temp,209
1619722498591,IN,siggen/room1/temp,209
1619722498632,OUT,mavg/room1/temp,209
1619722498633,IN,siggen/room2/temp,209
1619722498633,IN,siggen/room2/temp,209
1619722498633,OUT,mavg/room2/temp,209
1619722498634,IN,siggen/room2/rhum,209
1619722498634,IN,siggen/room2/rhum,209
1619722498635,OUT,mavg/room2/rhum,209
1619722498635,IN,siggen/room1/rhum,209
1619722498635,IN,siggen/room1/rhum,209
1619722498636,OUT,mavg/room1/rhum,209
1619722499593,IN,siggen/room1/temp,210
1619722499593,IN,siggen/room1/temp,210
1619722499594,OUT,mavg/room1/temp,210
1619722499594,IN,siggen/room2/temp,210
1619722499594,IN,siggen/room2/temp,210
1619722499595,OUT,mavg/room2/temp,210
1619722499595,IN,siggen/room2/rhum,210
1619722499595,IN,siggen/room2/rhum,210
1619722499596,OUT,mavg/room2/rhum,210
1619722499596,IN,siggen/room1/rhum,210
1619722499596,IN,siggen/room1/rhum,210
1619722499597,OUT,mavg/room1/rhum,210
1619722500593,IN,siggen/room1/temp,211
1619722500593,IN,siggen/room1/temp,211
1619722500636,OUT,mavg/room1/temp,211
1619722500636,IN,siggen/room2/temp,211
1619722500636,IN,siggen/room2/temp,211
1619722500637,OUT,mavg/room2/temp,211
1619722500637,IN,siggen/room2/rhum,211
1619722500637,IN,siggen/room2/rhum,211
1619722500637,OUT,mavg/room2/rhum,211
1619722500637,IN,siggen/room1/rhum,211
1619722500637,IN,siggen/room1/rhum,211
1619722500638,OUT,mavg/room1/rhum,211
1619722501593,IN,siggen/room1/temp,212
1619722501593,IN,siggen/room1/temp,212
1619722501594,OUT,mavg/room1/temp,212
1619722501594,IN,siggen/room2/temp,212
1619722501594,IN,siggen/room2/temp,212
1619722501594,OUT,mavg/room2/temp,212
1619722501594,IN,siggen/room2/rhum,212
1619722501594,IN,siggen/room2/rhum,212
1619722501594,OUT,mavg/room2/rhum,212
1619722501594,IN,siggen/room1/rhum,212
1619722501594,IN,siggen/room1/rhum,212
1619722501594,OUT,mavg/room1/rhum,212
1619722502594,IN,siggen/room2/temp,213
1619722502594,IN,siggen/room2/temp,213
1619722502640,OUT,mavg/room2/temp,213
1619722502640,IN,siggen/room1/temp,213
1619722502640,IN,siggen/room1/temp,213
1619722502640,OUT,mavg/room1/temp,213
1619722502641,IN,siggen/room2/rhum,213
1619722502641,IN,siggen/room2/rhum,213
1619722502641,OUT,mavg/room2/rhum,213
1619722502641,IN,siggen/room1/rhum,213
1619722502641,IN,siggen/room1/rhum,213
1619722502641,OUT,mavg/room1/rhum,213
1619722503594,IN,siggen/room1/temp,214
1619722503594,IN,siggen/room1/temp,214
1619722503595,OU