# timestamp,line
1619722280387,make[1]: Entering directory '/home/rj/privat/sdu/iot/simple-java-test-harness/src/pipeline'
1619722280411,java -classpath ".:org.eclipse.paho.client.mqttv3-1.2.5.jar:json-20140107.jar" Mqtt_Client
1619722289430,IN,func/room1/ahum,0
1619722289431,IN,func/room2/ahum,0
1619722289433,IN,func/room2/ahum,0
1619722289469,IN,func/room1/ahum,0
1619722290354,IN,func/room1/ahum,1
1619722290355,IN,func/room2/ahum,1
1619722290404,IN,func/room2/ahum,1
1619722290406,IN,func/room1/ahum,1
1619722291354,IN,func/room1/ahum,2
1619722291399,IN,func/room2/ahum,2
1619722291402,IN,func/room2/ahum,2
1619722291404,IN,func/room1/ahum,2
1619722292399,IN,func/room2/ahum,3
1619722292401,IN,func/room2/ahum,3
1619722292446,IN,func/room1/ahum,3
1619722292446,IN,func/room1/ahum,3
1619722293357,IN,func/room2/ahum,4
1619722293357,IN,func/room1/ahum,4
1619722293358,IN,func/room1/ahum,4
1619722293402,IN,func/room2/ahum,4
1619722294406,IN,func/room1/ahum,5
1619722294407,IN,func/room2/ahum,5
1619722294408,IN,func/room2/ahum,5
1619722294409,IN,func/room1/ahum,5
1619722295362,IN,func/room1/ahum,6
1619722295363,IN,func/room1/ahum,6
1619722295406,IN,func/room2/ahum,6
1619722295407,IN,func/room2/ahum,6
1619722296406,IN,func/room1/ahum,7
1619722296407,IN,func/room1/ahum,7
1619722296449,IN,func/room2/ahum,7
1619722296450,IN,func/room2/ahum,7
1619722297367,IN,func/room2/ahum,8
1619722297368,IN,func/room1/ahum,8
1619722297410,IN,func/room1/ahum,8
1619722297412,IN,func/room2/ahum,8
1619722298407,IN,func/room2/ahum,9
1619722298408,IN,func/room2/ahum,9
1619722298453,IN,func/room1/ahum,9
1619722298454,IN,func/room1/ahum,9
1619722299367,IN,func/room2/ahum,10
1619722299413,IN,func/room1/ahum,10
1619722299417,IN,func/room1/ahum,10
1619722299419,IN,func/room2/ahum,10
1619722300368,IN,func/room1/ahum,11
1619722300411,IN,func/room1/ahum,11
1619722300413,IN,func/room2/ahum,11
1619722300457,IN,func/room2/ahum,11
1619722301410,IN,func/room2/ahum,12
1619722301411,IN,func/room1/ahum,12
1619722301413,IN,func/room1/ahum,12
1619722301414,IN,func/room2/ahum,12
1619722302372,IN,func/room2/ahum,13
1619722302420,IN,func/room1/ahum,13
1619722302423,IN,func/room2/ahum,13
1619722302509,IN,func/room1/ahum,13
1619722303416,IN,func/room1/ahum,14
1619722303419,IN,func/room2/ahum,14
1619722303421,IN,func/room2/ahum,14
1619722303466,IN,func/room1/ahum,14
1619722304373,IN,func/room1/ahum,15
1619722304418,IN,func/room2/ahum,15
1619722304419,IN,func/room2/ahum,15
1619722304420,IN,func/room1/ahum,15
1619722305374,IN,func/room1/ahum,16
1619722305462,IN,func/room2/ahum,16
1619722305463,IN,func/room2/ahum,16
1619722305506,IN,func/room1/ahum,16
1619722306378,IN,func/room1/ahum,17
1619722306380,IN,func/room2/ahum,17
1619722306382,IN,func/room2/ahum,17
1619722306429,IN,func/room1/ahum,17
1619722307422,IN,func/room1/ahum,18
1619722307423,IN,func/room2/ahum,18
1619722307467,IN,func/room2/ahum,18
1619722307469,IN,func/room1/ahum,18
1619722308378,IN,func/room1/ahum,19
1619722308378,IN,func/room2/ahum,19
1619722308379,IN,func/room2/ahum,19
1619722308380,IN,func/room1/ahum,19
1619722309378,IN,func/room1/ahum,20
1619722309422,IN,func/room1/ahum,20
1619722309423,IN,func/room2/ahum,20
1619722309423,IN,func/room2/ahum,20
1619722310422,IN,func/room1/ahum,21
1619722310422,IN,func/room2/ahum,21
1619722310423,IN,func/room2/ahum,21
1619722310424,IN,func/room1/ahum,21
1619722311380,IN,func/room1/ahum,22
1619722311423,IN,func/room2/ahum,22
1619722311425,IN,func/room2/ahum,22
1619722311470,IN,func/room1/ahum,22
1619722312422,IN,func/room1/ahum,23
1619722312422,IN,func/room2/ahum,23
1619722312423,IN,func/room2/ahum,23
1619722312424,IN,func/room1/ahum,23
1619722313381,IN,func/room1/ahum,24
1619722313426,IN,func/room2/ahum,24
1619722313427,IN,func/room2/ahum,24
1619722313469,IN,func/room1/ahum,24
1619722314426,IN,func/room2/ahum,25
1619722314427,IN,func/room2/ahum,25
1619722314428,IN,func/room1/ahum,25
1619722314428,IN,func/room1/ahum,25
1619722315384,IN,func/room2/ahum,26
1619722315473,IN,func/room1/ahum,26
1619722315473,IN,func/room2/ahum,26
1619722315474,IN,func/room1/ahum,26
1619722316433,IN,func/room1/ahum,27
1619722316477,IN,func/room2/ahum,27
1619722316478,IN,func/room2/ahum,27
1619722316523,IN,func/room1/ahum,27
1619722317389,IN,func/room1/ahum,28
1619722317390,IN,func/room2/ahum,28
1619722317392,IN,func/room2/ahum,28
1619722317393,IN,func/room1/ahum,28
1619722318438,IN,func/room2/ahum,29
1619722318439,IN,func/room1/ahum,29
1619722318481,IN,func/room1/ahum,29
1619722318481,IN,func/room2/ahum,29
1619722319392,IN,func/room2/ahum,30
1619722319434,IN,func/room1/ahum,30
1619722319479,IN,func/room1/ahum,30
1619722319481,IN,func/room2/ahum,30
1619722320434,IN,func/room2/ahum,31
1619722320434,IN,func/room1/ahum,31
1619722320477,IN,func/room1/ahum,31
1619722320478,IN,func/room2/ahum,31
1619722321396,IN,func/room2/ahum,32
1619722321397,IN,func/room1/ahum,32
1619722321399,IN,func/room2/ahum,32
1619722321441,IN,func/room1/ahum,32
1619722322437,IN,func/room1/ahum,33
1619722322438,IN,func/room2/ahum,33
1619722322438,IN,func/room2/ahum,33
1619722322439,IN,func/room1/ahum,33
1619722323394,IN,func/room1/ahum,34
1619722323437,IN,func/room2/ahum,34
1619722323438,IN,func/room2/ahum,34
1619722323439,IN,func/room1/ahum,34
1619722324441,IN,func/room1/ahum,35
1619722324442,IN,func/room2/ahum,35
1619722324443,IN,func/room2/ahum,35
1619722324443,IN,func/room1/ahum,35
1619722325398,IN,func/room1/ahum,36
1619722325443,IN,func/room2/ahum,36
1619722325445,IN,func/room2/ahum,36
1619722325447,IN,func/room1/ahum,36
1619722326441,IN,func/room1/ahum,37
1619722326442,IN,func/room2/ahum,37
1619722326485,IN,func/room1/ahum,37
1619722326486,IN,func/room2/ahum,37
1619722327403,IN,func/room1/ahum,38
1619722327450,IN,func/room2/ahum,38
1619722327451,IN,func/room2/ahum,38
1619722327497,IN,func/room1/ahum,38
1619722328451,IN,func/room2/ahum,39
1619722328452,IN,func/room2/ahum,39
1619722328453,IN,func/room1/ahum,39
1619722328497,IN,func/room1/ahum,39
1619722329404,IN,func/room2/ahum,40
1619722329453,IN,func/room1/ahum,40
1619722329453,IN,func/room2/ahum,40
1619722329454,IN,func/room1/ahum,40
1619722330449,IN,func/room1/ahum,41
1619722330450,IN,func/room1/ahum,41
1619722330450,IN,func/room2/ahum,41
1619722330451,IN,func/room2/ahum,41
1619722331409,IN,func/room1/ahum,42
1619722331453,IN,func/room1/ahum,42
1619722331497,IN,func/room2/ahum,42
1619722331498,IN,func/room2/ahum,42
1619722332406,IN,func/room2/ahum,43
1619722332456,IN,func/room1/ahum,43
1619722332503,IN,func/room2/ahum,43
1619722332504,IN,func/room1/ahum,43
1619722333408,IN,func/room2/ahum,44
1619722333408,IN,func/room2/ahum,44
1619722333409,IN,func/room1/ahum,44
1619722333409,IN,func/room1/ahum,44
1619722334459,IN,func/room1/ahum,45
1619722334503,IN,func/room2/ahum,45
1619722334506,IN,func/room2/ahum,45
1619722334597,IN,func/room1/ahum,45
1619722335410,IN,func/room1/ahum,46
1619722335410,IN,func/room2/ahum,46
1619722335411,IN,func/room1/ahum,46
1619722335412,IN,func/room2/ahum,46
1619722336454,IN,func/room1/ahum,47
1619722336454,IN,func/room2/ahum,47
1619722336497,IN,func/room2/ahum,47
1619722336498,IN,func/room1/ahum,47
1619722337412,IN,func/room1/ahum,48
1619722337413,IN,func/room2/ahum,48
1619722337458,IN,func/room1/ahum,48
1619722337458,IN,func/room2/ahum,48
1619722338459,IN,func/room1/ahum,49
1619722338461,IN,func/room2/ahum,49
1619722338507,IN,func/room2/ahum,49
1619722338508,IN,func/room1/ahum,49
1619722339415,IN,func/room1/ahum,50
1619722339415,IN,func/room2/ahum,50
1619722339415,IN,func/room1/ahum,50
1619722339416,IN,func/room2/ahum,50
1619722340458,IN,func/room1/ahum,51
1619722340460,IN,func/room2/ahum,51
1619722340502,IN,func/room1/ahum,51
1619722340504,IN,func/room2/ahum,51
1619722341417,IN,func/room1/ahum,52
1619722341417,IN,func/room1/ahum,52
1619722341417,IN,func/room2/ahum,52
1619722341418,IN,func/room2/ahum,52
1619722342463,IN,func/room1/ahum,53
1619722342465,IN,func/room2/ahum,53
1619722342557,IN,func/room2/ahum,53
1619722342559,IN,func/room1/ahum,53
1619722343462,IN,func/room1/ahum,54
1619722343463,IN,func/room2/ahum,54
1619722343464,IN,func/room2/ahum,54
1619722343465,IN,func/room1/ahum,54
1619722344419,IN,func/room1/ahum,55
1619722344419,IN,func/room2/ahum,55
1619722344420,IN,func/room1/ahum,55
1619722344421,IN,func/room2/ahum,55
1619722345463,IN,func/room1/ahum,56
1619722345465,IN,func/room2/ahum,56
1619722345510,IN,func/room2/ahum,56
1619722345510,IN,func/room1/ahum,56
1619722346421,IN,func/room1/ahum,57
1619722346421,IN,func/room2/ahum,57
1619722346422,IN,func/room2/ahum,57
1619722346422,IN,func/room1/ahum,57
1619722347465,IN,func/room2/ahum,58
1619722347467,IN,func/room1/ahum,58
1619722347467,IN,func/room1/ahum,58
1619722347468,IN,func/room2/ahum,58
1619722348424,IN,func/room2/ahum,59
1619722348465,IN,func/room1/ahum,59
1619722348465,IN,func/room2/ahum,59
1619722348473,IN,func/room1/ahum,59
1619722349465,IN,func/room1/ahum,60
1619722349466,IN,func/room2/ahum,60
1619722349509,IN,func/room2/ahum,60
1619722349510,IN,func/room1/ahum,60
1619722350471,IN,func/room2/ahum,61
1619722350472,IN,func/room2/ahum,61
1619722350473,IN,func/room1/ahum,61
1619722350517,IN,func/room1/ahum,61
1619722351428,IN,func/room1/ahum,62
1619722351473,IN,func/room2/ahum,62
1619722351473,IN,func/room2/ahum,62
1619722351474,IN,func/room1/ahum,62
1619722352470,IN,func/room1/ahum,63
1619722352471,IN,func/room1/ahum,63
1619722352473,IN,func/room2/ahum,63
1619722352474,IN,func/room2/ahum,63
1619722353433,IN,func/room2/ahum,64
1619722353481,IN,func/room1/ahum,64
1619722353482,IN,func/room1/ahum,64
1619722353482,IN,func/room2/ahum,64
1619722354432,IN,func/room1/ahum,65
1619722354433,IN,func/room2/ahum,65
1619722354434,IN,func/room2/ahum,65
1619722354477,IN,func/room1/ahum,65
1619722355478,IN,func/room1/ahum,66
1619722355479,IN,func/room2/ahum,66
1619722355521,IN,func/room1/ahum,66
1619722355521,IN,func/room2/ahum,66
1619722356435,IN,func/room1/ahum,67
1619722356436,IN,func/room2/ahum,67
1619722356437,IN,func/room2/ahum,67
1619722356480,IN,func/room1/ahum,67
1619722357483,IN,func/room1/ahum,68
1619722357526,IN,func/room1/ahum,68
1619722357527,IN,func/room2/ahum,68
1619722357528,IN,func/room2/ahum,68
1619722358436,IN,func/room2/ahum,69
1619722358436,IN,func/room1/ahum,69
1619722358481,IN,func/room2/ahum,69
1619722358481,IN,func/room1/ahum,69
1619722359483,IN,func/room1/ahum,70
1619722359484,IN,func/room2/ahum,70
1619722359533,IN,func/room2/ahum,70
1619722359535,IN,func/room1/ahum,70
1619722360437,IN,func/room1/ahum,71
1619722360438,IN,func/room1/ahum,71
1619722360438,IN,func/room2/ahum,71
1619722360438,IN,func/room2/ahum,71
1619722361483,IN,func/room2/ahum,72
1619722361484,IN,func/room2/ahum,72
1619722361572,IN,func/room1/ahum,72
1619722361573,IN,func/room1/ahum,72
1619722362439,IN,func/room1/ahum,73
1619722362439,IN,func/room2/ahum,73
1619722362440,IN,func/room2/ahum,73
1619722362440,IN,func/room1/ahum,73
1619722363487,IN,func/room2/ahum,74
1619722363489,IN,func/room1/ahum,74
1619722363577,IN,func/room1/ahum,74
1619722363579,IN,func/room2/ahum,74
1619722364444,IN,func/room1/ahum,75
1619722364445,IN,func/room2/ahum,75
1619722364490,IN,func/room1/ahum,75
1619722364492,IN,func/room2/ahum,75
1619722365487,IN,func/room1/ahum,76
1619722365487,IN,func/room2/ahum,76
1619722365488,IN,func/room1/ahum,76
1619722365488,IN,func/room2/ahum,76
1619722366443,IN,func/room1/ahum,77
1619722366485,IN,func/room1/ahum,77
1619722366486,IN,func/room2/ahum,77
1619722366488,IN,func/room2/ahum,77
1619722367487,IN,func/room1/ahum,78
1619722367488,IN,func/room1/ahum,78
1619722367489,IN,func/room2/ahum,78
1619722367532,IN,func/room2/ahum,78
1619722368444,IN,func/room1/ahum,79
1619722368489,IN,func/room2/ahum,79
1619722368489,IN,func/room2/ahum,79
1619722368490,IN,func/room1/ahum,79
1619722369489,IN,func/room1/ahum,80
1619722369490,IN,func/room2/ahum,80
1619722369490,IN,func/room2/ahum,80
1619722369490,IN,func/room1/ahum,80
1619722370445,IN,func/room1/ahum,81
1619722370493,IN,func/room2/ahum,81
1619722370493,IN,func/room2/ahum,81
1619722370494,IN,func/room1/ahum,81
1619722371493,IN,func/room1/ahum,82
1619722371493,IN,func/room2/ahum,82
1619722371494,IN,func/room2/ahum,82
1619722371494,IN,func/room1/ahum,82
1619722372451,IN,func/room1/ahum,83
1619722372493,IN,func/room2/ahum,83
1619722372494,IN,func/room2/ahum,83
1619722372538,IN,func/room1/ahum,83
1619722373450,IN,func/room2/ahum,84
1619722373451,IN,func/room2/ahum,84
1619722373452,IN,func/room1/ahum,84
1619722373453,IN,func/room1/ahum,84
1619722374493,IN,func/room1/ahum,85
1619722374493,IN,func/room2/ahum,85
1619722374537,IN,func/room2/ahum,85
1619722374537,IN,func/room1/ahum,85
1619722375452,IN,func/room1/ahum,86
1619722375453,IN,func/room2/ahum,86
1619722375454,IN,func/room2/ahum,86
1619722375497,IN,func/room1/ahum,86
1619722376493,IN,func/room2/ahum,87
1619722376537,IN,func/room1/ahum,87
1619722376538,IN,func/room2/ahum,87
1619722376539,IN,func/room1/ahum,87
1619722377453,IN,func/room1/ahum,88
1619722377453,IN,func/room2/ahum,88
1619722377454,IN,func/room2/ahum,88
1619722377454,IN,func/room1/ahum,88
1619722378455,IN,func/room1/ahum,89
1619722378497,IN,func/room2/ahum,89
1619722378497,IN,func/room2/ahum,89
1619722378498,IN,func/room1/ahum,89
1619722379501,IN,func/room1/ahum,90
1619722379501,IN,func/room2/ahum,90
1619722379502,IN,func/room2/ahum,90
1619722379502,IN,func/room1/ahum,90
1619722380457,IN,func/room2/ahum,91
1619722380501,IN,func/room2/ahum,91
1619722380548,IN,func/room1/ahum,91
1619722380549,IN,func/room1/ahum,91
1619722381497,IN,func/room2/ahum,92
1619722381497,IN,func/room1/ahum,92
1619722381498,IN,func/room1/ahum,92
1619722381498,IN,func/room2/ahum,92
1619722382459,IN,func/room2/ahum,93
1619722382501,IN,func/room1/ahum,93
1619722382501,IN,func/room2/ahum,93
1619722382501,IN,func/room1/ahum,93
1619722383505,IN,func/room1/ahum,94
1619722383506,IN,func/room2/ahum,94
1619722383506,IN,func/room2/ahum,94
1619722383507,IN,func/room1/ahum,94
1619722384460,IN,func/room1/ahum,95
1619722384461,IN,func/room2/ahum,95
1619722384462,IN,func/room2/ahum,95
1619722384506,IN,func/room1/ahum,95
1619722385501,IN,func/room1/ahum,96
1619722385502,IN,func/room2/ahum,96
1619722385502,IN,func/room2/ahum,96
1619722385502,IN,func/room1/ahum,96
1619722386462,IN,func/room1/ahum,97
1619722386509,IN,func/room2/ahum,97
1619722386509,IN,func/room2/ahum,97
1619722386510,IN,func/room1/ahum,97
1619722387507,IN,func/room1/ahum,98
1619722387508,IN,func/room2/ahum,98
1619722387509,IN,func/room2/ahum,98
1619722387552,IN,func/room1/ahum,98
1619722388465,IN,func/room2/ahum,99
1619722388509,IN,func/room1/ahum,99
1619722388509,IN,func/room2/ahum,99
1619722388510,IN,func/room1/ahum,99
1619722389513,IN,func/room1/ahum,100
1619722389514,IN,func/room2/ahum,100
1619722389515,IN,func/room2/ahum,100
1619722389516,IN,func/room1/ahum,100
1619722390466,IN,func/room1/ahum,101
1619722390467,IN,func/room2/ahum,101
1619722390510,IN,func/room2/ahum,101
1619722390511,IN,func/room1/ahum,101
1619722391514,IN,func/room1/ahum,102
1619722391515,IN,func/room2/ahum,102
1619722391517,IN,func/room2/ahum,102
1619722391560,IN,func/room1/ahum,102
1619722392513,IN,func/room1/ahum,103
1619722392557,IN,func/room2/ahum,103
1619722392557,IN,func/room2/ahum,103
1619722392557,IN,func/room1/ahum,103
1619722393468,IN,func/room1/ahum,104
1619722393469,IN,func/room2/ahum,104
1619722393469,IN,func/room2/ahum,104
1619722393469,IN,func/room1/ahum,104
1619722394514,IN,func/room2/ahum,105
1619722394515,IN,func/room1/ahum,105
1619722394561,IN,func/room2/ahum,105
1619722394561,IN,func/room1/ahum,105
1619722395471,IN,func/room1/ahum,106
1619722395472,IN,func/room2/ahum,106
1619722395473,IN,func/room2/ahum,106
1619722395516,IN,func/room1/ahum,106
1619722396513,IN,func/room2/ahum,107
1619722396513,IN,func/room1/ahum,107
1619722396557,IN,func/room2/ahum,107
1619722396557,IN,func/room1/ahum,107
1619722397472,IN,func/room1/ahum,108
1619722397473,IN,func/room2/ahum,108
1619722397473,IN,func/room2/ahum,108
1619722397474,IN,func/room1/ahum,108
1619722398518,IN,func/room1/ahum,109
1619722398519,IN,func/room2/ahum,109
1619722398561,IN,func/room1/ahum,109
1619722398561,IN,func/room2/ahum,109
1619722399473,IN,func/room1/ahum,110
1619722399474,IN,func/room1/ahum,110
1619722399474,IN,func/room2/ahum,110
1619722399474,IN,func/room2/ahum,110
1619722400518,IN,func/room1/ahum,111
1619722400561,IN,func/room2/ahum,111
1619722400561,IN,func/room2/ahum,111
1619722400561,IN,func/room1/ahum,111
1619722401476,IN,func/room1/ahum,112
1619722401476,IN,func/room2/ahum,112
1619722401520,IN,func/room2/ahum,112
1619722401525,IN,func/room1/ahum,112
1619722402521,IN,func/room1/ahum,113
1619722402565,IN,func/room2/ahum,113
1619722402565,IN,func/room2/ahum,113
1619722402565,IN,func/room1/ahum,113
1619722403476,IN,func/room1/ahum,114
1619722403476,IN,func/room2/ahum,114
1619722403477,IN,func/room2/ahum,114
1619722403477,IN,func/room1/ahum,114
1619722404478,IN,func/room1/ahum,115
1619722404522,IN,func/room2/ahum,115
1619722404523,IN,func/room1/ahum,115
1619722404565,IN,func/room2/ahum,115
1619722405521,IN,func/room1/ahum,116
1619722405521,IN,func/room2/ahum,116
1619722405522,IN,func/room2/ahum,116
1619722405522,IN,func/room1/ahum,116
1619722406480,IN,func/room1/ahum,117
1619722406568,IN,func/room2/ahum,117
1619722406569,IN,func/room2/ahum,117
1619722406570,IN,func/room1/ahum,117
1619722407525,IN,func/room1/ahum,118
1619722407525,IN,func/room2/ahum,118
1619722407526,IN,func/room2/ahum,118
1619722407526,IN,func/room1/ahum,118
1619722408481,IN,func/room1/ahum,119
1619722408525,IN,func/room2/ahum,119
1619722408525,IN,func/room2/ahum,119
1619722408525,IN,func/room1/ahum,119
1619722409525,IN,func/room1/ahum,120
1619722409526,IN,func/room2/ahum,120
1619722409526,IN,func/room2/ahum,120
1619722409527,IN,func/room1/ahum,120
1619722410483,IN,func/room2/ahum,121
1619722410524,IN,func/room1/ahum,121
1619722410525,IN,func/room2/ahum,121
1619722410525,IN,func/room1/ahum,121
1619722411530,IN,func/room1/ahum,122
1619722411531,IN,func/room2/ahum,122
1619722411531,IN,func/room1/ahum,122
1619722411531,IN,func/room2/ahum,122
1619722412486,IN,func/room2/ahum,123
1619722412530,IN,func/room2/ahum,123
1619722412532,IN,func/room1/ahum,123
1619722412572,IN,func/room1/ahum,123
1619722413529,IN,func/room2/ahum,124
1619722413529,IN,func/room1/ahum,124
1619722413529,IN,func/room2/ahum,124
1619722413530,IN,func/room1/ahum,124
1619722414486,IN,func/room1/ahum,125
1619722414487,IN,func/room1/ahum,125
1619722414487,IN,func/room2/ahum,125
1619722414488,IN,func/room2/ahum,125
1619722415487,IN,func/room1/ahum,126
1619722415533,IN,func/room2/ahum,126
1619722415533,IN,func/room1/ahum,126
1619722415533,IN,func/room2/ahum,126
1619722416529,IN,func/room1/ahum,127
1619722416530,IN,func/room2/ahum,127
1619722416530,IN,func/room2/ahum,127
1619722416531,IN,func/room1/ahum,127
1619722417492,IN,func/room1/ahum,128
1619722417534,IN,func/room2/ahum,128
1619722417535,IN,func/room2/ahum,128
1619722417536,IN,func/room1/ahum,128
1619722418534,IN,func/room1/ahum,129
1619722418534,IN,func/room2/ahum,129
1619722418535,IN,func/room1/ahum,129
1619722418536,IN,func/room2/ahum,129
1619722419491,IN,func/room1/ahum,130
1619722419538,IN,func/room2/ahum,130
1619722419539,IN,func/room2/ahum,130
1619722419540,IN,func/room1/ahum,130
1619722420533,IN,func/room1/ahum,131
1619722420534,IN,func/room2/ahum,131
1619722420534,IN,func/room2/ahum,131
1619722420535,IN,func/room1/ahum,131
1619722421494,IN,func/room1/ahum,132
1619722421537,IN,func/room2/ahum,132
1619722421538,IN,func/room2/ahum,132
1619722421539,IN,func/room1/ahum,132
1619722422537,IN,func/room1/ahum,133
1619722422537,IN,func/room2/ahum,133
1619722422538,IN,func/room2/ahum,133
1619722422538,IN,func/room1/ahum,133
1619722423495,IN,func/room1/ahum,134
1619722423537,IN,func/room2/ahum,134
1619722423537,IN,func/room2/ahum,134
1619722423537,IN,func/room1/ahum,134
1619722424541,IN,func/room1/ahum,135
1619722424587,IN,func/room2/ahum,135
1619722424588,IN,func/room2/ahum,135
1619722424634,IN,func/room1/ahum,135
1619722425497,IN,func/room1/ahum,136
1619722425497,IN,func/room2/ahum,136
1619722425497,IN,func/room2/ahum,136
1619722425544,IN,func/room1/ahum,136
1619722426541,IN,func/room1/ahum,137
1619722426541,IN,func/room2/ahum,137
1619722426585,IN,func/room2/ahum,137
1619722426585,IN,func/room1/ahum,137
1619722427500,IN,func/room1/ahum,138
1619722427500,IN,func/room2/ahum,138
1619722427501,IN,func/room2/ahum,138
1619722427501,IN,func/room1/ahum,138
1619722428541,IN,func/room1/ahum,139
1619722428541,IN,func/room2/ahum,139
1619722428585,IN,func/room2/ahum,139
1619722428585,IN,func/room1/ahum,139
1619722429545,IN,func/room1/ahum,140
1619722429546,IN,func/room2/ahum,140
1619722429546,IN,func/room2/ahum,140
1619722429547,IN,func/room1/ahum,140
1619722430503,IN,func/room1/ahum,141
1619722430549,IN,func/room2/ahum,141
1619722430549,IN,func/room2/ahum,141
1619722430549,IN,func/room1/ahum,141
1619722431545,IN,func/room1/ahum,142
1619722431545,IN,func/room2/ahum,142
1619722431546,IN,func/room2/ahum,142
1619722431546,IN,func/room1/ahum,142
1619722432506,IN,func/room1/ahum,143
1619722432549,IN,func/room2/ahum,143
1619722432549,IN,func/room2/ahum,143
1619722432549,IN,func/room1/ahum,143
1619722433505,IN,func/room1/ahum,144
1619722433549,IN,func/room2/ahum,144
1619722433593,IN,func/room2/ahum,144
1619722433593,IN,func/room1/ahum,144
1619722434549,IN,func/room2/ahum,145
1619722434550,IN,func/room1/ahum,145
1619722434550,IN,func/room1/ahum,145
1619722434550,IN,func/room2/ahum,145
1619722435508,IN,func/room1/ahum,146
1619722435549,IN,func/room2/ahum,146
1619722435549,IN,func/room2/ahum,146
1619722435553,IN,func/room1/ahum,146
1619722436549,IN,func/room1/ahum,147
1619722436550,IN,func/room2/ahum,147
1619722436593,IN,func/room2/ahum,147
1619722436593,IN,func/room1/ahum,147
1619722437509,IN,func/room1/ahum,148
1619722437509,IN,func/room2/ahum,148
1619722437510,IN,func/room2/ahum,148
1619722437511,IN,func/room1/ahum,148
1619722438553,IN,func/room1/ahum,149
1619722438597,IN,func/room2/ahum,149
1619722438641,IN,func/room2/ahum,149
1619722438641,IN,func/room1/ahum,149
1619722439512,IN,func/room1/ahum,150
1619722439513,IN,func/room2/ahum,150
1619722439515,IN,func/room2/ahum,150
1619722439560,IN,func/room1/ahum,150
1619722440553,IN,func/room1/ahum,151
1619722440554,IN,func/room2/ahum,151
1619722440554,IN,func/room2/ahum,151
1619722440555,IN,func/room1/ahum,151
1619722441513,IN,func/room1/ahum,152
1619722441558,IN,func/room2/ahum,152
1619722441559,IN,func/room2/ahum,152
1619722441560,IN,func/room1/ahum,152
1619722442557,IN,func/room1/ahum,153
1619722442605,IN,func/room2/ahum,153
1619722442605,IN,func/room2/ahum,153
1619722442606,IN,func/room1/ahum,153
1619722443515,IN,func/room1/ahum,154
1619722443516,IN,func/room2/ahum,154
1619722443516,IN,func/room2/ahum,154
1619722443516,IN,func/room1/ahum,154
1619722444558,IN,func/room1/ahum,155
1619722444559,IN,func/room2/ahum,155
1619722444605,IN,func/room2/ahum,155
1619722444605,IN,func/room1/ahum,155
1619722445517,IN,func/room2/ahum,156
1619722445517,IN,func/room1/ahum,156
1619722445518,IN,func/room2/ahum,156
1619722445564,IN,func/room1/ahum,156
1619722446562,IN,func/room1/ahum,157
1619722446563,IN,func/room2/ahum,157
1619722446606,IN,func/room2/ahum,157
1619722446607,IN,func/room1/ahum,157
1619722447521,IN,func/room1/ahum,158
1619722447522,IN,func/room2/ahum,158
1619722447523,IN,func/room2/ahum,158
1619722447569,IN,func/room1/ahum,158
1619722448563,IN,func/room1/ahum,159
1619722448605,IN,func/room2/ahum,159
1619722448605,IN,func/room2/ahum,159
1619722448605,IN,func/room1/ahum,159
1619722449520,IN,func/room1/ahum,160
1619722449520,IN,func/room2/ahum,160
1619722449569,IN,func/room2/ahum,160
1619722449569,IN,func/room1/ahum,160
1619722450570,IN,func/room1/ahum,161
1619722450613,IN,func/room2/ahum,161
1619722450658,IN,func/room2/ahum,161
1619722450659,IN,func/room1/ahum,161
1619722451522,IN,func/room1/ahum,162
1619722451523,IN,func/room2/ahum,162
1619722451524,IN,func/room2/ahum,162
1619722451525,IN,func/room1/ahum,162
1619722452565,IN,func/room1/ahum,163
1619722452565,IN,func/room2/ahum,163
1619722452612,IN,func/room2/ahum,163
1619722452613,IN,func/room1/ahum,163
1619722453526,IN,func/room1/ahum,164
1619722453526,IN,func/room2/ahum,164
1619722453527,IN,func/room2/ahum,164
1619722453527,IN,func/room1/ahum,164
1619722454566,IN,func/room1/ahum,165
1619722454566,IN,func/room2/ahum,165
1619722454566,IN,func/room2/ahum,165
1619722454567,IN,func/room1/ahum,165
1619722455526,IN,func/room1/ahum,166
1619722455527,IN,func/room2/ahum,166
1619722455569,IN,func/room2/ahum,166
1619722455569,IN,func/room1/ahum,166
1619722456570,IN,func/room1/ahum,167
1619722456571,IN,func/room2/ahum,167
1619722456572,IN,func/room2/ahum,167
1619722456572,IN,func/room1/ahum,167
1619722457528,IN,func/room1/ahum,168
1619722457572,IN,func/room2/ahum,168
1619722457617,IN,func/room1/ahum,168
1619722457618,IN,func/room2/ahum,168
1619722458569,IN,func/room1/ahum,169
1619722458569,IN,func/room2/ahum,169
1619722458569,IN,func/room1/ahum,169
1619722458570,IN,func/room2/ahum,169
1619722459561,IN,func/room1/ahum,170
1619722459606,IN,func/room2/ahum,170
1619722459607,IN,func/room1/ahum,170
1619722459608,IN,func/room2/ahum,170
1619722460605,IN,func/room2/ahum,171
1619722460605,IN,func/room1/ahum,171
1619722460605,IN,func/room1/ahum,171
1619722460606,IN,func/room2/ahum,171
1619722461563,IN,func/room2/ahum,172
1619722461605,IN,func/room1/ahum,172
1619722461605,IN,func/room2/ahum,172
1619722461605,IN,func/room1/ahum,172
1619722462605,IN,func/room1/ahum,173
1619722462605,IN,func/room2/ahum,173
1619722462605,IN,func/room2/ahum,173
1619722462606,IN,func/room1/ahum,173
1619722463565,IN,func/room1/ahum,174
1619722463609,IN,func/room2/ahum,174
1619722463652,IN,func/room2/ahum,174
1619722463653,IN,func/room1/ahum,174
1619722464609,IN,func/room1/ahum,175
1619722464609,IN,func/room2/ahum,175
1619722464610,IN,func/room2/ahum,175
1619722464610,IN,func/room1/ahum,175
1619722465568,IN,func/room1/ahum,176
1619722465609,IN,func/room2/ahum,176
1619722465609,IN,func/room2/ahum,176
1619722465613,IN,func/room1/ahum,176
1619722466610,IN,func/room1/ahum,177
1619722466611,IN,func/room2/ahum,177
1619722466653,IN,func/room2/ahum,177
1619722466653,IN,func/room1/ahum,177
1619722467569,IN,func/room1/ahum,178
1619722467570,IN,func/room2/ahum,178
1619722467570,IN,func/room1/ahum,178
1619722467570,IN,func/room2/ahum,178
1619722468614,IN,func/room1/ahum,179
1619722468656,IN,func/room2/ahum,179
1619722468657,IN,func/room2/ahum,179
1619722468657,IN,func/room1/ahum,179
1619722469572,IN,func/room1/ahum,180
1619722469573,IN,func/room2/ahum,180
1619722469573,IN,func/room2/ahum,180
1619722469617,IN,func/room1/ahum,180
1619722470613,IN,func/room1/ahum,181
1619722470657,IN,func/room2/ahum,181
1619722470657,IN,func/room2/ahum,181
1619722470657,IN,func/room1/ahum,181
1619722471572,IN,func/room1/ahum,182
1619722471572,IN,func/room2/ahum,182
1619722471572,IN,func/room1/ahum,182
1619722471621,IN,func/room2/ahum,182
1619722472617,IN,func/room1/ahum,183
1619722472617,IN,func/room2/ahum,183
1619722472617,IN,func/room2/ahum,183
1619722472618,IN,func/room1/ahum,183
1619722473574,IN,func/room1/ahum,184
1619722473620,IN,func/room2/ahum,184
1619722473621,IN,func/room2/ahum,184
1619722473621,IN,func/room1/ahum,184
1619722474617,IN,func/room1/ahum,185
1619722474617,IN,func/room2/ahum,185
1619722474617,IN,func/room2/ahum,185
1619722474619,IN,func/room1/ahum,185
1619722475576,IN,func/room2/ahum,186
1619722475624,IN,func/room1/ahum,186
1619722475668,IN,func/room1/ahum,186
1619722475669,IN,func/room2/ahum,186
1619722476621,IN,func/room1/ahum,187
1619722476665,IN,func/room2/ahum,187
1619722476665,IN,func/room2/ahum,187
1619722476666,IN,func/room1/ahum,187
1619722477579,IN,func/room1/ahum,188
1619722477580,IN,func/room2/ahum,188
1619722477581,IN,func/room2/ahum,188
1619722477581,IN,func/room1/ahum,188
1619722478621,IN,func/room2/ahum,189
1619722478670,IN,func/room1/ahum,189
1619722478670,IN,func/room2/ahum,189
1619722478671,IN,func/room1/ahum,189
1619722479580,IN,func/room2/ahum,190
1619722479581,IN,func/room2/ahum,190
1619722479624,IN,func/room1/ahum,190
1619722479669,IN,func/room1/ahum,190
1619722480621,IN,func/room1/ahum,191
1619722480621,IN,func/room2/ahum,191
1619722480664,IN,func/room2/ahum,191
1619722480665,IN,func/room1/ahum,191
1619722481581,IN,func/room1/ahum,192
1619722481582,IN,func/room2/ahum,192
1619722481582,IN,func/room1/ahum,192
1619722481583,IN,func/room2/ahum,192
1619722482629,IN,func/room1/ahum,193
1619722482630,IN,func/room2/ahum,193
1619722482630,IN,func/room1/ahum,193
1619722482630,IN,func/room2/ahum,193
1619722483585,IN,func/room1/ahum,194
1619722483632,IN,func/room2/ahum,194
1619722483633,IN,func/room2/ahum,194
1619722483633,IN,func/room1/ahum,194
1619722484625,IN,func/room2/ahum,195
1619722484625,IN,func/room1/ahum,195
1619722484625,IN,func/room1/ahum,195
1619722484626,IN,func/room2/ahum,195
1619722485586,IN,func/room1/ahum,196
1619722485629,IN,func/room2/ahum,196
1619722485673,IN,func/room2/ahum,196
1619722485673,IN,func/room1/ahum,196
1619722486633,IN,func/room1/ahum,197
1619722486633,IN,func/room2/ahum,197
1619722486633,IN,func/room2/ahum,197
1619722486633,IN,func/room1/ahum,197
1619722487586,IN,func/room1/ahum,198
1619722487629,IN,func/room2/ahum,198
1619722487629,IN,func/room1/ahum,198
1619722487629,IN,func/room2/ahum,198
1619722488629,IN,func/room1/ahum,199
1619722488629,IN,func/room2/ahum,199
1619722488629,IN,func/room2/ahum,199
1619722488629,IN,func/room1/ahum,199
1619722489588,IN,func/room1/ahum,200
1619722489629,IN,func/room2/ahum,200
1619722489630,IN,func/room2/ahum,200
1619722489630,IN,func/room1/ahum,200
1619722490629,IN,func/room1/ahum,201
1619722490629,IN,func/room2/ahum,201
1619722490629,IN,func/room2/ahum,201
1619722490630,IN,func/room1/ahum,201
1619722491588,IN,func/room1/ahum,202
1619722491637,IN,func/room2/ahum,202
1619722491637,IN,func/room2/ahum,202
1619722491637,IN,func/room1/ahum,202
1619722492638,IN,func/room1/ahum,203
1619722492641,IN,func/room2/ahum,203
1619722492684,IN,func/room2/ahum,203
1619722492685,IN,func/room1/ahum,203
1619722493590,IN,func/room1/ahum,204
1619722493632,IN,func/room2/ahum,204
1619722493632,IN,func/room2/ahum,204
1619722493633,IN,func/room1/ahum,204
1619722494633,IN,func/room1/ahum,205
1619722494633,IN,func/room2/ahum,205
1619722494634,IN,func/room2/ahum,205
1619722494634,IN,func/room1/ahum,205
1619722495590,IN,func/room1/ahum,206
1619722495636,IN,func/room2/ahum,206
1619722495637,IN,func/room1/ahum,206
1619722495637,IN,func/room2/ahum,206
1619722496635,IN,func/room1/ahum,207
1619722496635,IN,func/room2/ahum,207
1619722496636,IN,func/room2/ahum,207
1619722496637,IN,func/room1/ahum,207
1619722497591,IN,func/room1/ahum,208
1619722497592,IN,func/room2/ahum,208
1619722497638,IN,func/room2/ahum,208
1619722497639,IN,func/room1/ahum,208
1619722498634,IN,func/room1/ahum,209
1619722498635,IN,func/room2/ahum,209
1619722498636,IN,func/room2/ahum,209
1619722498637,IN,func/room1/ahum,209
1619722499596,IN,func/room1/ahum,210
1619722499596,IN,func/room2/ahum,210
1619722499597,IN,func/room2/ahum,210
1619722499684,IN,func/room1/ahum,210
1619722500637,IN,func/room1/ahum,211
1619722500638,IN,func/room2/ahum,211
1619722500638,IN,func/room2/ahum,211
1619722500638,IN,func/room1/ahum,211
1619722501594,IN,func/room1/ahum,212
1619722501637,IN,func/room2/ahum,212
1619722501637,IN,func/room2/ahum,212
1619722501637,IN,func/room1/ahum,212
1619722502641,IN,func/room2/ahum,213
1619722502641,IN,func/room1/ahum,213
1619722502642,IN,func/room2/ahum,213
1619722502642,IN,func/room1/ahum,213
1619722503596,IN,func/room1/ahum,214
1619722503641,IN,func/room2/ahum,214
1619722503641,IN,func/room2/ahum,214
1619722503641,IN,func/room1/ahum,214
1619722504637,IN,func/room1/ahum,215
1619722504637,IN,func/room2/ahum,215
1619722504637,IN,func/room2/ahum,215
1619722504638,IN,func/room1/ahum,215
1619722505597,IN,func/room2/ahum,216
1619722505640,IN,func/room2/ahum,216
1619722505641,IN,func/room1/ahum,216
1619722505641,IN,func/room1/ahum,216
1619722506641,IN,func/room2/ahum,217
1619722506641,IN,func/room1/ahum,217
1619722506641,IN,func/room2/ahum,217
1619722506641,IN,func/room1/ahum,217
1619722507598,IN,func/room2/ahum,218
1619722507641,IN,func/room1/ahum,218
1619722507641,IN,func/room1/ahum,218
1619722507641,IN,func/room2/ahum,218
1619722508641,IN,func/room2/ahum,219
1619722508641,IN,func/room1/ahum,219
1619722508641,IN,func/room1/ahum,219
1619722508642,IN,func/room2/ahum,219
1619722509645,IN,func/room1/ahum,220
1619722509645,IN,func/room2/ahum,220
1619722509688,IN,func/room2/ahum,220
1619722509689,IN,func/room1/ahum,220
1619722510602,IN,func/room2/ahum,221
1619722510602,IN,func/room2/ahum,221
1619722510603,IN,func/room1/ahum,221
1619722510604,IN,func/room1/ahum,221
1619722511603,IN,func/room2/ahum,222
1619722511604,IN,func/room2/ahum,222
1619722511648,IN,func/room1/ahum,222
1619722511649