# timestamp,line
1619722288705,make[1]: Entering directory '/home/rj/privat/sdu/iot/simple-java-test-harness/src/pipeline'
1619722288743,java -classpath ".:org.eclipse.paho.client.mqttv3-1.2.5.jar:json-20140107.jar" MqttSignalGenerator
1619722289350,OUT,siggen/room1/temp,0
1619722289350,OUT,siggen/room1/rhum,0
1619722289350,OUT,siggen/room2/rhum,0
1619722289350,OUT,siggen/room2/temp,0
1619722290351,OUT,siggen/room1/temp,1
1619722290351,OUT,siggen/room2/rhum,1
1619722290351,OUT,siggen/room2/temp,1
1619722290351,OUT,siggen/room1/rhum,1
1619722291352,OUT,siggen/room1/temp,2
1619722291352,OUT,siggen/room1/rhum,2
1619722291352,OUT,siggen/room2/rhum,2
1619722291352,OUT,siggen/room2/temp,2
1619722292353,OUT,siggen/room1/temp,3
1619722292353,OUT,siggen/room2/temp,3
1619722292353,OUT,siggen/room1/rhum,3
1619722292353,OUT,siggen/room2/rhum,3
1619722293354,OUT,siggen/room2/temp,4
1619722293354,OUT,siggen/room1/rhum,4
1619722293354,OUT,siggen/room2/rhum,4
1619722293354,OUT,siggen/room1/temp,4
1619722294356,OUT,siggen/room1/temp,5
1619722294356,OUT,siggen/room1/rhum,5
1619722294356,OUT,siggen/room2/rhum,5
1619722294356,OUT,siggen/room2/temp,5
1619722295357,OUT,siggen/room1/temp,6
1619722295357,OUT,siggen/room1/rhum,6
1619722295357,OUT,siggen/room2/rhum,6
1619722295357,OUT,siggen/room2/temp,6
1619722296358,OUT,siggen/room1/temp,7
1619722296358,OUT,siggen/room1/rhum,7
1619722296358,OUT,siggen/room2/rhum,7
1619722296358,OUT,siggen/room2/temp,7
1619722297368,OUT,siggen/room2/rhum,8
1619722297368,OUT,siggen/room2/temp,8
1619722297368,OUT,siggen/room1/temp,8
1619722297368,OUT,siggen/room1/rhum,8
1619722298361,OUT,siggen/room2/temp,9
1619722298361,OUT,siggen/room2/rhum,9
1619722298361,OUT,siggen/room1/rhum,9
1619722298361,OUT,siggen/room1/temp,9
1619722299362,OUT,siggen/room2/temp,10
1619722299362,OUT,siggen/room1/rhum,10
1619722299362,OUT,siggen/room1/temp,10
1619722299363,OUT,siggen/room2/rhum,10
1619722300364,OUT,siggen/room1/rhum,11
1619722300364,OUT,siggen/room2/rhum,11
1619722300364,OUT,siggen/room1/temp,11
1619722300364,OUT,siggen/room2/temp,11
1619722301364,OUT,siggen/room2/rhum,12
1619722301365,OUT,siggen/room1/rhum,12
1619722301365,OUT,siggen/room2/temp,12
1619722301365,OUT,siggen/room1/temp,12
1619722302366,OUT,siggen/room2/temp,13
1619722302366,OUT,siggen/room1/temp,13
1619722302366,OUT,siggen/room2/rhum,13
1619722302367,OUT,siggen/room1/rhum,13
1619722303368,OUT,siggen/room1/temp,14
1619722303368,OUT,siggen/room2/temp,14
1619722303368,OUT,siggen/room2/rhum,14
1619722303368,OUT,siggen/room1/rhum,14
1619722304369,OUT,siggen/room1/temp,15
1619722304369,OUT,siggen/room2/temp,15
1619722304369,OUT,siggen/room2/rhum,15
1619722304370,OUT,siggen/room1/rhum,15
1619722305370,OUT,siggen/room1/temp,16
1619722305370,OUT,siggen/room2/temp,16
1619722305371,OUT,siggen/room1/rhum,16
1619722305371,OUT,siggen/room2/rhum,16
1619722306372,OUT,siggen/room1/temp,17
1619722306372,OUT,siggen/room2/temp,17
1619722306373,OUT,siggen/room1/rhum,17
1619722306373,OUT,siggen/room2/rhum,17
1619722307374,OUT,siggen/room1/temp,18
1619722307374,OUT,siggen/room2/temp,18
1619722307374,OUT,siggen/room2/rhum,18
1619722307374,OUT,siggen/room1/rhum,18
1619722308375,OUT,siggen/room1/temp,19
1619722308375,OUT,siggen/room1/rhum,19
1619722308375,OUT,siggen/room2/temp,19
1619722308375,OUT,siggen/room2/rhum,19
1619722309376,OUT,siggen/room1/temp,20
1619722309376,OUT,siggen/room2/temp,20
1619722309376,OUT,siggen/room2/rhum,20
1619722309376,OUT,siggen/room1/rhum,20
1619722310376,OUT,siggen/room1/temp,21
1619722310377,OUT,siggen/room2/temp,21
1619722310377,OUT,siggen/room1/rhum,21
1619722310377,OUT,siggen/room2/rhum,21
1619722311377,OUT,siggen/room1/temp,22
1619722311377,OUT,siggen/room1/rhum,22
1619722311378,OUT,siggen/room2/rhum,22
1619722311378,OUT,siggen/room2/temp,22
1619722312378,OUT,siggen/room1/temp,23
1619722312378,OUT,siggen/room1/rhum,23
1619722312378,OUT,siggen/room2/temp,23
1619722312378,OUT,siggen/room2/rhum,23
1619722313379,OUT,siggen/room2/rhum,24
1619722313379,OUT,siggen/room1/temp,24
1619722313379,OUT,siggen/room1/rhum,24
1619722313379,OUT,siggen/room2/temp,24
1619722314381,OUT,siggen/room2/temp,25
1619722314381,OUT,siggen/room1/temp,25
1619722314381,OUT,siggen/room2/rhum,25
1619722314382,OUT,siggen/room1/rhum,25
1619722315382,OUT,siggen/room2/temp,26
1619722315382,OUT,siggen/room1/temp,26
1619722315382,OUT,siggen/room2/rhum,26
1619722315382,OUT,siggen/room1/rhum,26
1619722316383,OUT,siggen/room1/temp,27
1619722316383,OUT,siggen/room2/temp,27
1619722316383,OUT,siggen/room1/rhum,27
1619722316384,OUT,siggen/room2/rhum,27
1619722317385,OUT,siggen/room2/temp,28
1619722317385,OUT,siggen/room1/rhum,28
1619722317385,OUT,siggen/room2/rhum,28
1619722317385,OUT,siggen/room1/temp,28
1619722318386,OUT,siggen/room2/temp,29
1619722318387,OUT,siggen/room1/rhum,29
1619722318387,OUT,siggen/room1/temp,29
1619722318387,OUT,siggen/room2/rhum,29
1619722319388,OUT,siggen/room2/temp,30
1619722319388,OUT,siggen/room1/rhum,30
1619722319388,OUT,siggen/room1/temp,30
1619722319388,OUT,siggen/room2/rhum,30
1619722320388,OUT,siggen/room2/temp,31
1619722320389,OUT,siggen/room1/rhum,31
1619722320389,OUT,siggen/room1/temp,31
1619722320389,OUT,siggen/room2/rhum,31
1619722321390,OUT,siggen/room2/rhum,32
1619722321390,OUT,siggen/room2/temp,32
1619722321390,OUT,siggen/room1/temp,32
1619722321391,OUT,siggen/room1/rhum,32
1619722322391,OUT,siggen/room2/temp,33
1619722322391,OUT,siggen/room1/temp,33
1619722322391,OUT,siggen/room2/rhum,33
1619722322391,OUT,siggen/room1/rhum,33
1619722323392,OUT,siggen/room2/temp,34
1619722323392,OUT,siggen/room1/rhum,34
1619722323392,OUT,siggen/room1/temp,34
1619722323392,OUT,siggen/room2/rhum,34
1619722324394,OUT,siggen/room1/temp,35
1619722324394,OUT,siggen/room2/temp,35
1619722324394,OUT,siggen/room2/rhum,35
1619722324394,OUT,siggen/room1/rhum,35
1619722325395,OUT,siggen/room1/temp,36
1619722325395,OUT,siggen/room2/temp,36
1619722325395,OUT,siggen/room1/rhum,36
1619722325395,OUT,siggen/room2/rhum,36
1619722326396,OUT,siggen/room1/temp,37
1619722326396,OUT,siggen/room2/temp,37
1619722326397,OUT,siggen/room1/rhum,37
1619722326397,OUT,siggen/room2/rhum,37
1619722327398,OUT,siggen/room2/temp,38
1619722327398,OUT,siggen/room2/rhum,38
1619722327398,OUT,siggen/room1/rhum,38
1619722327398,OUT,siggen/room1/temp,38
1619722328399,OUT,siggen/room2/temp,39
1619722328399,OUT,siggen/room1/rhum,39
1619722328399,OUT,siggen/room2/rhum,39
1619722328399,OUT,siggen/room1/temp,39
1619722329401,OUT,siggen/room2/rhum,40
1619722329401,OUT,siggen/room2/temp,40
1619722329401,OUT,siggen/room1/rhum,40
1619722329401,OUT,siggen/room1/temp,40
1619722330402,OUT,siggen/room1/rhum,41
1619722330402,OUT,siggen/room1/temp,41
1619722330403,OUT,siggen/room2/temp,41
1619722330403,OUT,siggen/room2/rhum,41
1619722331404,OUT,siggen/room1/rhum,42
1619722331404,OUT,siggen/room2/temp,42
1619722331404,OUT,siggen/room2/rhum,42
1619722331404,OUT,siggen/room1/temp,42
1619722332405,OUT,siggen/room2/rhum,43
1619722332405,OUT,siggen/room2/temp,43
1619722332405,OUT,siggen/room1/rhum,43
1619722332405,OUT,siggen/room1/temp,43
1619722333406,OUT,siggen/room2/temp,44
1619722333406,OUT,siggen/room1/temp,44
1619722333406,OUT,siggen/room2/rhum,44
1619722333406,OUT,siggen/room1/rhum,44
1619722334409,OUT,siggen/room1/temp,45
1619722334409,OUT,siggen/room2/rhum,45
1619722334409,OUT,siggen/room1/rhum,45
1619722334409,OUT,siggen/room2/temp,45
1619722335408,OUT,siggen/room1/rhum,46
1619722335408,OUT,siggen/room2/temp,46
1619722335408,OUT,siggen/room1/temp,46
1619722335408,OUT,siggen/room2/rhum,46
1619722336410,OUT,siggen/room1/temp,47
1619722336410,OUT,siggen/room2/rhum,47
1619722336410,OUT,siggen/room1/rhum,47
1619722336410,OUT,siggen/room2/temp,47
1619722337411,OUT,siggen/room1/temp,48
1619722337411,OUT,siggen/room2/rhum,48
1619722337411,OUT,siggen/room1/rhum,48
1619722337411,OUT,siggen/room2/temp,48
1619722338412,OUT,siggen/room1/temp,49
1619722338412,OUT,siggen/room2/rhum,49
1619722338413,OUT,siggen/room1/rhum,49
1619722338413,OUT,siggen/room2/temp,49
1619722339413,OUT,siggen/room2/rhum,50
1619722339413,OUT,siggen/room1/temp,50
1619722339413,OUT,siggen/room1/rhum,50
1619722339413,OUT,siggen/room2/temp,50
1619722340414,OUT,siggen/room1/temp,51
1619722340414,OUT,siggen/room2/rhum,51
1619722340414,OUT,siggen/room1/rhum,51
1619722340414,OUT,siggen/room2/temp,51
1619722341415,OUT,siggen/room1/temp,52
1619722341415,OUT,siggen/room2/temp,52
1619722341415,OUT,siggen/room2/rhum,52
1619722341415,OUT,siggen/room1/rhum,52
1619722342415,OUT,siggen/room2/temp,53
1619722342415,OUT,siggen/room1/rhum,53
1619722342416,OUT,siggen/room1/temp,53
1619722342416,OUT,siggen/room2/rhum,53
1619722343416,OUT,siggen/room1/temp,54
1619722343416,OUT,siggen/room2/rhum,54
1619722343416,OUT,siggen/room1/rhum,54
1619722343417,OUT,siggen/room2/temp,54
1619722344417,OUT,siggen/room2/rhum,55
1619722344417,OUT,siggen/room1/rhum,55
1619722344417,OUT,siggen/room1/temp,55
1619722344417,OUT,siggen/room2/temp,55
1619722345418,OUT,siggen/room1/temp,56
1619722345418,OUT,siggen/room2/temp,56
1619722345418,OUT,siggen/room1/rhum,56
1619722345418,OUT,siggen/room2/rhum,56
1619722346419,OUT,siggen/room2/temp,57
1619722346419,OUT,siggen/room1/rhum,57
1619722346419,OUT,siggen/room1/temp,57
1619722346419,OUT,siggen/room2/rhum,57
1619722347420,OUT,siggen/room2/temp,58
1619722347420,OUT,siggen/room1/rhum,58
1619722347420,OUT,siggen/room2/rhum,58
1619722347420,OUT,siggen/room1/temp,58
1619722348421,OUT,siggen/room2/temp,59
1619722348421,OUT,siggen/room1/rhum,59
1619722348421,OUT,siggen/room1/temp,59
1619722348421,OUT,siggen/room2/rhum,59
1619722349422,OUT,siggen/room1/temp,60
1619722349422,OUT,siggen/room2/temp,60
1619722349422,OUT,siggen/room2/rhum,60
1619722349422,OUT,siggen/room1/rhum,60
1619722350423,OUT,siggen/room2/temp,61
1619722350423,OUT,siggen/room2/rhum,61
1619722350423,OUT,siggen/room1/rhum,61
1619722350424,OUT,siggen/room1/temp,61
1619722351425,OUT,siggen/room1/temp,62
1619722351425,OUT,siggen/room2/temp,62
1619722351425,OUT,siggen/room1/rhum,62
1619722351425,OUT,siggen/room2/rhum,62
1619722352426,OUT,siggen/room1/temp,63
1619722352426,OUT,siggen/room1/rhum,63
1619722352426,OUT,siggen/room2/rhum,63
1619722352427,OUT,siggen/room2/temp,63
1619722353428,OUT,siggen/room2/rhum,64
1619722353428,OUT,siggen/room1/rhum,64
1619722353428,OUT,siggen/room1/temp,64
1619722353428,OUT,siggen/room2/temp,64
1619722354429,OUT,siggen/room1/temp,65
1619722354429,OUT,siggen/room2/temp,65
1619722354429,OUT,siggen/room1/rhum,65
1619722354429,OUT,siggen/room2/rhum,65
1619722355430,OUT,siggen/room2/temp,66
1619722355430,OUT,siggen/room1/temp,66
1619722355430,OUT,siggen/room1/rhum,66
1619722355430,OUT,siggen/room2/rhum,66
1619722356431,OUT,siggen/room1/temp,67
1619722356431,OUT,siggen/room2/rhum,67
1619722356432,OUT,siggen/room1/rhum,67
1619722356432,OUT,siggen/room2/temp,67
1619722357432,OUT,siggen/room1/temp,68
1619722357432,OUT,siggen/room2/rhum,68
1619722357432,OUT,siggen/room2/temp,68
1619722357432,OUT,siggen/room1/rhum,68
1619722358433,OUT,siggen/room2/rhum,69
1619722358433,OUT,siggen/room1/rhum,69
1619722358433,OUT,siggen/room1/temp,69
1619722358434,OUT,siggen/room2/temp,69
1619722359435,OUT,siggen/room1/temp,70
1619722359435,OUT,siggen/room1/rhum,70
1619722359435,OUT,siggen/room2/rhum,70
1619722359435,OUT,siggen/room2/temp,70
1619722360435,OUT,siggen/room1/rhum,71
1619722360435,OUT,siggen/room2/rhum,71
1619722360435,OUT,siggen/room1/temp,71
1619722360435,OUT,siggen/room2/temp,71
1619722361436,OUT,siggen/room2/temp,72
1619722361436,OUT,siggen/room1/temp,72
1619722361436,OUT,siggen/room1/rhum,72
1619722361436,OUT,siggen/room2/rhum,72
1619722362437,OUT,siggen/room1/temp,73
1619722362437,OUT,siggen/room2/rhum,73
1619722362437,OUT,siggen/room1/rhum,73
1619722362437,OUT,siggen/room2/temp,73
1619722363438,OUT,siggen/room1/temp,74
1619722363438,OUT,siggen/room1/rhum,74
1619722363438,OUT,siggen/room2/rhum,74
1619722363438,OUT,siggen/room2/temp,74
1619722364439,OUT,siggen/room1/temp,75
1619722364439,OUT,siggen/room1/rhum,75
1619722364439,OUT,siggen/room2/rhum,75
1619722364439,OUT,siggen/room2/temp,75
1619722365440,OUT,siggen/room1/temp,76
1619722365440,OUT,siggen/room1/rhum,76
1619722365440,OUT,siggen/room2/temp,76
1619722365440,OUT,siggen/room2/rhum,76
1619722366441,OUT,siggen/room1/temp,77
1619722366441,OUT,siggen/room1/rhum,77
1619722366441,OUT,siggen/room2/temp,77
1619722366441,OUT,siggen/room2/rhum,77
1619722367442,OUT,siggen/room1/temp,78
1619722367442,OUT,siggen/room2/rhum,78
1619722367442,OUT,siggen/room1/rhum,78
1619722367442,OUT,siggen/room2/temp,78
1619722368442,OUT,siggen/room1/temp,79
1619722368442,OUT,siggen/room2/rhum,79
1619722368442,OUT,siggen/room2/temp,79
1619722368442,OUT,siggen/room1/rhum,79
1619722369443,OUT,siggen/room2/temp,80
1619722369443,OUT,siggen/room1/rhum,80
1619722369443,OUT,siggen/room2/rhum,80
1619722369443,OUT,siggen/room1/temp,80
1619722370444,OUT,siggen/room1/temp,81
1619722370444,OUT,siggen/room2/rhum,81
1619722370444,OUT,siggen/room2/temp,81
1619722370444,OUT,siggen/room1/rhum,81
1619722371444,OUT,siggen/room1/temp,82
1619722371445,OUT,siggen/room2/temp,82
1619722371445,OUT,siggen/room1/rhum,82
1619722371445,OUT,siggen/room2/rhum,82
1619722372446,OUT,siggen/room2/rhum,83
1619722372446,OUT,siggen/room2/temp,83
1619722372447,OUT,siggen/room1/rhum,83
1619722372447,OUT,siggen/room1/temp,83
1619722373447,OUT,siggen/room2/rhum,84
1619722373447,OUT,siggen/room2/temp,84
1619722373447,OUT,siggen/room1/temp,84
1619722373447,OUT,siggen/room1/rhum,84
1619722374448,OUT,siggen/room1/temp,85
1619722374449,OUT,siggen/room2/temp,85
1619722374449,OUT,siggen/room2/rhum,85
1619722374449,OUT,siggen/room1/rhum,85
1619722375450,OUT,siggen/room2/temp,86
1619722375450,OUT,siggen/room1/temp,86
1619722375450,OUT,siggen/room2/rhum,86
1619722375450,OUT,siggen/room1/rhum,86
1619722376451,OUT,siggen/room2/temp,87
1619722376451,OUT,siggen/room1/temp,87
1619722376451,OUT,siggen/room2/rhum,87
1619722376451,OUT,siggen/room1/rhum,87
1619722377451,OUT,siggen/room1/temp,88
1619722377451,OUT,siggen/room2/temp,88
1619722377451,OUT,siggen/room2/rhum,88
1619722377451,OUT,siggen/room1/rhum,88
1619722378452,OUT,siggen/room1/temp,89
1619722378452,OUT,siggen/room1/rhum,89
1619722378452,OUT,siggen/room2/rhum,89
1619722378452,OUT,siggen/room2/temp,89
1619722379453,OUT,siggen/room1/temp,90
1619722379453,OUT,siggen/room2/temp,90
1619722379453,OUT,siggen/room2/rhum,90
1619722379453,OUT,siggen/room1/rhum,90
1619722380454,OUT,siggen/room2/temp,91
1619722380454,OUT,siggen/room1/rhum,91
1619722380454,OUT,siggen/room2/rhum,91
1619722380454,OUT,siggen/room1/temp,91
1619722381454,OUT,siggen/room2/temp,92
1619722381455,OUT,siggen/room1/temp,92
1619722381455,OUT,siggen/room1/rhum,92
1619722381455,OUT,siggen/room2/rhum,92
1619722382456,OUT,siggen/room2/temp,93
1619722382456,OUT,siggen/room1/temp,93
1619722382456,OUT,siggen/room2/rhum,93
1619722382456,OUT,siggen/room1/rhum,93
1619722383457,OUT,siggen/room1/temp,94
1619722383457,OUT,siggen/room2/temp,94
1619722383457,OUT,siggen/room1/rhum,94
1619722383457,OUT,siggen/room2/rhum,94
1619722384457,OUT,siggen/room1/temp,95
1619722384458,OUT,siggen/room2/temp,95
1619722384458,OUT,siggen/room1/rhum,95
1619722384458,OUT,siggen/room2/rhum,95
1619722385458,OUT,siggen/room1/temp,96
1619722385458,OUT,siggen/room1/rhum,96
1619722385458,OUT,siggen/room2/temp,96
1619722385458,OUT,siggen/room2/rhum,96
1619722386460,OUT,siggen/room1/temp,97
1619722386460,OUT,siggen/room2/temp,97
1619722386460,OUT,siggen/room1/rhum,97
1619722386460,OUT,siggen/room2/rhum,97
1619722387461,OUT,siggen/room2/temp,98
1619722387461,OUT,siggen/room1/rhum,98
1619722387461,OUT,siggen/room1/temp,98
1619722387461,OUT,siggen/room2/rhum,98
1619722388462,OUT,siggen/room2/temp,99
1619722388462,OUT,siggen/room1/temp,99
1619722388462,OUT,siggen/room2/rhum,99
1619722388462,OUT,siggen/room1/rhum,99
1619722389463,OUT,siggen/room2/rhum,100
1619722389463,OUT,siggen/room1/rhum,100
1619722389463,OUT,siggen/room1/temp,100
1619722389463,OUT,siggen/room2/temp,100
1619722390464,OUT,siggen/room1/temp,101
1619722390464,OUT,siggen/room2/temp,101
1619722390464,OUT,siggen/room2/rhum,101
1619722390464,OUT,siggen/room1/rhum,101
1619722391465,OUT,siggen/room1/temp,102
1619722391465,OUT,siggen/room2/temp,102
1619722391465,OUT,siggen/room2/rhum,102
1619722391465,OUT,siggen/room1/rhum,102
1619722392466,OUT,siggen/room1/temp,103
1619722392466,OUT,siggen/room2/temp,103
1619722392466,OUT,siggen/room2/rhum,103
1619722392466,OUT,siggen/room1/rhum,103
1619722393466,OUT,siggen/room1/temp,104
1619722393466,OUT,siggen/room2/temp,104
1619722393466,OUT,siggen/room2/rhum,104
1619722393467,OUT,siggen/room1/rhum,104
1619722394468,OUT,siggen/room2/temp,105
1619722394468,OUT,siggen/room1/temp,105
1619722394468,OUT,siggen/room1/rhum,105
1619722394468,OUT,siggen/room2/rhum,105
1619722395468,OUT,siggen/room1/temp,106
1619722395468,OUT,siggen/room2/temp,106
1619722395469,OUT,siggen/room2/rhum,106
1619722395469,OUT,siggen/room1/rhum,106
1619722396469,OUT,siggen/room1/temp,107
1619722396469,OUT,siggen/room2/temp,107
1619722396469,OUT,siggen/room1/rhum,107
1619722396469,OUT,siggen/room2/rhum,107
1619722397470,OUT,siggen/room1/temp,108
1619722397470,OUT,siggen/room2/temp,108
1619722397470,OUT,siggen/room2/rhum,108
1619722397470,OUT,siggen/room1/rhum,108
1619722398471,OUT,siggen/room1/temp,109
1619722398471,OUT,siggen/room1/rhum,109
1619722398471,OUT,siggen/room2/rhum,109
1619722398471,OUT,siggen/room2/temp,109
1619722399472,OUT,siggen/room1/rhum,110
1619722399472,OUT,siggen/room1/temp,110
1619722399472,OUT,siggen/room2/temp,110
1619722399472,OUT,siggen/room2/rhum,110
1619722400472,OUT,siggen/room1/temp,111
1619722400472,OUT,siggen/room2/rhum,111
1619722400473,OUT,siggen/room2/temp,111
1619722400473,OUT,siggen/room1/rhum,111
1619722401473,OUT,siggen/room1/temp,112
1619722401473,OUT,siggen/room2/temp,112
1619722401473,OUT,siggen/room2/rhum,112
1619722401473,OUT,siggen/room1/rhum,112
1619722402474,OUT,siggen/room1/temp,113
1619722402474,OUT,siggen/room1/rhum,113
1619722402474,OUT,siggen/room2/rhum,113
1619722402474,OUT,siggen/room2/temp,113
1619722403475,OUT,siggen/room1/temp,114
1619722403475,OUT,siggen/room1/rhum,114
1619722403475,OUT,siggen/room2/temp,114
1619722403475,OUT,siggen/room2/rhum,114
1619722404475,OUT,siggen/room1/temp,115
1619722404475,OUT,siggen/room2/temp,115
1619722404475,OUT,siggen/room1/rhum,115
1619722404476,OUT,siggen/room2/rhum,115
1619722405477,OUT,siggen/room1/temp,116
1619722405477,OUT,siggen/room2/temp,116
1619722405477,OUT,siggen/room2/rhum,116
1619722405477,OUT,siggen/room1/rhum,116
1619722406478,OUT,siggen/room1/temp,117
1619722406478,OUT,siggen/room2/temp,117
1619722406478,OUT,siggen/room2/rhum,117
1619722406478,OUT,siggen/room1/rhum,117
1619722407478,OUT,siggen/room1/temp,118
1619722407478,OUT,siggen/room2/temp,118
1619722407478,OUT,siggen/room2/rhum,118
1619722407478,OUT,siggen/room1/rhum,118
1619722408479,OUT,siggen/room1/temp,119
1619722408479,OUT,siggen/room2/rhum,119
1619722408479,OUT,siggen/room2/temp,119
1619722408479,OUT,siggen/room1/rhum,119
1619722409480,OUT,siggen/room1/temp,120
1619722409480,OUT,siggen/room2/temp,120
1619722409481,OUT,siggen/room2/rhum,120
1619722409481,OUT,siggen/room1/rhum,120
1619722410481,OUT,siggen/room2/temp,121
1619722410481,OUT,siggen/room1/temp,121
1619722410481,OUT,siggen/room2/rhum,121
1619722410481,OUT,siggen/room1/rhum,121
1619722411482,OUT,siggen/room1/rhum,122
1619722411482,OUT,siggen/room2/rhum,122
1619722411482,OUT,siggen/room1/temp,122
1619722411482,OUT,siggen/room2/temp,122
1619722412483,OUT,siggen/room2/temp,123
1619722412483,OUT,siggen/room1/temp,123
1619722412483,OUT,siggen/room2/rhum,123
1619722412483,OUT,siggen/room1/rhum,123
1619722413484,OUT,siggen/room2/rhum,124
1619722413484,OUT,siggen/room1/temp,124
1619722413484,OUT,siggen/room1/rhum,124
1619722413484,OUT,siggen/room2/temp,124
1619722414485,OUT,siggen/room2/temp,125
1619722414485,OUT,siggen/room2/rhum,125
1619722414485,OUT,siggen/room1/rhum,125
1619722414485,OUT,siggen/room1/temp,125
1619722415486,OUT,siggen/room1/temp,126
1619722415486,OUT,siggen/room2/temp,126
1619722415486,OUT,siggen/room1/rhum,126
1619722415486,OUT,siggen/room2/rhum,126
1619722416486,OUT,siggen/room2/temp,127
1619722416486,OUT,siggen/room1/temp,127
1619722416486,OUT,siggen/room2/rhum,127
1619722416486,OUT,siggen/room1/rhum,127
1619722417487,OUT,siggen/room1/temp,128
1619722417487,OUT,siggen/room2/temp,128
1619722417487,OUT,siggen/room2/rhum,128
1619722417488,OUT,siggen/room1/rhum,128
1619722418488,OUT,siggen/room1/temp,129
1619722418488,OUT,siggen/room1/rhum,129
1619722418488,OUT,siggen/room2/temp,129
1619722418489,OUT,siggen/room2/rhum,129
1619722419489,OUT,siggen/room2/temp,130
1619722419489,OUT,siggen/room2/rhum,130
1619722419489,OUT,siggen/room1/temp,130
1619722419489,OUT,siggen/room1/rhum,130
1619722420490,OUT,siggen/room1/temp,131
1619722420490,OUT,siggen/room2/rhum,131
1619722420490,OUT,siggen/room1/rhum,131
1619722420490,OUT,siggen/room2/temp,131
1619722421491,OUT,siggen/room1/temp,132
1619722421491,OUT,siggen/room2/rhum,132
1619722421491,OUT,siggen/room2/temp,132
1619722421491,OUT,siggen/room1/rhum,132
1619722422492,OUT,siggen/room1/temp,133
1619722422492,OUT,siggen/room2/temp,133
1619722422492,OUT,siggen/room2/rhum,133
1619722422493,OUT,siggen/room1/rhum,133
1619722423493,OUT,siggen/room1/temp,134
1619722423493,OUT,siggen/room2/rhum,134
1619722423493,OUT,siggen/room2/temp,134
1619722423493,OUT,siggen/room1/rhum,134
1619722424494,OUT,siggen/room1/temp,135
1619722424494,OUT,siggen/room2/temp,135
1619722424494,OUT,siggen/room2/rhum,135
1619722424495,OUT,siggen/room1/rhum,135
1619722425495,OUT,siggen/room1/temp,136
1619722425495,OUT,siggen/room2/temp,136
1619722425495,OUT,siggen/room1/rhum,136
1619722425495,OUT,siggen/room2/rhum,136
1619722426496,OUT,siggen/room1/temp,137
1619722426496,OUT,siggen/room2/rhum,137
1619722426496,OUT,siggen/room1/rhum,137
1619722426496,OUT,siggen/room2/temp,137
1619722427497,OUT,siggen/room1/temp,138
1619722427497,OUT,siggen/room2/temp,138
1619722427497,OUT,siggen/room2/rhum,138
1619722427497,OUT,siggen/room1/rhum,138
1619722428498,OUT,siggen/room1/temp,139
1619722428498,OUT,siggen/room2/temp,139
1619722428498,OUT,siggen/room2/rhum,139
1619722428498,OUT,siggen/room1/rhum,139
1619722429499,OUT,siggen/room1/temp,140
1619722429499,OUT,siggen/room2/temp,140
1619722429499,OUT,siggen/room2/rhum,140
1619722429499,OUT,siggen/room1/rhum,140
1619722430500,OUT,siggen/room1/temp,141
1619722430500,OUT,siggen/room2/temp,141
1619722430500,OUT,siggen/room2/rhum,141
1619722430500,OUT,siggen/room1/rhum,141
1619722431501,OUT,siggen/room2/temp,142
1619722431501,OUT,siggen/room2/rhum,142
1619722431501,OUT,siggen/room1/temp,142
1619722431501,OUT,siggen/room1/rhum,142
1619722432502,OUT,siggen/room1/temp,143
1619722432502,OUT,siggen/room2/temp,143
1619722432502,OUT,siggen/room2/rhum,143
1619722432503,OUT,siggen/room1/rhum,143
1619722433503,OUT,siggen/room1/temp,144
1619722433503,OUT,siggen/room1/rhum,144
1619722433503,OUT,siggen/room2/temp,144
1619722433503,OUT,siggen/room2/rhum,144
1619722434504,OUT,siggen/room2/temp,145
1619722434504,OUT,siggen/room1/temp,145
1619722434504,OUT,siggen/room1/rhum,145
1619722434504,OUT,siggen/room2/rhum,145
1619722435505,OUT,siggen/room1/temp,146
1619722435505,OUT,siggen/room2/temp,146
1619722435505,OUT,siggen/room2/rhum,146
1619722435505,OUT,siggen/room1/rhum,146
1619722436505,OUT,siggen/room2/temp,147
1619722436505,OUT,siggen/room2/rhum,147
1619722436505,OUT,siggen/room1/temp,147
1619722436505,OUT,siggen/room1/rhum,147
1619722437506,OUT,siggen/room1/temp,148
1619722437506,OUT,siggen/room2/temp,148
1619722437506,OUT,siggen/room1/rhum,148
1619722437506,OUT,siggen/room2/rhum,148
1619722438507,OUT,siggen/room1/temp,149
1619722438507,OUT,siggen/room2/temp,149
1619722438508,OUT,siggen/room1/rhum,149
1619722438508,OUT,siggen/room2/rhum,149
1619722439509,OUT,siggen/room1/temp,150
1619722439509,OUT,siggen/room2/temp,150
1619722439509,OUT,siggen/room1/rhum,150
1619722439509,OUT,siggen/room2/rhum,150
1619722440510,OUT,siggen/room1/temp,151
1619722440510,OUT,siggen/room1/rhum,151
1619722440510,OUT,siggen/room2/temp,151
1619722440510,OUT,siggen/room2/rhum,151
1619722441511,OUT,siggen/room2/temp,152
1619722441511,OUT,siggen/room1/temp,152
1619722441511,OUT,siggen/room1/rhum,152
1619722441511,OUT,siggen/room2/rhum,152
1619722442511,OUT,siggen/room1/temp,153
1619722442511,OUT,siggen/room1/rhum,153
1619722442511,OUT,siggen/room2/temp,153
1619722442511,OUT,siggen/room2/rhum,153
1619722443512,OUT,siggen/room1/temp,154
1619722443513,OUT,siggen/room2/temp,154
1619722443513,OUT,siggen/room2/rhum,154
1619722443513,OUT,siggen/room1/rhum,154
1619722444513,OUT,siggen/room1/temp,155
1619722444513,OUT,siggen/room2/rhum,155
1619722444513,OUT,siggen/room2/temp,155
1619722444514,OUT,siggen/room1/rhum,155
1619722445514,OUT,siggen/room2/temp,156
1619722445514,OUT,siggen/room1/temp,156
1619722445514,OUT,siggen/room2/rhum,156
1619722445515,OUT,siggen/room1/rhum,156
1619722446515,OUT,siggen/room1/temp,157
1619722446515,OUT,siggen/room1/rhum,157
1619722446515,OUT,siggen/room2/rhum,157
1619722446516,OUT,siggen/room2/temp,157
1619722447517,OUT,siggen/room1/temp,158
1619722447517,OUT,siggen/room2/temp,158
1619722447517,OUT,siggen/room1/rhum,158
1619722447517,OUT,siggen/room2/rhum,158
1619722448518,OUT,siggen/room2/rhum,159
1619722448518,OUT,siggen/room1/rhum,159
1619722448518,OUT,siggen/room1/temp,159
1619722448518,OUT,siggen/room2/temp,159
1619722449518,OUT,siggen/room1/temp,160
1619722449518,OUT,siggen/room2/temp,160
1619722449518,OUT,siggen/room1/rhum,160
1619722449518,OUT,siggen/room2/rhum,160
1619722450519,OUT,siggen/room1/temp,161
1619722450519,OUT,siggen/room2/rhum,161
1619722450519,OUT,siggen/room1/rhum,161
1619722450519,OUT,siggen/room2/temp,161
1619722451520,OUT,siggen/room1/temp,162
1619722451520,OUT,siggen/room2/temp,162
1619722451520,OUT,siggen/room2/rhum,162
1619722451520,OUT,siggen/room1/rhum,162
1619722452521,OUT,siggen/room1/temp,163
1619722452521,OUT,siggen/room1/rhum,163
1619722452521,OUT,siggen/room2/temp,163
1619722452521,OUT,siggen/room2/rhum,163
1619722453522,OUT,siggen/room2/rhum,164
1619722453522,OUT,siggen/room1/temp,164
1619722453522,OUT,siggen/room2/temp,164
1619722453522,OUT,siggen/room1/rhum,164
1619722454523,OUT,siggen/room1/temp,165
1619722454523,OUT,siggen/room2/rhum,165
1619722454523,OUT,siggen/room2/temp,165
1619722454523,OUT,siggen/room1/rhum,165
1619722455524,OUT,siggen/room1/temp,166
1619722455524,OUT,siggen/room2/temp,166
1619722455524,OUT,siggen/room2/rhum,166
1619722455524,OUT,siggen/room1/rhum,166
1619722456524,OUT,siggen/room1/temp,167
1619722456525,OUT,siggen/room2/rhum,167
1619722456525,OUT,siggen/room1/rhum,167
1619722456525,OUT,siggen/room2/temp,167
1619722457525,OUT,siggen/room1/temp,168
1619722457526,OUT,siggen/room2/temp,168
1619722457526,OUT,siggen/room2/rhum,168
1619722457526,OUT,siggen/room1/rhum,168
1619722458526,OUT,siggen/room1/temp,169
1619722458526,OUT,siggen/room2/rhum,169
1619722458526,OUT,siggen/room1/rhum,169
1619722458527,OUT,siggen/room2/temp,169
1619722459560,OUT,siggen/room2/rhum,170
1619722459560,OUT,siggen/room2/temp,170
1619722459560,OUT,siggen/room1/rhum,170
1619722459560,OUT,siggen/room1/temp,170
1619722460560,OUT,siggen/room2/temp,171
1619722460560,OUT,siggen/room1/rhum,171
1619722460561,OUT,siggen/room2/rhum,171
1619722460561,OUT,siggen/room1/temp,171
1619722461561,OUT,siggen/room2/rhum,172
1619722461561,OUT,siggen/room1/temp,172
1619722461561,OUT,siggen/room2/temp,172
1619722461561,OUT,siggen/room1/rhum,172
1619722462562,OUT,siggen/room1/temp,173
1619722462562,OUT,siggen/room2/temp,173
1619722462562,OUT,siggen/room2/rhum,173
1619722462562,OUT,siggen/room1/rhum,173
1619722463563,OUT,siggen/room2/temp,174
1619722463563,OUT,siggen/room1/temp,174
1619722463563,OUT,siggen/room1/rhum,174
1619722463563,OUT,siggen/room2/rhum,174
1619722464564,OUT,siggen/room1/temp,175
1619722464564,OUT,siggen/room2/rhum,175
1619722464564,OUT,siggen/room2/temp,175
1619722464564,OUT,siggen/room1/rhum,175
1619722465565,OUT,siggen/room1/temp,176
1619722465565,OUT,siggen/room2/temp,176
1619722465565,OUT,siggen/room1/rhum,176
1619722465565,OUT,siggen/room2/rhum,176
1619722466566,OUT,siggen/room1/temp,177
1619722466566,OUT,siggen/room2/rhum,177
1619722466566,OUT,siggen/room2/temp,177
1619722466566,OUT,siggen/room1/rhum,177
1619722467567,OUT,siggen/room1/temp,178
1619722467567,OUT,siggen/room2/rhum,178
1619722467567,OUT,siggen/room1/rhum,178
1619722467567,OUT,siggen/room2/temp,178
1619722468568,OUT,siggen/room1/temp,179
1619722468568,OUT,siggen/room2/rhum,179
1619722468568,OUT,siggen/room2/temp,179
1619722468568,OUT,siggen/room1/rhum,179
1619722469569,OUT,siggen/room2/rhum,180
1619722469569,OUT,siggen/room2/temp,180
1619722469569,OUT,siggen/room1/temp,180
1619722469569,OUT,siggen/room1/rhum,180
1619722470570,OUT,siggen/room2/temp,181
1619722470570,OUT,siggen/room1/temp,181
1619722470570,OUT,siggen/room1/rhum,181
1619722470570,OUT,siggen/room2/rhum,181
1619722471570,OUT,siggen/room1/rhum,182
1619722471570,OUT,siggen/room1/temp,182
1619722471570,OUT,siggen/room2/temp,182
1619722471571,OUT,siggen/room2/rhum,182
1619722472571,OUT,siggen/room1/temp,183
1619722472571,OUT,siggen/room2/rhum,183
1619722472571,OUT,siggen/room1/rhum,183
1619722472571,OUT,siggen/room2/temp,183
1619722473572,OUT,siggen/room2/rhum,184
1619722473572,OUT,siggen/room1/temp,184
1619722473572,OUT,siggen/room2/temp,184
1619722473572,OUT,siggen/room1/rhum,184
1619722474573,OUT,siggen/room1/temp,185
1619722474573,OUT,siggen/room2/rhum,185
1619722474573,OUT,siggen/room1/rhum,185
1619722474573,OUT,siggen/room2/temp,185
1619722475574,OUT,siggen/room2/rhum,186
1619722475574,OUT,siggen/room1/temp,186
1619722475574,OUT,siggen/room1/rhum,186
1619722475574,OUT,siggen/room2/temp,186
1619722476575,OUT,siggen/room1/temp,187
1619722476575,OUT,siggen/room2/rhum,187
1619722476575,OUT,siggen/room2/temp,187
1619722476575,OUT,siggen/room1/rhum,187
1619722477576,OUT,siggen/room1/temp,188
1619722477576,OUT,siggen/room2/temp,188
1619722477576,OUT,siggen/room2/rhum,188
1619722477576,OUT,siggen/room1/rhum,188
1619722478577,OUT,siggen/room2/rhum,189
1619722478577,OUT,siggen/room1/rhum,189
1619722478577,OUT,siggen/room1/temp,189
1619722478577,OUT,siggen/room2/temp,189
1619722479577,OUT,siggen/room2/temp,190
1619722479578,OUT,siggen/room1/temp,190
1619722479578,OUT,siggen/room2/rhum,190
1619722479578,OUT,siggen/room1/rhum,190
1619722480578,OUT,siggen/room1/temp,191
1619722480578,OUT,siggen/room2/temp,191
1619722480579,OUT,siggen/room1/rhum,191
1619722480579,OUT,siggen/room2/rhum,191
1619722481579,OUT,siggen/room1/temp,192
1619722481579,OUT,siggen/room1/rhum,192
1619722481579,OUT,siggen/room2/temp,192
1619722481579,OUT,siggen/room2/rhum,192
1619722482580,OUT,siggen/room1/temp,193
1619722482581,OUT,siggen/room2/temp,193
1619722482581,OUT,siggen/room2/rhum,193
1619722482581,OUT,siggen/room1/rhum,193
1619722483582,OUT,siggen/room2/rhum,194
1619722483582,OUT,siggen/room1/temp,194
1619722483582,OUT,siggen/room1/rhum,194
1619722483582,OUT,siggen/room2/temp,194
1619722484582,OUT,siggen/room2/rhum,195
1619722484582,OUT,siggen/room1/temp,195
1619722484582,OUT,siggen/room2/temp,195
1619722484582,OUT,siggen/room1/rhum,195
1619722485583,OUT,siggen/room1/temp,196
1619722485583,OUT,siggen/room2/temp,196
1619722485583,OUT,siggen/room2/rhum,196
1619722485583,OUT,siggen/room1/rhum,196
1619722486584,OUT,siggen/room1/temp,197
1619722486584,OUT,siggen/room2/temp,197
1619722486584,OUT,siggen/room2/rhum,197
1619722486584,OUT,siggen/room1/rhum,197
1619722487584,OUT,siggen/room1/temp,198
1619722487584,OUT,siggen/room2/rhum,198
1619722487584,OUT,siggen/room1/rhum,198
1619722487584,OUT,siggen/room2/temp,198
1619722488585,OUT,siggen/room1/temp,199
1619722488585,OUT,siggen/room2/temp,199
1619722488585,OUT,siggen/room1/rhum,199
1619722488585,OUT,siggen/room2/rhum,199
1619722489586,OUT,siggen/room1/temp,200
1619722489586,OUT,siggen/room2/rhum,200
1619722489586,OUT,siggen/room2/temp,200
1619722489586,OUT,siggen/room1/rhum,200
1619722490586,OUT,siggen/room1/temp,201
1619722490586,OUT,siggen/room2/temp,201
1619722490586,OUT,siggen/room1/rhum,201
1619722490586,OUT,siggen/room2/rhum,201
1619722491587,OUT,siggen/room1/temp,202
1619722491587,OUT,siggen/room2/temp,202
1619722491587,OUT,siggen/room2/rhum,202
1619722491587,OUT,siggen/room1/rhum,202
1619722492587,OUT,siggen/room2/temp,203
1619722492587,OUT,siggen/room1/temp,203
1619722492587,OUT,siggen/room1/rhum,203
1619722492587,OUT,siggen/room2/rhum,203
1619722493588,OUT,siggen/room2/rhum,204
1619722493588,OUT,siggen/room1/rhum,204
1619722493588,OUT,siggen/room2/temp,204
1619722493588,OUT,siggen/room1/temp,204
1619722494588,OUT,siggen/room1/temp,205
1619722494588,OUT,siggen/room2/temp,205
1619722494588,OUT,siggen/room2/rhum,205
1619722494588,OUT,siggen/room1/rhum,205
161972249558