# timestamp,line
1619722283904,make[1]: Entering directory '/home/rj/privat/sdu/iot/simple-java-test-harness/src/pipeline'
1619722283936,java -classpath ".:org.eclipse.paho.client.mqttv3-1.2.5.jar:json-20140107.jar" MqttFunc
1619722289404,IN,mavg/room1/temp,0
1619722289406,OUT,func/room1/ahum,0
1619722289421,IN,mavg/room2/temp,0
1619722289422,OUT,func/room2/ahum,0
1619722289422,IN,mavg/room2/rhum,0
1619722289423,OUT,func/room2/ahum,0
1619722289424,IN,mavg/room1/rhum,0
1619722289468,OUT,func/room1/ahum,0
1619722290353,IN,mavg/room1/temp,1
1619722290353,OUT,func/room1/ahum,1
1619722290354,IN,mavg/room2/temp,1
1619722290400,OUT,func/room2/ahum,1
1619722290401,IN,mavg/room2/rhum,1
1619722290403,OUT,func/room2/ahum,1
1619722290404,IN,mavg/room1/rhum,1
1619722290406,OUT,func/room1/ahum,1
1619722291353,IN,mavg/room1/temp,2
1619722291354,OUT,func/room1/ahum,2
1619722291397,IN,mavg/room2/temp,2
1619722291399,OUT,func/room2/ahum,2
1619722291400,IN,mavg/room2/rhum,2
1619722291401,OUT,func/room2/ahum,2
1619722291402,IN,mavg/room1/rhum,2
1619722291403,OUT,func/room1/ahum,2
1619722292397,IN,mavg/room2/temp,3
1619722292399,OUT,func/room2/ahum,3
1619722292400,IN,mavg/room2/rhum,3
1619722292444,OUT,func/room2/ahum,3
1619722292444,IN,mavg/room1/temp,3
1619722292445,OUT,func/room1/ahum,3
1619722292445,IN,mavg/room1/rhum,3
1619722292446,OUT,func/room1/ahum,3
1619722293355,IN,mavg/room2/temp,4
1619722293356,OUT,func/room2/ahum,4
1619722293356,IN,mavg/room1/temp,4
1619722293357,OUT,func/room1/ahum,4
1619722293357,IN,mavg/room1/rhum,4
1619722293358,OUT,func/room1/ahum,4
1619722293401,IN,mavg/room2/rhum,4
1619722293401,OUT,func/room2/ahum,4
1619722294405,IN,mavg/room1/temp,5
1619722294405,OUT,func/room1/ahum,5
1619722294406,IN,mavg/room2/temp,5
1619722294407,OUT,func/room2/ahum,5
1619722294407,IN,mavg/room2/rhum,5
1619722294408,OUT,func/room2/ahum,5
1619722294408,IN,mavg/room1/rhum,5
1619722294409,OUT,func/room1/ahum,5
1619722295360,IN,mavg/room1/temp,6
1619722295361,OUT,func/room1/ahum,6
1619722295362,IN,mavg/room1/rhum,6
1619722295363,OUT,func/room1/ahum,6
1619722295405,IN,mavg/room2/temp,6
1619722295405,OUT,func/room2/ahum,6
1619722295406,IN,mavg/room2/rhum,6
1619722295406,OUT,func/room2/ahum,6
1619722296405,IN,mavg/room1/temp,7
1619722296405,OUT,func/room1/ahum,7
1619722296406,IN,mavg/room1/rhum,7
1619722296448,OUT,func/room1/ahum,7
1619722296448,IN,mavg/room2/rhum,7
1619722296449,OUT,func/room2/ahum,7
1619722296449,IN,mavg/room2/temp,7
1619722296450,OUT,func/room2/ahum,7
1619722297366,IN,mavg/room2/rhum,8
1619722297367,OUT,func/room2/ahum,8
1619722297368,IN,mavg/room1/rhum,8
1619722297368,OUT,func/room1/ahum,8
1619722297409,IN,mavg/room1/temp,8
1619722297410,OUT,func/room1/ahum,8
1619722297411,IN,mavg/room2/temp,8
1619722297411,OUT,func/room2/ahum,8
1619722298405,IN,mavg/room2/temp,9
1619722298406,OUT,func/room2/ahum,9
1619722298407,IN,mavg/room2/rhum,9
1619722298452,OUT,func/room2/ahum,9
1619722298452,IN,mavg/room1/temp,9
1619722298453,OUT,func/room1/ahum,9
1619722298453,IN,mavg/room1/rhum,9
1619722298454,OUT,func/room1/ahum,9
1619722299365,IN,mavg/room2/temp,10
1619722299366,OUT,func/room2/ahum,10
1619722299410,IN,mavg/room1/rhum,10
1619722299412,OUT,func/room1/ahum,10
1619722299414,IN,mavg/room1/temp,10
1619722299416,OUT,func/room1/ahum,10
1619722299417,IN,mavg/room2/rhum,10
1619722299419,OUT,func/room2/ahum,10
1619722300366,IN,mavg/room1/rhum,11
1619722300408,OUT,func/room1/ahum,11
1619722300409,IN,mavg/room1/temp,11
1619722300410,OUT,func/room1/ahum,11
1619722300411,IN,mavg/room2/temp,11
1619722300413,OUT,func/room2/ahum,11
1619722300414,IN,mavg/room2/rhum,11
1619722300456,OUT,func/room2/ahum,11
1619722301409,IN,mavg/room2/rhum,12
1619722301410,OUT,func/room2/ahum,12
1619722301410,IN,mavg/room1/rhum,12
1619722301411,OUT,func/room1/ahum,12
1619722301411,IN,mavg/room1/temp,12
1619722301412,OUT,func/room1/ahum,12
1619722301413,IN,mavg/room2/temp,12
1619722301413,OUT,func/room2/ahum,12
1619722302369,IN,mavg/room2/temp,13
1619722302370,OUT,func/room2/ahum,13
1619722302418,IN,mavg/room1/temp,13
1619722302419,OUT,func/room1/ahum,13
1619722302420,IN,mavg/room2/rhum,13
1619722302464,OUT,func/room2/ahum,13
1619722302464,IN,mavg/room1/rhum,13
1619722302508,OUT,func/room1/ahum,13
1619722303414,IN,mavg/room1/temp,14
1619722303415,OUT,func/room1/ahum,14
1619722303416,IN,mavg/room2/temp,14
1619722303418,OUT,func/room2/ahum,14
1619722303419,IN,mavg/room2/rhum,14
1619722303420,OUT,func/room2/ahum,14
1619722303465,IN,mavg/room1/rhum,14
1619722303465,OUT,func/room1/ahum,14
1619722304371,IN,mavg/room1/temp,15
1619722304416,OUT,func/room1/ahum,15
1619722304416,IN,mavg/room2/temp,15
1619722304417,OUT,func/room2/ahum,15
1619722304417,IN,mavg/room2/rhum,15
1619722304418,OUT,func/room2/ahum,15
1619722304419,IN,mavg/room1/rhum,15
1619722304419,OUT,func/room1/ahum,15
1619722305373,IN,mavg/room1/temp,16
1619722305374,OUT,func/room1/ahum,16
1619722305461,IN,mavg/room2/temp,16
1619722305461,OUT,func/room2/ahum,16
1619722305462,IN,mavg/room2/rhum,16
1619722305504,OUT,func/room2/ahum,16
1619722305504,IN,mavg/room1/rhum,16
1619722305505,OUT,func/room1/ahum,16
1619722306375,IN,mavg/room1/temp,17
1619722306377,OUT,func/room1/ahum,17
1619722306377,IN,mavg/room2/temp,17
1619722306379,OUT,func/room2/ahum,17
1619722306380,IN,mavg/room2/rhum,17
1619722306381,OUT,func/room2/ahum,17
1619722306382,IN,mavg/room1/rhum,17
1619722306428,OUT,func/room1/ahum,17
1619722307421,IN,mavg/room1/temp,18
1619722307421,OUT,func/room1/ahum,18
1619722307422,IN,mavg/room2/temp,18
1619722307464,OUT,func/room2/ahum,18
1619722307465,IN,mavg/room2/rhum,18
1619722307466,OUT,func/room2/ahum,18
1619722307467,IN,mavg/room1/rhum,18
1619722307469,OUT,func/room1/ahum,18
1619722308377,IN,mavg/room1/temp,19
1619722308377,OUT,func/room1/ahum,19
1619722308378,IN,mavg/room2/temp,19
1619722308378,OUT,func/room2/ahum,19
1619722308378,IN,mavg/room2/rhum,19
1619722308379,OUT,func/room2/ahum,19
1619722308379,IN,mavg/room1/rhum,19
1619722308379,OUT,func/room1/ahum,19
1619722309377,IN,mavg/room1/temp,20
1619722309420,OUT,func/room1/ahum,20
1619722309420,IN,mavg/room1/rhum,20
1619722309421,OUT,func/room1/ahum,20
1619722309422,IN,mavg/room2/temp,20
1619722309422,OUT,func/room2/ahum,20
1619722309422,IN,mavg/room2/rhum,20
1619722309423,OUT,func/room2/ahum,20
1619722310421,IN,mavg/room1/temp,21
1619722310421,OUT,func/room1/ahum,21
1619722310421,IN,mavg/room2/temp,21
1619722310422,OUT,func/room2/ahum,21
1619722310422,IN,mavg/room2/rhum,21
1619722310423,OUT,func/room2/ahum,21
1619722310423,IN,mavg/room1/rhum,21
1619722310423,OUT,func/room1/ahum,21
1619722311379,IN,mavg/room1/temp,22
1619722311420,OUT,func/room1/ahum,22
1619722311421,IN,mavg/room2/temp,22
1619722311422,OUT,func/room2/ahum,22
1619722311423,IN,mavg/room2/rhum,22
1619722311424,OUT,func/room2/ahum,22
1619722311425,IN,mavg/room1/rhum,22
1619722311469,OUT,func/room1/ahum,22
1619722312420,IN,mavg/room1/temp,23
1619722312421,OUT,func/room1/ahum,23
1619722312421,IN,mavg/room2/rhum,23
1619722312422,OUT,func/room2/ahum,23
1619722312422,IN,mavg/room2/temp,23
1619722312423,OUT,func/room2/ahum,23
1619722312423,IN,mavg/room1/rhum,23
1619722312424,OUT,func/room1/ahum,23
1619722313380,IN,mavg/room1/temp,24
1619722313381,OUT,func/room1/ahum,24
1619722313425,IN,mavg/room2/temp,24
1619722313425,OUT,func/room2/ahum,24
1619722313426,IN,mavg/room2/rhum,24
1619722313468,OUT,func/room2/ahum,24
1619722313468,IN,mavg/room1/rhum,24
1619722313469,OUT,func/room1/ahum,24
1619722314425,IN,mavg/room2/temp,25
1619722314425,OUT,func/room2/ahum,25
1619722314426,IN,mavg/room2/rhum,25
1619722314426,OUT,func/room2/ahum,25
1619722314427,IN,mavg/room1/temp,25
1619722314427,OUT,func/room1/ahum,25
1619722314428,IN,mavg/room1/rhum,25
1619722314428,OUT,func/room1/ahum,25
1619722315383,IN,mavg/room2/temp,26
1619722315428,OUT,func/room2/ahum,26
1619722315429,IN,mavg/room1/temp,26
1619722315472,OUT,func/room1/ahum,26
1619722315472,IN,mavg/room2/rhum,26
1619722315473,OUT,func/room2/ahum,26
1619722315473,IN,mavg/room1/rhum,26
1619722315474,OUT,func/room1/ahum,26
1619722316432,IN,mavg/room1/temp,27
1619722316433,OUT,func/room1/ahum,27
1619722316476,IN,mavg/room2/temp,27
1619722316477,OUT,func/room2/ahum,27
1619722316478,IN,mavg/room2/rhum,27
1619722316520,OUT,func/room2/ahum,27
1619722316521,IN,mavg/room1/rhum,27
1619722316522,OUT,func/room1/ahum,27
1619722317387,IN,mavg/room1/temp,28
1619722317388,OUT,func/room1/ahum,28
1619722317388,IN,mavg/room2/temp,28
1619722317389,OUT,func/room2/ahum,28
1619722317390,IN,mavg/room2/rhum,28
1619722317391,OUT,func/room2/ahum,28
1619722317392,IN,mavg/room1/rhum,28
1619722317393,OUT,func/room1/ahum,28
1619722318436,IN,mavg/room2/temp,29
1619722318437,OUT,func/room2/ahum,29
1619722318438,IN,mavg/room1/temp,29
1619722318480,OUT,func/room1/ahum,29
1619722318480,IN,mavg/room1/rhum,29
1619722318481,OUT,func/room1/ahum,29
1619722318481,IN,mavg/room2/rhum,29
1619722318481,OUT,func/room2/ahum,29
1619722319390,IN,mavg/room2/temp,30
1619722319391,OUT,func/room2/ahum,30
1619722319432,IN,mavg/room1/rhum,30
1619722319476,OUT,func/room1/ahum,30
1619722319477,IN,mavg/room1/temp,30
1619722319478,OUT,func/room1/ahum,30
1619722319479,IN,mavg/room2/rhum,30
1619722319480,OUT,func/room2/ahum,30
1619722320433,IN,mavg/room2/temp,31
1619722320433,OUT,func/room2/ahum,31
1619722320434,IN,mavg/room1/rhum,31
1619722320476,OUT,func/room1/ahum,31
1619722320476,IN,mavg/room1/temp,31
1619722320477,OUT,func/room1/ahum,31
1619722320477,IN,mavg/room2/rhum,31
1619722320478,OUT,func/room2/ahum,31
1619722321393,IN,mavg/room2/temp,32
1619722321395,OUT,func/room2/ahum,32
1619722321396,IN,mavg/room1/temp,32
1619722321397,OUT,func/room1/ahum,32
1619722321397,IN,mavg/room2/rhum,32
1619722321398,OUT,func/room2/ahum,32
1619722321440,IN,mavg/room1/rhum,32
1619722321441,OUT,func/room1/ahum,32
1619722322436,IN,mavg/room1/temp,33
1619722322437,OUT,func/room1/ahum,33
1619722322437,IN,mavg/room2/temp,33
1619722322438,OUT,func/room2/ahum,33
1619722322438,IN,mavg/room2/rhum,33
1619722322438,OUT,func/room2/ahum,33
1619722322438,IN,mavg/room1/rhum,33
1619722322439,OUT,func/room1/ahum,33
1619722323393,IN,mavg/room1/temp,34
1619722323436,OUT,func/room1/ahum,34
1619722323436,IN,mavg/room2/temp,34
1619722323437,OUT,func/room2/ahum,34
1619722323437,IN,mavg/room2/rhum,34
1619722323437,OUT,func/room2/ahum,34
1619722323438,IN,mavg/room1/rhum,34
1619722323438,OUT,func/room1/ahum,34
1619722324440,IN,mavg/room1/temp,35
1619722324441,OUT,func/room1/ahum,35
1619722324441,IN,mavg/room2/temp,35
1619722324442,OUT,func/room2/ahum,35
1619722324442,IN,mavg/room2/rhum,35
1619722324442,OUT,func/room2/ahum,35
1619722324443,IN,mavg/room1/rhum,35
1619722324443,OUT,func/room1/ahum,35
1619722325397,IN,mavg/room1/temp,36
1619722325440,OUT,func/room1/ahum,36
1619722325441,IN,mavg/room2/temp,36
1619722325442,OUT,func/room2/ahum,36
1619722325443,IN,mavg/room2/rhum,36
1619722325444,OUT,func/room2/ahum,36
1619722325445,IN,mavg/room1/rhum,36
1619722325446,OUT,func/room1/ahum,36
1619722326440,IN,mavg/room1/temp,37
1619722326441,OUT,func/room1/ahum,37
1619722326441,IN,mavg/room2/temp,37
1619722326484,OUT,func/room2/ahum,37
1619722326484,IN,mavg/room1/rhum,37
1619722326485,OUT,func/room1/ahum,37
1619722326485,IN,mavg/room2/rhum,37
1619722326486,OUT,func/room2/ahum,37
1619722327401,IN,mavg/room1/temp,38
1619722327402,OUT,func/room1/ahum,38
1619722327449,IN,mavg/room2/temp,38
1619722327450,OUT,func/room2/ahum,38
1619722327450,IN,mavg/room2/rhum,38
1619722327496,OUT,func/room2/ahum,38
1619722327496,IN,mavg/room1/rhum,38
1619722327497,OUT,func/room1/ahum,38
1619722328449,IN,mavg/room2/temp,39
1619722328450,OUT,func/room2/ahum,39
1619722328450,IN,mavg/room2/rhum,39
1619722328451,OUT,func/room2/ahum,39
1619722328452,IN,mavg/room1/temp,39
1619722328452,OUT,func/room1/ahum,39
1619722328453,IN,mavg/room1/rhum,39
1619722328496,OUT,func/room1/ahum,39
1619722329403,IN,mavg/room2/rhum,40
1619722329452,OUT,func/room2/ahum,40
1619722329452,IN,mavg/room1/temp,40
1619722329452,OUT,func/room1/ahum,40
1619722329453,IN,mavg/room2/temp,40
1619722329453,OUT,func/room2/ahum,40
1619722329453,IN,mavg/room1/rhum,40
1619722329454,OUT,func/room1/ahum,40
1619722330448,IN,mavg/room1/rhum,41
1619722330449,OUT,func/room1/ahum,41
1619722330449,IN,mavg/room1/temp,41
1619722330450,OUT,func/room1/ahum,41
1619722330450,IN,mavg/room2/temp,41
1619722330450,OUT,func/room2/ahum,41
1619722330450,IN,mavg/room2/rhum,41
1619722330451,OUT,func/room2/ahum,41
1619722331407,IN,mavg/room1/rhum,42
1619722331452,OUT,func/room1/ahum,42
1619722331452,IN,mavg/room1/temp,42
1619722331453,OUT,func/room1/ahum,42
1619722331453,IN,mavg/room2/temp,42
1619722331496,OUT,func/room2/ahum,42
1619722331497,IN,mavg/room2/rhum,42
1619722331498,OUT,func/room2/ahum,42
1619722332406,IN,mavg/room2/rhum,43
1619722332406,OUT,func/room2/ahum,43
1619722332454,IN,mavg/room1/rhum,43
1619722332500,OUT,func/room1/ahum,43
1619722332501,IN,mavg/room2/temp,43
1619722332502,OUT,func/room2/ahum,43
1619722332502,IN,mavg/room1/temp,43
1619722332503,OUT,func/room1/ahum,43
1619722333407,IN,mavg/room2/temp,44
1619722333408,OUT,func/room2/ahum,44
1619722333408,IN,mavg/room2/rhum,44
1619722333408,OUT,func/room2/ahum,44
1619722333408,IN,mavg/room1/rhum,44
1619722333409,OUT,func/room1/ahum,44
1619722333409,IN,mavg/room1/temp,44
1619722333409,OUT,func/room1/ahum,44
1619722334457,IN,mavg/room1/temp,45
1619722334459,OUT,func/room1/ahum,45
1619722334501,IN,mavg/room2/temp,45
1619722334503,OUT,func/room2/ahum,45
1619722334504,IN,mavg/room2/rhum,45
1619722334552,OUT,func/room2/ahum,45
1619722334552,IN,mavg/room1/rhum,45
1619722334596,OUT,func/room1/ahum,45
1619722335409,IN,mavg/room1/temp,46
1619722335410,OUT,func/room1/ahum,46
1619722335410,IN,mavg/room2/rhum,46
1619722335410,OUT,func/room2/ahum,46
1619722335410,IN,mavg/room1/rhum,46
1619722335411,OUT,func/room1/ahum,46
1619722335411,IN,mavg/room2/temp,46
1619722335411,OUT,func/room2/ahum,46
1619722336452,IN,mavg/room1/temp,47
1619722336453,OUT,func/room1/ahum,47
1619722336454,IN,mavg/room2/temp,47
1619722336496,OUT,func/room2/ahum,47
1619722336496,IN,mavg/room2/rhum,47
1619722336497,OUT,func/room2/ahum,47
1619722336497,IN,mavg/room1/rhum,47
1619722336497,OUT,func/room1/ahum,47
1619722337412,IN,mavg/room1/temp,48
1619722337412,OUT,func/room1/ahum,48
1619722337412,IN,mavg/room2/rhum,48
1619722337413,OUT,func/room2/ahum,48
1619722337457,IN,mavg/room1/rhum,48
1619722337457,OUT,func/room1/ahum,48
1619722337457,IN,mavg/room2/temp,48
1619722337458,OUT,func/room2/ahum,48
1619722338457,IN,mavg/room1/temp,49
1619722338459,OUT,func/room1/ahum,49
1619722338459,IN,mavg/room2/rhum,49
1619722338504,OUT,func/room2/ahum,49
1619722338505,IN,mavg/room2/temp,49
1619722338506,OUT,func/room2/ahum,49
1619722338506,IN,mavg/room1/rhum,49
1619722338507,OUT,func/room1/ahum,49
1619722339414,IN,mavg/room1/temp,50
1619722339414,OUT,func/room1/ahum,50
1619722339415,IN,mavg/room2/rhum,50
1619722339415,OUT,func/room2/ahum,50
1619722339415,IN,mavg/room1/rhum,50
1619722339415,OUT,func/room1/ahum,50
1619722339415,IN,mavg/room2/temp,50
1619722339416,OUT,func/room2/ahum,50
1619722340457,IN,mavg/room1/temp,51
1619722340458,OUT,func/room1/ahum,51
1619722340459,IN,mavg/room2/rhum,51
1619722340500,OUT,func/room2/ahum,51
1619722340501,IN,mavg/room1/rhum,51
1619722340502,OUT,func/room1/ahum,51
1619722340502,IN,mavg/room2/temp,51
1619722340503,OUT,func/room2/ahum,51
1619722341416,IN,mavg/room1/rhum,52
1619722341416,OUT,func/room1/ahum,52
1619722341416,IN,mavg/room1/temp,52
1619722341417,OUT,func/room1/ahum,52
1619722341417,IN,mavg/room2/temp,52
1619722341417,OUT,func/room2/ahum,52
1619722341417,IN,mavg/room2/rhum,52
1619722341418,OUT,func/room2/ahum,52
1619722342461,IN,mavg/room1/temp,53
1619722342463,OUT,func/room1/ahum,53
1619722342464,IN,mavg/room2/temp,53
1619722342508,OUT,func/room2/ahum,53
1619722342509,IN,mavg/room2/rhum,53
1619722342557,OUT,func/room2/ahum,53
1619722342557,IN,mavg/room1/rhum,53
1619722342558,OUT,func/room1/ahum,53
1619722343461,IN,mavg/room1/temp,54
1619722343461,OUT,func/room1/ahum,54
1619722343462,IN,mavg/room2/temp,54
1619722343462,OUT,func/room2/ahum,54
1619722343463,IN,mavg/room2/rhum,54
1619722343463,OUT,func/room2/ahum,54
1619722343464,IN,mavg/room1/rhum,54
1619722343465,OUT,func/room1/ahum,54
1619722344418,IN,mavg/room1/temp,55
1619722344419,OUT,func/room1/ahum,55
1619722344419,IN,mavg/room2/rhum,55
1619722344419,OUT,func/room2/ahum,55
1619722344420,IN,mavg/room1/rhum,55
1619722344420,OUT,func/room1/ahum,55
1619722344420,IN,mavg/room2/temp,55
1619722344420,OUT,func/room2/ahum,55
1619722345461,IN,mavg/room1/temp,56
1619722345463,OUT,func/room1/ahum,56
1619722345463,IN,mavg/room2/temp,56
1619722345508,OUT,func/room2/ahum,56
1619722345508,IN,mavg/room2/rhum,56
1619722345509,OUT,func/room2/ahum,56
1619722345509,IN,mavg/room1/rhum,56
1619722345510,OUT,func/room1/ahum,56
1619722346420,IN,mavg/room1/temp,57
1619722346420,OUT,func/room1/ahum,57
1619722346421,IN,mavg/room2/temp,57
1619722346421,OUT,func/room2/ahum,57
1619722346421,IN,mavg/room2/rhum,57
1619722346421,OUT,func/room2/ahum,57
1619722346422,IN,mavg/room1/rhum,57
1619722346422,OUT,func/room1/ahum,57
1619722347464,IN,mavg/room2/temp,58
1619722347465,OUT,func/room2/ahum,58
1619722347466,IN,mavg/room1/temp,58
1619722347466,OUT,func/room1/ahum,58
1619722347467,IN,mavg/room1/rhum,58
1619722347467,OUT,func/room1/ahum,58
1619722347467,IN,mavg/room2/rhum,58
1619722347467,OUT,func/room2/ahum,58
1619722348423,IN,mavg/room2/temp,59
1619722348464,OUT,func/room2/ahum,59
1619722348464,IN,mavg/room1/rhum,59
1619722348465,OUT,func/room1/ahum,59
1619722348465,IN,mavg/room2/rhum,59
1619722348465,OUT,func/room2/ahum,59
1619722348472,IN,mavg/room1/temp,59
1619722348473,OUT,func/room1/ahum,59
1619722349464,IN,mavg/room1/temp,60
1619722349465,OUT,func/room1/ahum,60
1619722349465,IN,mavg/room2/temp,60
1619722349508,OUT,func/room2/ahum,60
1619722349508,IN,mavg/room2/rhum,60
1619722349509,OUT,func/room2/ahum,60
1619722349509,IN,mavg/room1/rhum,60
1619722349509,OUT,func/room1/ahum,60
1619722350469,IN,mavg/room2/temp,61
1619722350470,OUT,func/room2/ahum,61
1619722350471,IN,mavg/room2/rhum,61
1619722350471,OUT,func/room2/ahum,61
1619722350472,IN,mavg/room1/temp,61
1619722350473,OUT,func/room1/ahum,61
1619722350516,IN,mavg/room1/rhum,61
1619722350517,OUT,func/room1/ahum,61
1619722351427,IN,mavg/room1/temp,62
1619722351472,OUT,func/room1/ahum,62
1619722351472,IN,mavg/room2/temp,62
1619722351472,OUT,func/room2/ahum,62
1619722351473,IN,mavg/room2/rhum,62
1619722351473,OUT,func/room2/ahum,62
1619722351473,IN,mavg/room1/rhum,62
1619722351474,OUT,func/room1/ahum,62
1619722352469,IN,mavg/room1/temp,63
1619722352469,OUT,func/room1/ahum,63
1619722352470,IN,mavg/room1/rhum,63
1619722352471,OUT,func/room1/ahum,63
1619722352472,IN,mavg/room2/temp,63
1619722352472,OUT,func/room2/ahum,63
1619722352473,IN,mavg/room2/rhum,63
1619722352473,OUT,func/room2/ahum,63
1619722353431,IN,mavg/room2/rhum,64
1619722353480,OUT,func/room2/ahum,64
1619722353480,IN,mavg/room1/rhum,64
1619722353481,OUT,func/room1/ahum,64
1619722353481,IN,mavg/room1/temp,64
1619722353481,OUT,func/room1/ahum,64
1619722353481,IN,mavg/room2/temp,64
1619722353482,OUT,func/room2/ahum,64
1619722354431,IN,mavg/room1/temp,65
1619722354432,OUT,func/room1/ahum,65
1619722354432,IN,mavg/room2/rhum,65
1619722354433,OUT,func/room2/ahum,65
1619722354433,IN,mavg/room2/temp,65
1619722354434,OUT,func/room2/ahum,65
1619722354476,IN,mavg/room1/rhum,65
1619722354477,OUT,func/room1/ahum,65
1619722355477,IN,mavg/room1/temp,66
1619722355477,OUT,func/room1/ahum,66
1619722355478,IN,mavg/room2/temp,66
1619722355520,OUT,func/room2/ahum,66
1619722355520,IN,mavg/room1/rhum,66
1619722355521,OUT,func/room1/ahum,66
1619722355521,IN,mavg/room2/rhum,66
1619722355521,OUT,func/room2/ahum,66
1619722356434,IN,mavg/room1/temp,67
1619722356435,OUT,func/room1/ahum,67
1619722356435,IN,mavg/room2/rhum,67
1619722356436,OUT,func/room2/ahum,67
1619722356436,IN,mavg/room2/temp,67
1619722356437,OUT,func/room2/ahum,67
1619722356437,IN,mavg/room1/rhum,67
1619722356480,OUT,func/room1/ahum,67
1619722357481,IN,mavg/room1/temp,68
1619722357524,OUT,func/room1/ahum,68
1619722357524,IN,mavg/room1/rhum,68
1619722357525,OUT,func/room1/ahum,68
1619722357526,IN,mavg/room2/rhum,68
1619722357527,OUT,func/room2/ahum,68
1619722357527,IN,mavg/room2/temp,68
1619722357528,OUT,func/room2/ahum,68
1619722358435,IN,mavg/room2/rhum,69
1619722358435,OUT,func/room2/ahum,69
1619722358435,IN,mavg/room1/temp,69
1619722358480,OUT,func/room1/ahum,69
1619722358480,IN,mavg/room2/temp,69
1619722358480,OUT,func/room2/ahum,69
1619722358481,IN,mavg/room1/rhum,69
1619722358481,OUT,func/room1/ahum,69
1619722359481,IN,mavg/room1/temp,70
1619722359483,OUT,func/room1/ahum,70
1619722359483,IN,mavg/room2/rhum,70
1619722359484,OUT,func/room2/ahum,70
1619722359484,IN,mavg/room2/temp,70
1619722359532,OUT,func/room2/ahum,70
1619722359533,IN,mavg/room1/rhum,70
1619722359534,OUT,func/room1/ahum,70
1619722360436,IN,mavg/room1/temp,71
1619722360437,OUT,func/room1/ahum,71
1619722360437,IN,mavg/room1/rhum,71
1619722360437,OUT,func/room1/ahum,71
1619722360437,IN,mavg/room2/rhum,71
1619722360438,OUT,func/room2/ahum,71
1619722360438,IN,mavg/room2/temp,71
1619722360438,OUT,func/room2/ahum,71
1619722361481,IN,mavg/room2/temp,72
1619722361482,OUT,func/room2/ahum,72
1619722361483,IN,mavg/room2/rhum,72
1619722361528,OUT,func/room2/ahum,72
1619722361528,IN,mavg/room1/rhum,72
1619722361572,OUT,func/room1/ahum,72
1619722361572,IN,mavg/room1/temp,72
1619722361573,OUT,func/room1/ahum,72
1619722362438,IN,mavg/room1/temp,73
1619722362439,OUT,func/room1/ahum,73
1619722362439,IN,mavg/room2/temp,73
1619722362439,OUT,func/room2/ahum,73
1619722362439,IN,mavg/room2/rhum,73
1619722362440,OUT,func/room2/ahum,73
1619722362440,IN,mavg/room1/rhum,73
1619722362440,OUT,func/room1/ahum,73
1619722363485,IN,mavg/room2/rhum,74
1619722363486,OUT,func/room2/ahum,74
1619722363487,IN,mavg/room1/temp,74
1619722363532,OUT,func/room1/ahum,74
1619722363533,IN,mavg/room1/rhum,74
1619722363577,OUT,func/room1/ahum,74
1619722363577,IN,mavg/room2/temp,74
1619722363578,OUT,func/room2/ahum,74
1619722364441,IN,mavg/room1/temp,75
1619722364443,OUT,func/room1/ahum,75
1619722364443,IN,mavg/room2/rhum,75
1619722364488,OUT,func/room2/ahum,75
1619722364488,IN,mavg/room1/rhum,75
1619722364490,OUT,func/room1/ahum,75
1619722364490,IN,mavg/room2/temp,75
1619722364491,OUT,func/room2/ahum,75
1619722365485,IN,mavg/room1/temp,76
1619722365486,OUT,func/room1/ahum,76
1619722365487,IN,mavg/room2/temp,76
1619722365487,OUT,func/room2/ahum,76
1619722365487,IN,mavg/room1/rhum,76
1619722365488,OUT,func/room1/ahum,76
1619722365488,IN,mavg/room2/rhum,76
1619722365488,OUT,func/room2/ahum,76
1619722366442,IN,mavg/room1/temp,77
1619722366484,OUT,func/room1/ahum,77
1619722366484,IN,mavg/room1/rhum,77
1619722366485,OUT,func/room1/ahum,77
1619722366485,IN,mavg/room2/temp,77
1619722366486,OUT,func/room2/ahum,77
1619722366486,IN,mavg/room2/rhum,77
1619722366487,OUT,func/room2/ahum,77
1619722367485,IN,mavg/room1/temp,78
1619722367486,OUT,func/room1/ahum,78
1619722367486,IN,mavg/room1/rhum,78
1619722367487,OUT,func/room1/ahum,78
1619722367487,IN,mavg/room2/rhum,78
1619722367488,OUT,func/room2/ahum,78
1619722367489,IN,mavg/room2/temp,78
1619722367532,OUT,func/room2/ahum,78
1619722368443,IN,mavg/room1/temp,79
1619722368488,OUT,func/room1/ahum,79
1619722368488,IN,mavg/room2/temp,79
1619722368489,OUT,func/room2/ahum,79
1619722368489,IN,mavg/room2/rhum,79
1619722368489,OUT,func/room2/ahum,79
1619722368489,IN,mavg/room1/rhum,79
1619722368490,OUT,func/room1/ahum,79
1619722369488,IN,mavg/room1/temp,80
1619722369489,OUT,func/room1/ahum,80
1619722369489,IN,mavg/room2/temp,80
1619722369489,OUT,func/room2/ahum,80
1619722369489,IN,mavg/room2/rhum,80
1619722369490,OUT,func/room2/ahum,80
1619722369490,IN,mavg/room1/rhum,80
1619722369490,OUT,func/room1/ahum,80
1619722370445,IN,mavg/room1/temp,81
1619722370492,OUT,func/room1/ahum,81
1619722370492,IN,mavg/room2/temp,81
1619722370493,OUT,func/room2/ahum,81
1619722370493,IN,mavg/room2/rhum,81
1619722370493,OUT,func/room2/ahum,81
1619722370493,IN,mavg/room1/rhum,81
1619722370494,OUT,func/room1/ahum,81
1619722371492,IN,mavg/room1/temp,82
1619722371493,OUT,func/room1/ahum,82
1619722371493,IN,mavg/room2/temp,82
1619722371493,OUT,func/room2/ahum,82
1619722371493,IN,mavg/room2/rhum,82
1619722371494,OUT,func/room2/ahum,82
1619722371494,IN,mavg/room1/rhum,82
1619722371494,OUT,func/room1/ahum,82
1619722372449,IN,mavg/room1/temp,83
1619722372450,OUT,func/room1/ahum,83
1619722372492,IN,mavg/room2/rhum,83
1619722372493,OUT,func/room2/ahum,83
1619722372493,IN,mavg/room2/temp,83
1619722372536,OUT,func/room2/ahum,83
1619722372536,IN,mavg/room1/rhum,83
1619722372537,OUT,func/room1/ahum,83
1619722373449,IN,mavg/room2/rhum,84
1619722373450,OUT,func/room2/ahum,84
1619722373450,IN,mavg/room2/temp,84
1619722373451,OUT,func/room2/ahum,84
1619722373451,IN,mavg/room1/temp,84
1619722373453,OUT,func/room1/ahum,84
1619722373453,IN,mavg/room1/rhum,84
1619722373453,OUT,func/room1/ahum,84
1619722374492,IN,mavg/room1/temp,85
1619722374493,OUT,func/room1/ahum,85
1619722374493,IN,mavg/room2/rhum,85
1619722374536,OUT,func/room2/ahum,85
1619722374536,IN,mavg/room2/temp,85
1619722374536,OUT,func/room2/ahum,85
1619722374537,IN,mavg/room1/rhum,85
1619722374537,OUT,func/room1/ahum,85
1619722375451,IN,mavg/room1/temp,86
1619722375452,OUT,func/room1/ahum,86
1619722375452,IN,mavg/room2/temp,86
1619722375453,OUT,func/room2/ahum,86
1619722375453,IN,mavg/room2/rhum,86
1619722375453,OUT,func/room2/ahum,86
1619722375496,IN,mavg/room1/rhum,86
1619722375497,OUT,func/room1/ahum,86
1619722376492,IN,mavg/room2/temp,87
1619722376536,OUT,func/room2/ahum,87
1619722376536,IN,mavg/room1/temp,87
1619722376537,OUT,func/room1/ahum,87
1619722376537,IN,mavg/room2/rhum,87
1619722376538,OUT,func/room2/ahum,87
1619722376538,IN,mavg/room1/rhum,87
1619722376539,OUT,func/room1/ahum,87
1619722377452,IN,mavg/room1/temp,88
1619722377452,OUT,func/room1/ahum,88
1619722377453,IN,mavg/room2/temp,88
1619722377453,OUT,func/room2/ahum,88
1619722377453,IN,mavg/room2/rhum,88
1619722377454,OUT,func/room2/ahum,88
1619722377454,IN,mavg/room1/rhum,88
1619722377454,OUT,func/room1/ahum,88
1619722378453,IN,mavg/room1/temp,89
1619722378496,OUT,func/room1/ahum,89
1619722378496,IN,mavg/room2/temp,89
1619722378496,OUT,func/room2/ahum,89
1619722378497,IN,mavg/room2/rhum,89
1619722378497,OUT,func/room2/ahum,89
1619722378497,IN,mavg/room1/rhum,89
1619722378497,OUT,func/room1/ahum,89
1619722379500,IN,mavg/room1/temp,90
1619722379501,OUT,func/room1/ahum,90
1619722379501,IN,mavg/room2/temp,90
1619722379501,OUT,func/room2/ahum,90
1619722379501,IN,mavg/room2/rhum,90
1619722379502,OUT,func/room2/ahum,90
1619722379502,IN,mavg/room1/rhum,90
1619722379502,OUT,func/room1/ahum,90
1619722380455,IN,mavg/room2/temp,91
1619722380500,OUT,func/room2/ahum,91
1619722380500,IN,mavg/room2/rhum,91
1619722380500,OUT,func/room2/ahum,91
1619722380501,IN,mavg/room1/rhum,91
1619722380548,OUT,func/room1/ahum,91
1619722380548,IN,mavg/room1/temp,91
1619722380549,OUT,func/room1/ahum,91
1619722381496,IN,mavg/room2/temp,92
1619722381497,OUT,func/room2/ahum,92
1619722381497,IN,mavg/room1/rhum,92
1619722381497,OUT,func/room1/ahum,92
1619722381497,IN,mavg/room1/temp,92
1619722381498,OUT,func/room1/ahum,92
1619722381498,IN,mavg/room2/rhum,92
1619722381498,OUT,func/room2/ahum,92
1619722382458,IN,mavg/room2/temp,93
1619722382500,OUT,func/room2/ahum,93
1619722382500,IN,mavg/room1/temp,93
1619722382500,OUT,func/room1/ahum,93
1619722382500,IN,mavg/room2/rhum,93
1619722382501,OUT,func/room2/ahum,93
1619722382501,IN,mavg/room1/rhum,93
1619722382501,OUT,func/room1/ahum,93
1619722383504,IN,mavg/room1/temp,94
1619722383505,OUT,func/room1/ahum,94
1619722383505,IN,mavg/room2/rhum,94
1619722383506,OUT,func/room2/ahum,94
1619722383506,IN,mavg/room2/temp,94
1619722383506,OUT,func/room2/ahum,94
1619722383506,IN,mavg/room1/rhum,94
1619722383507,OUT,func/room1/ahum,94
1619722384459,IN,mavg/room1/temp,95
1619722384460,OUT,func/room1/ahum,95
1619722384460,IN,mavg/room2/temp,95
1619722384461,OUT,func/room2/ahum,95
1619722384461,IN,mavg/room2/rhum,95
1619722384504,OUT,func/room2/ahum,95
1619722384504,IN,mavg/room1/rhum,95
1619722384505,OUT,func/room1/ahum,95
1619722385501,IN,mavg/room1/temp,96
1619722385501,OUT,func/room1/ahum,96
1619722385501,IN,mavg/room2/temp,96
1619722385502,OUT,func/room2/ahum,96
1619722385502,IN,mavg/room2/rhum,96
1619722385502,OUT,func/room2/ahum,96
1619722385502,IN,mavg/room1/rhum,96
1619722385502,OUT,func/room1/ahum,96
1619722386461,IN,mavg/room1/temp,97
1619722386508,OUT,func/room1/ahum,97
1619722386508,IN,mavg/room2/temp,97
1619722386508,OUT,func/room2/ahum,97
1619722386508,IN,mavg/room2/rhum,97
1619722386509,OUT,func/room2/ahum,97
1619722386509,IN,mavg/room1/rhum,97
1619722386509,OUT,func/room1/ahum,97
1619722387505,IN,mavg/room1/temp,98
1619722387506,OUT,func/room1/ahum,98
1619722387507,IN,mavg/room2/temp,98
1619722387508,OUT,func/room2/ahum,98
1619722387508,IN,mavg/room2/rhum,98
1619722387509,OUT,func/room2/ahum,98
1619722387509,IN,mavg/room1/rhum,98
1619722387552,OUT,func/room1/ahum,98
1619722388464,IN,mavg/room2/temp,99
1619722388508,OUT,func/room2/ahum,99
1619722388508,IN,mavg/room1/temp,99
1619722388508,OUT,func/room1/ahum,99
1619722388509,IN,mavg/room2/rhum,99
1619722388509,OUT,func/room2/ahum,99
1619722388509,IN,mavg/room1/rhum,99
1619722388510,OUT,func/room1/ahum,99
1619722389512,IN,mavg/room1/temp,100
1619722389513,OUT,func/room1/ahum,100
1619722389513,IN,mavg/room2/temp,100
1619722389514,OUT,func/room2/ahum,100
1619722389514,IN,mavg/room2/rhum,100
1619722389516,OUT,func/room2/ahum,100
1619722389516,IN,mavg/room1/rhum,100
1619722389516,OUT,func/room1/ahum,100
1619722390465,IN,mavg/room1/temp,101
1619722390466,OUT,func/room1/ahum,101
1619722390466,IN,mavg/room2/temp,101
1619722390508,OUT,func/room2/ahum,101
1619722390508,IN,mavg/room2/rhum,101
1619722390509,OUT,func/room2/ahum,101
1619722390509,IN,mavg/room1/rhum,101
1619722390510,OUT,func/room1/ahum,101
1619722391513,IN,mavg/room1/temp,102
1619722391514,OUT,func/room1/ahum,102
1619722391514,IN,mavg/room2/temp,102
1619722391515,OUT,func/room2/ahum,102
1619722391515,IN,mavg/room2/rhum,102
1619722391516,OUT,func/room2/ahum,102
1619722391517,IN,mavg/room1/rhum,102
1619722391560,OUT,func/room1/ahum,102
1619722392512,IN,mavg/room1/temp,103
1619722392556,OUT,func/room1/ahum,103
1619722392556,IN,mavg/room2/temp,103
1619722392556,OUT,func/room2/ahum,103
1619722392557,IN,mavg/room2/rhum,103
1619722392557,OUT,func/room2/ahum,103
1619722392557,IN,mavg/room1/rhum,103
1619722392557,OUT,func/room1/ahum,103
1619722393467,IN,mavg/room1/temp,104
1619722393468,OUT,func/room1/ahum,104
1619722393468,IN,mavg/room2/temp,104
1619722393468,OUT,func/room2/ahum,104
1619722393468,IN,mavg/room2/rhum,104
1619722393469,OUT,func/room2/ahum,104
1619722393469,IN,mavg/room1/rhum,104
1619722393469,OUT,func/room1/ahum,104
1619722394512,IN,mavg/room2/temp,105
1619722394513,OUT,func/room2/ahum,105
1619722394514,IN,mavg/room1/temp,105
1619722394560,OUT,func/room1/ahum,105
1619722394560,IN,mavg/room2/rhum,105
1619722394560,OUT,func/room2/ahum,105
1619722394560,IN,mavg/room1/rhum,105
1619722394561,OUT,func/room1/ahum,105
1619722395470,IN,mavg/room1/temp,106
1619722395471,OUT,func/room1/ahum,106
1619722395471,IN,mavg/room2/temp,106
1619722395472,OUT,func/room2/ahum,106
1619722395472,IN,mavg/room2/rhum,106
1619722395473,OUT,func/room2/ahum,106
1619722395473,IN,mavg/room1/rhum,106
1619722395516,OUT,func/room1/ahum,106
1619722396512,IN,mavg/room2/temp,107
1619722396513,OUT,func/room2/ahum,107
1619722396513,IN,mavg/room1/temp,107
1619722396556,OUT,func/room1/ahum,107
1619722396556,IN,mavg/room2/rhum,107
1619722396556,OUT,func/room2/ahum,107
1619722396556,IN,mavg/room1/rhum,107
1619722396557,OUT,func/room1/ahum,107
1619722397471,IN,mavg/room1/temp,108
1619722397472,OUT,func/room1/ahum,108
1619722397472,IN,mavg/room2/temp,108
1619722397472,OUT,func/room2/ahum,108
1619722397473,IN,mavg/room2/rhum,108
1619722397473,OUT,func/room2/ahum,108
1619722397473,IN,mavg/room1/rhum,108
1619722397473,OUT,func/room1/ahum,108
1619722398517,IN,mavg/room1/temp,109
1619722398518,OUT,func/room1/ahum,109
1619722398518,IN,mavg/room2/rhum,109
1619722398560,OUT,func/room2/ahum,109
1619722398560,IN,mavg/room1/rhum,109
1619722398560,OUT,func/room1/ahum,109
1619722398560,IN,mavg/room2/temp,109
1619722398561,OUT,func/room2/ahum,109
1619722399472,IN,mavg/room1/rhum,110
1619722399473,OUT,func/room1/ahum,110
1619722399473,IN,mavg/room1/temp,110
1619722399473,OUT,func/room1/ahum,110
1619722399473,IN,mavg/room2/temp,110
1619722399474,OUT,func/room2/ahum,110
1619722399474,IN,mavg/room2/rhum,110
1619722399474,OUT,func/room2/ahum,110
1619722400517,IN,mavg/room1/temp,111
1619722400560,OUT,func/room1/ahum,111
1619722400560,IN,mavg/room2/temp,111
1619722400560,OUT,func/room2/ahum,111
1619722400560,IN,mavg/room2/rhum,111
1619722400561,OUT,func/room2/ahum,111
1619722400561,IN,mavg/room1/rhum,111
1619722400561,OUT,func/room1/ahum,111
1619722401475,IN,mavg/room1/temp,112
1619722401475,OUT,func/room1/ahum,112
1619722401476,IN,mavg/room2/temp,112
1619722401476,OUT,func/room2/ahum,112
1619722401476,IN,mavg/room2/rhum,112
1619722401520,OUT,func/room2/ahum,112
1619722401524,IN,mavg/room1/rhum,112
1619722401525,OUT,func/room1/ahum,112
1619722402520,IN,mavg/room1/temp,113
1619722402564,OUT,func/room1/ahum,113
1619722402564,IN,mavg/room2/temp,113
1619722402564,OUT,func/room2/ahum,113
1619722402564,IN,mavg/room2/rhum,113
1619722402565,OUT,func/room2/ahum,113
1619722402565,IN,mavg/room1/rhum,113
1619722402565,OUT,func/room1/ahum,113
1619722403476,IN,mavg/room1/temp,114
1619722403476,OUT,func/room1/ahum,114
1619722403476,IN,mavg/room2/temp,114
1619722403476,OUT,func/room2/ahum,114
1619722403476,IN,mavg/room2/rhum,114
1619722403477,OUT,func/room2/ahum,114
1619722403477,IN,mavg/room1/rhum,114
1619722403477,OUT,func/room1/ahum,114
1619722404477,IN,mavg/room1/temp,115
1619722404478,OUT,func/room1/ahum,115
1619722404521,IN,mavg/room2/temp,115
1619722404521,OUT,func/room2/ahum,115
1619722404522,IN,mavg/room1/rhum,115
1619722404564,OUT,func/room1/ahum,115
1619722404564,IN,mavg/room2/rhum,115
1619722404564,OUT,func/room2/ahum,115
1619722405520,IN,mavg/room1/temp,116
1619722405521,OUT,func/room1/ahum,116
1619722405521,IN,mavg/room2/temp,116
1619722405521,OUT,func/room2/ahum,116
1619722405521,IN,mavg/room2/rhum,116
1619722405522,OUT,func/room2/ahum,116
1619722405522,IN,mavg/room1/rhum,116
1619722405522,OUT,func/room1/ahum,116
1619722406479,IN,mavg/room1/temp,117
1619722406524,OUT,func/room1/ahum,117
1619722406524,IN,mavg/room2/temp,117
1619722406568,OUT,func/room2/ahum,117
1619722406568,IN,mavg/room2/rhum,117
1619722406569,OUT,func/room2/ahum,117
1619722406569,IN,mavg/room1/rhum,117
1619722406570,OUT,func/room1/ahum,117
1619722407524,IN,mavg/room1/temp,118
1619722407525,OUT,func/room1/ahum,118
1619722407525,IN,mavg/room2/temp,118
1619722407525,OUT,func/room2/ahum,118
1619722407525,IN,mavg/room2/rhum,118
1619722407526,OUT,func/room2/ahum,118
1619722407526,IN,mavg/room1/rhum,118
1619722407526,OUT,func/room1/ahum,118
1619722408480,IN,mavg/room1/temp,119
1619722408524,OUT,func/room1/ahum,119
1619722408524,IN,mavg/room2/temp,119
1619722408524,OUT,func/room2/ahum,119
1619722408524,IN,mavg/room2/rhum,119
1619722408525,OUT,func/room2/ahum,119
1619722408525,IN,mavg/room1/rhum,119
1619722408525,OUT,func/room1/ahum,119
1619722409524,IN,mavg/room1/temp,120
1619722409525,OUT,func/room1/ahum,120
1619722409525,IN,mavg/room2/temp,120
1619722409526,OUT,func/room2/ahum,120
1619722409526,IN,mavg/room2/rhum,120
1619722409526,OUT,func/room2/ahum,120
1619722409526,IN,mavg/room1/rhum,120
1619722409527,OUT,func/room1/ahum,120
1619722410482,IN,mavg/room2/temp,121
1619722410524,OUT,func/room2/ahum,121
1619722410524,IN,mavg/room1/temp,121
1619722410524,OUT,func/room1/ahum,121
1619722410524,IN,mavg/room2/rhum,121
1619722410525,OUT,func/room2/ahum,121
1619722410525,IN,mavg/room1/rhum,121
1619722410525,OUT,func/room1/ahum,121
1619722411529,IN,mavg/room1/temp,122
1619722411529,OUT,func/room1/ahum,122
1619722411530,IN,mavg/room2/rhum,122
1619722411530,OUT,func/room2/ahum,122
1619722411531,IN,mavg/room1/rhum,122
1619722411531,OUT,func/room1/ahum,122
1619722411531,IN,mavg/room2/temp,122
1619722411531,OUT,func/room2/ahum,122
1619722412485,IN,mavg/room2/temp,123
1619722412486,OUT,func/room2/ahum,123
1619722412529,IN,mavg/room2/rhum,123
1619722412530,OUT,func/room2/ahum,123
1619722412530,IN,mavg/room1/temp,123
1619722412572,OUT,func/room1/ahum,123
1619722412572,IN,mavg/room1/rhum,123
1619722412572,OUT,func/room1/ahum,123
1619722413528,IN,mavg/room2/rhum,124
1619722413529,OUT,func/room2/ahum,124
1619722413529,IN,mavg/room1/temp,124
1619722413529,OUT,func/room1/ahum,124
1619722413529,IN,mavg/room2/temp,124
1619722413529,OUT,func/room2/ahum,124
1619722413530,IN,mavg/room1/rhum,124
1619722413530,OUT,func/room1/ahum,124
1619722414486,IN,mavg/room1/temp,125
1619722414486,OUT,func/room1/ahum,125
1619722414486,IN,mavg/room1/rhum,125
1619722414487,OUT,func/room1/ahum,125
1619722414487,IN,mavg/room2/temp,125
1619722414487,OUT,func/room2/ahum,125
1619722414487,IN,mavg/room2/rhum,125
1619722414487,OUT,func/room2/ahum,125
1619722415487,IN,mavg/room1/temp,126
1619722415532,OUT,func/room1/ahum,126
1619722415532,IN,mavg/room2/temp,126
1619722415532,OUT,func/room2/ahum,126
1619722415532,IN,mavg/room1/rhum,126
1619722415533,OUT,func/room1/ahum,126
1619722415533,IN,mavg/room2/rhum,126
1619722415533,OUT,func/room2/ahum,126
1619722416528,IN,mavg/room1/temp,127
1619722416529,OUT,func/room1/ahum,127
1619722416529,IN,mavg/room2/temp,127
1619722416529,OUT,func/room2/ahum,127
1619722416530,IN,mavg/room2/rhum,127
1619722416530,OUT,func/room2/ahum,127
1619722416530,IN,mavg/room1/rhum,127
1619722416531,OUT,func/room1/ahum,127
1619722417490,IN,mavg/room1/temp,128
1619722417532,OUT,func/room1/ahum,128
1619722417532,IN,mavg/room2/temp,128
1619722417533,OUT,func/room2/ahum,128
1619722417534,IN,mavg/room2/rhum,128
1619722417534,OUT,func/room2/ahum,128
1619722417535,IN,mavg/room1/rhum,128
1619722417536,OUT,func/room1/ahum,128
1619722418533,IN,mavg/room1/temp,129
1619722418533,OUT,func/room1/ahum,129
1619722418534,IN,mavg/room2/temp,129
1619722418534,OUT,func/room2/ahum,129
1619722418534,IN,mavg/room1/rhum,129
1619722418535,OUT,func/room1/ahum,129
1619722418535,IN,mavg/room2/rhum,129
1619722418535,OUT,func/room2/ahum,129
1619722419490,IN,mavg/room1/temp,130
1619722419536,OUT,func/room1/ahum,130
1619722419536,IN,mavg/room2/temp,130
1619722419537,OUT,func/room2/ahum,130
1619722419537,IN,mavg/room2/rhum,130
1619722419538,OUT,func/room2/ahum,130
1619722419538,IN,mavg/room1/rhum,130
1619722419539,OUT,func/room1/ahum,130
1619722420532,IN,mavg/room1/temp,131
1619722420533,OUT,func/room1/ahum,131
1619722420533,IN,mavg/room2/temp,131
1619722420534,OUT,func/room2/ahum,131
1619722420534,IN,mavg/room2/rhum,131
1619722420534,OUT,func/room2/ahum,131
1619722420534,IN,mavg/room1/rhum,131
1619722420535,OUT,func/room1/ahum,131
1619722421493,IN,mavg/room1/temp,132
1619722421536,OUT,func/room1/ahum,132
1619722421536,IN,mavg/room2/rhum,132
1619722421537,OUT,func/room2/ahum,132
1619722421537,IN,mavg/room2/temp,132
1619722421538,OUT,func/room2/ahum,132
1619722421538,IN,mavg/room1/rhum,132
1619722421539,OUT,func/room1/ahum,132
1619722422536,IN,mavg/room1/temp,133
1619722422537,OUT,func/room1/ahum,133
1619722422537,IN,mavg/room2/temp,133
1619722422537,OUT,func/room2/ahum,133
1619722422537,IN,mavg/room2/rhum,133
1619722422537,OUT,func/room2/ahum,133
1619722422538,IN,mavg/room1/rhum,133
1619722422538,OUT,func/room1/ahum,133
1619722423494,IN,mavg/room1/temp,134
1619722423536,OUT,func/room1/ahum,134
1619722423536,IN,mavg/room2/rhum,134
1619722423536,OUT,func/room2/ahum,134
1619722423536,IN,mavg/room2/temp,134
1619722423537,OUT,func/room2/ahum,134
1619722423537,IN,mavg/room1/rhum,134
1619722423537,OUT,func/room1/ahum,134
1619722424540,IN,mavg/room1/temp,135
1619722424541,OUT,func/room1/ahum,135
1619722424585,IN,mavg/room2/temp,135
1619722424587,OUT,func/room2/ahum,135
1619722424587,IN,mavg/room2/rhum,135
1619722424632,OUT,func/room2/ahum,135
1619722424632,IN,mavg/room1/rhum,135
1619722424633,OUT,func/room1/ahum,135
1619722425496,IN,mavg/room1/temp,136
1619722425496,OUT,func/room1/ahum,136
1619722425496,IN,mavg/room2/temp,136
1619722425497,OUT,func/room2/ahum,136
1619722425497,IN,mavg/room2/rhum,136
1619722425497,OUT,func/room2/ahum,136
1619722425497,IN,mavg/room1/rhum,136
1619722425544,OUT,func/room1/ahum,136
1619722426540,IN,mavg/room1/temp,137
1619722426541,OUT,func/room1/ahum,137
1619722426541,IN,mavg/room2/rhum,137
1619722426584,OUT,func/room2/ahum,137
1619722426584,IN,mavg/room2/temp,137
1619722426584,OUT,func/room2/ahum,137
1619722426584,IN,mavg/room1/rhum,137
1619722426585,OUT,func/room1/ahum,137
1619722427498,IN,mavg/room1/temp,138
1619722427499,OUT,func/room1/ahum,138
1619722427499,IN,mavg/room2/temp,138
1619722427500,OUT,func/room2/ahum,138
1619722427500,IN,mavg/room2/rhum,138
1619722427501,OUT,func/room2/ahum,138
1619722427501,IN,mavg/room1/rhum,138
1619722427501,OUT,func/room1/ahum,138
1619722428540,IN,mavg/room1/temp,139
1619722428541,OUT,func/room1/ahum,139
1619722428541,IN,mavg/room2/temp,139
1619722428584,OUT,func/room2/ahum,139
1619722428584,IN,mavg/room2/rhum,139
1619722428584,OUT,func/room2/ahum,139
1619722428585,IN,mavg/room1/rhum,139
1619722428585,OUT,func/room1/ahum,139
1619722429544,IN,mavg/room1/temp,140
1619722429545,OUT,func/room1/ahum,140
1619722429545,IN,mavg/room2/temp,140
1619722429546,OUT,func/room2/ahum,140
1619722429546,IN,mavg/room2/rhum,140
1619722429546,OUT,func/room2/ahum,140
1619722429546,IN,mavg/room1/rhum,140
1619722429547,OUT,func/room1/ahum,140
1619722430502,IN,mavg/room1/temp,141
1619722430548,OUT,func/room1/ahum,141
1619722430548,IN,mavg/room2/temp,141
1619722430548,OUT,func/room2/ahum,141
1619722430548,IN,mavg/room2/rhum,141
1619722430549,OUT,func/room2/ahum,141
1619722430549,IN,mavg/room1/rhum,141
1619722430549,OUT,func/room1/ahum,141
1619722431544,IN,mavg/room1/temp,142
1619722431545,OUT,func/room1/ahum,142
1619722431545,IN,mavg/room2/temp,142
1619722431545,OUT,func/room2/ahum,142
1619722431545,IN,mavg/room2/rhum,142
1619722431546,OUT,func/room2/ahum,142
1619722431546,IN,mavg/room1/rhum,142
1619722431546,OUT,func/room1/ahum,142
1619722432505,IN,mavg/room1/temp,143
1619722432548,OUT,func/room1/ahum,143
1619722432548,IN,mavg/room2/temp,143
1619722432548,OUT,func/room2/ahum,143
1619722432549,IN,mavg/room2/rhum,143
1619722432549,OUT,func/room2/ahum,143
1619722432549,IN,mavg/room1/rhum,143
1619722432549,OUT,func/room1/ahum,143
1619722433504,IN,mavg/room1/temp,144
1619722433504,OUT,func/room1/ahum,144
1619722433548,IN,mavg/room2/temp,144
1619722433592,OUT,func/room2/ahum,144
1619722433592,IN,mavg/room2/rhum,144
1619722433592,OUT,func/room2/ahum,144
1619722433592,IN,mavg/room1/rhum,144
1619722433593,OUT,func/room1/ahum,144
1619722434548,IN,mavg/room2/temp,145
1619722434549,OUT,func/room2/ahum,145
1619722434549,IN,mavg/room1/temp,145
1619722434550,OUT,func/room1/ahum,145
1619722434550,IN,mavg/room1/rhum,145
1619722434550,OUT,func/room1/ahum,145
1619722434550,IN,mavg/room2/rhum,145
1619722434550,OUT,func/room2/ahum,145
1619722435507,IN,mavg/room1/temp,146
1619722435548,OUT,func/room1/ahum,146
1619722435548,IN,mavg/room2/temp,146
1619722435549,OUT,func/room2/ahum,146
1619722435549,IN,mavg/room2/rhum,146
1619722435549,OUT,func/room2/ahum,146
1619722435552,IN,mavg/room1/rhum,146
1619722435553,OUT,func/room1/ahum,146
1619722436548,IN,mavg/room1/temp,147
1619722436549,OUT,func/room1/ahum,147
1619722436549,IN,mavg/room2/temp,147
1619722436592,OUT,func/room2/ahum,147
1619722436592,IN,mavg/room2/rhum,147
1619722436592,OUT,func/room2/ahum,147
1619722436593,IN,mavg/room1/rhum,147
1619722436593,OUT,func/room1/ahum,147
1619722437508,IN,mavg/room1/temp,148
1619722437508,OUT,func/room1/ahum,148
1619722437509,IN,mavg/room2/temp,148
1619722437509,OUT,func/room2/ahum,148
1619722437509,IN,mavg/room2/rhum,148
1619722437510,OUT,func/room2/ahum,148
1619722437510,IN,mavg/room1/rhum,148
1619722437510,OUT,func/room1/ahum,148
1619722438552,IN,mavg/room1/temp,149
1619722438553,OUT,func/room1/ahum,149
1619722438596,IN,mavg/room2/temp,149
1619722438640,OUT,func/room2/ahum,149
1619722438640,IN,mavg/room2/rhum,149
1619722438640,OUT,func/room2/ahum,149
1619722438640,IN,mavg/room1/rhum,149
1619722438641,OUT,func/room1/ahum,149
1619722439511,IN,mavg/room1/temp,150
1619722439511,OUT,func/room1/ahum,150
1619722439512,IN,mavg/room2/temp,150
1619722439513,OUT,func/room2/ahum,150
1619722439513,IN,mavg/room2/rhum,150
1619722439514,OUT,func/room2/ahum,150
1619722439515,IN,mavg/room1/rhum,150
1619722439560,OUT,func/room1/ahum,150
1619722440552,IN,mavg/room1/temp,151
1619722440553,OUT,func/room1/ahum,151
1619722440553,IN,mavg/room2/temp,151
1619722440553,OUT,func/room2/ahum,151
1619722440554,IN,mavg/room2/rhum,151
1619722440554,OUT,func/room2/ahum,151
1619722440554,IN,mavg/room1/rhum,151
1619722440554,OUT,func/room1/ahum,151
1619722441512,IN,mavg/room1/temp,152
1619722441556,OUT,func/room1/ahum,152
1619722441556,IN,mavg/room2/temp,152
1619722441557,OUT,func/room2/ahum,152
1619722441558,IN,mavg/room2/rhum,152
1619722441559,OUT,func/room2/ahum,152
1619722441559,IN,mavg/room1/rhum,152
1619722441560,OUT,func/room1/ahum,152
1619722442556,IN,mavg/room1/temp,153
1619722442604,OUT,func/room1/ahum,153
1619722442604,IN,mavg/room2/temp,153
1619722442604,OUT,func/room2/ahum,153
1619722442605,IN,mavg/room2/rhum,153
1619722442605,OUT,func/room2/ahum,153
1619722442605,IN,mavg/room1/rhum,153
1619722442606,OUT,func/room1/ahum,153
1619722443514,IN,mavg/room1/temp,154
1619722443515,OUT,func/room1/ahum,154
1619722443515,IN,mavg/room2/temp,154
1619722443516,OUT,func/room2/ahum,154
1619722443516,IN,mavg/room2/rhum,154
1619722443516,OUT,func/room2/ahum,154
1619722443516,IN,mavg/room1/rhum,154
1619722443516,OUT,func/room1/ahum,154
1619722444557,IN,mavg/room1/temp,155
1619722444557,OUT,func/room1/ahum,155
1619722444558,IN,mavg/room2/temp,155
1619722444604,OUT,func/room2/ahum,155
1619722444604,IN,mavg/room2/rhum,155
1619722444604,OUT,func/room2/ahum,155
1619722444604,IN,mavg/room1/rhum,155
1619722444605,OUT,func/room1/ahum,155
1619722445516,IN,mavg/room2/temp,156
1619722445517,OUT,func/room2/ahum,156
1619722445517,IN,mavg/room1/temp,156
1619722445517,OUT,func/room1/ahum,156
1619722445517,IN,mavg/room2/rhum,156
1619722445518,OUT,func/room2/ahum,156
1619722445518,IN,mavg/room1/rhum,156
1619722445564,OUT,func/room1/ahum,156
1619722446561,IN,mavg/room1/temp,157
1619722446561,OUT,func/room1/ahum,157
1619722446562,IN,mavg/room2/temp,157
1619722446604,OUT,func/room2/ahum,157
1619722446604,IN,mavg/room2/rhum,157
1619722446605,OUT,func/room2/ahum,157
1619722446605,IN,mavg/room1/rhum,157
1619722446606,OUT,func/room1/ahum,157
1619722447519,IN,mavg/room1/temp,158
1619722447520,OUT,func/room1/ahum,158
1619722447520,IN,mavg/room2/temp,158
1619722447521,OUT,func/room2/ahum,158
1619722447522,IN,mavg/room2/rhum,158
1619722447523,OUT,func/room2/ahum,158
1619722447568,IN,mavg/room1/rhum,158
1619722447569,OUT,func/room1/ahum,158
1619722448561,IN,mavg/room1/temp,159
1619722448604,OUT,func/room1/ahum,159
1619722448604,IN,mavg/room2/temp,159
1619722448604,OUT,func/room2/ahum,159
1619722448604,IN,mavg/room2/rhum,159
1619722448605,OUT,func/room2/ahum,159
1619722448605,IN,mavg/room1/rhum,159
1619722448605,OUT,func/room1/ahum,159
1619722449519,IN,mavg/room1/temp,160
1619722449520,OUT,func/room1/ahum,160
1619722449520,IN,mavg/room2/temp,160
1619722449568,OUT,func/room2/ahum,160
1619722449568,IN,mavg/room2/rhum,160
1619722449569,OUT,func/room2/ahum,160
1619722449569,IN,mavg/room1/rhum,160
1619722449569,OUT,func/room1/ahum,160
1619722450569,IN,mavg/room1/temp,161
1619722450569,OUT,func/room1/ahum,161
1619722450612,IN,mavg/room2/temp,161
1619722450656,OUT,func/room2/ahum,161
1619722450656,IN,mavg/room2/rhum,161
1619722450657,OUT,func/room2/ahum,161
1619722450658,IN,mavg/room1/rhum,161
1619722450658,OUT,func/room1/ahum,161
1619722451522,IN,mavg/room1/temp,162
1619722451522,OUT,func/room1/ahum,162
1619722451522,IN,mavg/room2/temp,162
1619722451523,OUT,func/room2/ahum,162
1619722451523,IN,mavg/room2/rhum,162
1619722451524,OUT,func/room2/ahum,162
1619722451524,IN,mavg/room1/rhum,162
1619722451524,OUT,func/room1/ahum,162
1619722452564,IN,mavg/room1/temp,163
1619722452565,OUT,func/room1/ahum,163
1619722452565,IN,mavg/room2/temp,163
1619722452612,OUT,func/room2/ahum,163
1619722452612,IN,mavg/room2/rhum,163
1619722452612,OUT,func/room2/ahum,163
1619722452612,IN,mavg/room1/rhum,163
1619722452612,OUT,func/room1/ahum,163
1619722453524,IN,mavg/room1/temp,164
1619722453525,OUT,func/room1/ahum,164
1619722453525,IN,mavg/room2/rhum,164
1619722453526,OUT,func/room2/ahum,164
1619722453526,IN,mavg/room2/temp,164
1619722453527,OUT,func/room2/ahum,164
1619722453527,IN,mavg/room1/rhum,164
1619722453527,OUT,func/room1/ahum,164
1619722454566,IN,mavg/room1/temp,165
1619722454566,OUT,func/room1/ahum,165
1619722454566,IN,mavg/room2/rhum,165
1619722454566,OUT,func/room2/ahum,165
1619722454566,IN,mavg/room2/temp,165
1619722454566,OUT,func/room2/ahum,165
1619722454566,IN,mavg/room1/rhum,165
1619722454567,OUT,func/room1/ahum,165
1619722455525,IN,mavg/room1/temp,166
1619722455526,OUT,func/room1/ahum,166
1619722455526,IN,mavg/room2/temp,166
1619722455568,OUT,func/room2/ahum,166
1619722455568,IN,mavg/room2/rhum,166
1619722455568,OUT,func/room2/ahum,166
1619722455568,IN,mavg/room1/rhum,166
1619722455569,OUT,func/room1/ahum,166
1619722456569,IN,mavg/room1/temp,167
1619722456570,OUT,func/room1/ahum,167
1619722456570,IN,mavg/room2/temp,167
1619722456570,OUT,func/room2/ahum,167
1619722456570,IN,mavg/room2/rhum,167
1619722456571,OUT,func/room2/ahum,167
1619722456572,IN,mavg/room1/rhum,167
1619722456572,OUT,func/room1/ahum,167
1619722457527,IN,mavg/room1/temp,168
1619722457572,OUT,func/room1/ahum,168
1619722457572,IN,mavg/room2/rhum,168
1619722457572,OUT,func/room2/ahum,168
1619722457572,IN,mavg/room1/rhum,168
1619722457617,OUT,func/room1/ahum,168
1619722457617,IN,mavg/room2/temp,168
1619722457618,OUT,func/room2/ahum,168
1619722458568,IN,mavg/room1/temp,169
1619722458569,OUT,func/room1/ahum,169
1619722458569,IN,mavg/room2/rhum,169
1619722458569,OUT,func/room2/ahum,169
1619722458569,IN,mavg/room1/rhum,169
1619722458569,OUT,func/room1/ahum,169
1619722458569,IN,mavg/room2/temp,169
1619722458570,OUT,func/room2/ahum,169
1619722459561,IN,mavg/room1/temp,170
1619722459604,OUT,func/room1/ahum,170
1619722459604,IN,mavg/room2/rhum,170
1619722459605,OUT,func/room2/ahum,170
1619722459605,IN,mavg/room1/rhum,170
1619722459606,OUT,func/room1/ahum,170
1619722459607,IN,mavg/room2/temp,170
1619722459608,OUT,func/room2/ahum,170
1619722460604,IN,mavg/room2/temp,171
1619722460605,OUT,func/room2/ahum,171
1619722460605,IN,mavg/room1/temp,171
1619722460605,OUT,func/room1/ahum,171
1619722460605,IN,mavg/room1/rhum,171
1619722460605,OUT,func/room1/ahum,171
1619722460606,IN,mavg/room2/rhum,171
1619722460606,OUT,func/room2/ahum,171
1619722461563,IN,mavg/room2/rhum,172
1619722461604,OUT,func/room2/ahum,172
1619722461604,IN,mavg/room1/temp,172
1619722461604,OUT,func/room1/ahum,172
1619722461604,IN,mavg/room2/temp,172
1619722461605,OUT,func/room2/ahum,172
1619722461605,IN,mavg/room1/rhum,172
1619722461605,OUT,func/room1/ahum,172
1619722462604,IN,mavg/room1/temp,173
1619722462605,OUT,func/room1/ahum,173
1619722462605,IN,mavg/room2/temp,173
1619722462605,OUT,func/room2/ahum,173
1619722462605,IN,mavg/room2/rhum,173
1619722462605,OUT,func/room2/ahum,173
1619722462605,IN,mavg/room1/rhum,173
1619722462606,OUT,func/room1/ahum,173
1619722463564,IN,mavg/room1/temp,174
1619722463565,OUT,func/room1/ahum,174
1619722463608,IN,mavg/room2/temp,174
1619722463652,OUT,func/room2/ahum,174
1619722463652,IN,mavg/room2/rhum,174
1619722463652,OUT,func/room2/ahum,174
1619722463652,IN,mavg/room1/rhum,174
1619722463653,OUT,func/room1/ahum,174
1619722464608,IN,mavg/room1/temp,175
1619722464609,OUT,func/room1/ahum,175
1619722464609,IN,mavg/room2/temp,175
1619722464609,OUT,func/room2/ahum,175
1619722464609,IN,mavg/room2/rhum,175
1619722464609,OUT,func/room2/ahum,175
1619722464610,IN,mavg/room1/rhum,175
1619722464610,OUT,func/room1/ahum,175
1619722465567,IN,mavg/room1/temp,176
1619722465608,OUT,func/room1/ahum,176
1619722465608,IN,mavg/room2/temp,176
1619722465608,OUT,func/room2/ahum,176
1619722465609,IN,mavg/room2/rhum,176
1619722465609,OUT,func/room2/ahum,176
1619722465612,IN,mavg/room1/rhum,176
1619722465613,OUT,func/room1/ahum,176
1619722466609,IN,mavg/room1/temp,177
1619722466610,OUT,func/room1/ahum,177
1619722466610,IN,mavg/room2/rhum,177
1619722466652,OUT,func/room2/ahum,177
1619722466652,IN,mavg/room2/temp,177
1619722466652,OUT,func/room2/ahum,177
1619722466652,IN,mavg/room1/rhum,177
1619722466653,OUT,func/room1/ahum,177
1619722467568,IN,mavg/room1/temp,178
1619722467569,OUT,func/room1/ahum,178
1619722467569,IN,mavg/room2/rhum,178
1619722467569,OUT,func/room2/ahum,178
1619722467569,IN,mavg/room1/rhum,178
1619722467570,OUT,func/room1/ahum,178
1619722467570,IN,mavg/room2/temp,178
1619722467570,OUT,func/room2/ahum,178
1619722468612,IN,mavg/room1/temp,179
1619722468656,OUT,func/room1/ahum,179
1619722468656,IN,mavg/room2/rhum,179
1619722468656,OUT,func/room2/ahum,179
1619722468656,IN,mavg/room2/temp,179
1619722468657,OUT,func/room2/ahum,179
1619722468657,IN,mavg/room1/rhum,179
1619722468657,OUT,func/room1/ahum,179
1619722469571,IN,mavg/room1/temp,180
1619722469572,OUT,func/room1/ahum,180
1619722469572,IN,mavg/room2/temp,180
1619722469573,OUT,func/room2/ahum,180
1619722469573,IN,mavg/room2/rhum,180
1619722469573,OUT,func/room2/ahum,180
1619722469616,IN,mavg/room1/rhum,180
1619722469617,OUT,func/room1/ahum,180
1619722470612,IN,mavg/room1/temp,181
1619722470656,OUT,func/room1/ahum,181
1619722470656,IN,mavg/room2/temp,181
1619722470656,OUT,func/room2/ahum,181
1619722470656,IN,mavg/room2/rhum,181
1619722470657,OUT,func/room2/ahum,181
1619722470657,IN,mavg/room1/rhum,181
1619722470657,OUT,func/room1/ahum,181
1619722471571,IN,mavg/room1/temp,182
1619722471571,OUT,func/room1/ahum,182
1619722471571,IN,mavg/room2/temp,182
1619722471572,OUT,func/room2/ahum,182
1619722471572,IN,mavg/room1/rhum,182
1619722471620,OUT,func/room1/ahum,182
1619722471620,IN,mavg/room2/rhum,182
1619722471620,OUT,func/room2/ahum,182
1619722472616,IN,mavg/room1/temp,183
1619722472617,OUT,func/room1/ahum,183
1619722472617,IN,mavg/room2/temp,183
1619722472617,OUT,func/room2/ahum,183
1619722472617,IN,mavg/room2/rhum,183
1619722472617,OUT,func/room2/ahum,183
1619722472617,IN,mavg/room1/rhum,183
1619722472618,OUT,func/room1/ahum,183
1619722473573,IN,mavg/room1/temp,184
1619722473620,OUT,func/room1/ahum,184
1619722473620,IN,mavg/room2/rhum,184
1619722473620,OUT,func/room2/ahum,184
1619722473620,IN,mavg/room2/temp,184
1619722473621,OUT,func/room2/ahum,184
1619722473621,IN,mavg/room1/rhum,184
1619722473621,OUT,func/room1/ahum,184
1619722474616,IN,mavg/room1/temp,185
1619722474616,OUT,func/room1/ahum,185
1619722474617,IN,mavg/room2/rhum,185
1619722474617,OUT,func/room2/ahum,185
1619722474617,IN,mavg/room2/temp,185
1619722474618,OUT,func/room2/ahum,185
1619722474619,IN,mavg/room1/rhum,185
1619722474619,OUT,func/room1/ahum,185
1619722475575,IN,mavg/room2/rhum,186
1619722475620,OUT,func/room2/ahum,186
1619722475620,IN,mavg/room1/temp,186
1619722475624,OUT,func/room1/ahum,186
1619722475624,IN,mavg/room1/rhum,186
1619722475668,OUT,func/room1/ahum,186
1619722475668,IN,mavg/room2/temp,186
1619722475669,OUT,func/room2/ahum,186
1619722476620,IN,mavg/room1/temp,187
1619722476664,OUT,func/room1/ahum,187
1619722476664,IN,mavg/room2/temp,187
1619722476664,OUT,func/room2/ahum,187
1619722476665,IN,mavg/room2/rhum,187
1619722476665,OUT,func/room2/ahum,187
1619722476665,IN,mavg/room1/rhum,187
1619722476665,OUT,func/room1/ahum,187
1619722477578,IN,mavg/room1/temp,188
1619722477579,OUT,func/room1/ahum,188
1619722477579,IN,mavg/room2/temp,188
1619722477579,OUT,func/room2/ahum,188
1619722477580,IN,mavg/room2/rhum,188
1619722477580,OUT,func/room2/ahum,188
1619722477581,IN,mavg/room1/rhum,188
1619722477581,OUT,func/room1/ahum,188
1619722478620,IN,mavg/room2/temp,189
1619722478668,OUT,func/room2/ahum,189
1619722478668,IN,mavg/room1/temp,189
1619722478669,OUT,func/room1/ahum,189
1619722478669,IN,mavg/room2/rhum,189
1619722478670,OUT,func/room2/ahum,189
1619722478670,IN,mavg/room1/rhum,189
1619722478671,OUT,func/room1/ahum,189
1619722479579,IN,mavg/room2/temp,190
1619722479579,OUT,func/room2/ahum,190
1619722479580,IN,mavg/room2/rhum,190
1619722479580,OUT,func/room2/ahum,190
1619722479580,IN,mavg/room1/temp,190
1619722479624,OUT,func/room1/ahum,190
1619722479624,IN,mavg/room1/rhum,190
1619722479668,OUT,func/room1/ahum,190
1619722480620,IN,mavg/room1/temp,191
1619722480621,OUT,func/room1/ahum,191
1619722480621,IN,mavg/room2/temp,191
1619722480664,OUT,func/room2/ahum,191
1619722480664,IN,mavg/room2/rhum,191
1619722480664,OUT,func/room2/ahum,191
1619722480664,IN,mavg/room1/rhum,191
1619722480665,OUT,func/room1/ahum,191
1619722481581,IN,mavg/room1/temp,192
1619722481581,OUT,func/room1/ahum,192
1619722481581,IN,mavg/room2/temp,192
1619722481582,OUT,func/room2/ahum,192
1619722481582,IN,mavg/room1/rhum,192
1619722481582,OUT,func/room1/ahum,192
1619722481582,IN,mavg/room2/rhum,192
1619722481583,OUT,func/room2/ahum,192
1619722482628,IN,mavg/room1/temp,193
1619722482629,OUT,func/room1/ahum,193
1619722482629,IN,mavg/room2/temp,193
1619722482630,OUT,func/room2/ahum,193
1619722482630,IN,mavg/room1/rhum,193
1619722482630,OUT,func/room1/ahum,193
1619722482630,IN,mavg/room2/rhum,193
1619722482630,OUT,func/room2/ahum,193
1619722483584,IN,mavg/room1/temp,194
1619722483632,OUT,func/room1/ahum,194
1619722483632,IN,mavg/room2/rhum,194
1619722483632,OUT,func/room2/ahum,194
1619722483632,IN,mavg/room2/temp,194
1619722483632,OUT,func/room2/ahum,194
1619722483633,IN,mavg/room1/rhum,194
1619722483633,OUT,func/room1/ahum,194
1619722484624,IN,mavg/room2/rhum,195
1619722484625,OUT,func/room2/ahum,195
1619722484625,IN,mavg/room1/temp,195
1619722484625,OUT,func/room1/ahum,195
1619722484625,IN,mavg/room1/rhum,195
1619722484625,OUT,func/room1/ahum,195
1619722484625,IN,mavg/room2/temp,195
1619722484626,OUT,func/room2/ahum,195
1619722485585,IN,mavg/room1/temp,196
1619722485585,OUT,func/room1/ahum,196
1619722485628,IN,mavg/room2/temp,196
1619722485672,OUT,func/room2/ahum,196
1619722485672,IN,mavg/room2/rhum,196
1619722485672,OUT,func/room2/ahum,196
1619722485672,IN,mavg/room1/rhum,196
1619722485673,OUT,func/room1/ahum,196
1619722486632,IN,mavg/room1/temp,197
1619722486633,OUT,func/room1/ahum,197
1619722486633,IN,mavg/room2/temp,197
1619722486633,OUT,func/room2/ahum,197
1619722486633,IN,mavg/room2/rhum,197
1619722486633,OUT,func/room2/ahum,197
1619722486633,IN,mavg/room1/rhum,197
1619722486633,OUT,func/room1/ahum,197
1619722487585,IN,mavg/room1/temp,198
1619722487628,OUT,func/room1/ahum,198
1619722487628,IN,mavg/room2/rhum,198
1619722487628,OUT,func/room2/ahum,198
1619722487628,IN,mavg/room1/rhum,198
1619722487629,OUT,func/room1/ahum,198
1619722487629,IN,mavg/room2/temp,198
1619722487629,OUT,func/room2/ahum,198
1619722488628,IN,mavg/room1/temp,199
1619722488629,OUT,func/room1/ahum,199
1619722488629,IN,mavg/room2/temp,199
1619722488629,OUT,func/room2/ahum,199
1619722488629,IN,mavg/room2/rhum,199
1619722488629,OUT,func/room2/ahum,199
1619722488629,IN,mavg/room1/rhum,199
1619722488629,OUT,func/room1/ahum,199
1619722489587,IN,mavg/room1/temp,200
1619722489628,OUT,func/room1/ahum,200
1619722489628,IN,mavg/room2/temp,200
1619722489629,OUT,func/room2/ahum,200
1619722489629,IN,mavg/room2/rhum,200
1619722489630,OUT,func/room2/ahum,200
1619722489630,IN,mavg/room1/rhum,200
1619722489630,OUT,func/room1/ahum,200
1619722490628,IN,mavg/room1/temp,201
1619722490629,OUT,func/room1/ahum,201
1619722490629,IN,mavg/room2/temp,201
1619722490629,OUT,func/room2/ahum,201
1619722490629,IN,mavg/room2/rhum,201
1619722490629,OUT,func/room2/ahum,201
1619722490629,IN,mavg/room1/rhum,201
1619722490630,OUT,func/room1/ahum,201
1619722491587,IN,mavg/room1/temp,202
1619722491636,OUT,func/room1/ahum,202
1619722491636,IN,mavg/room2/temp,202
1619722491636,OUT,func/room2/ahum,202
1619722491636,IN,mavg/room2/rhum,202
1619722491637,OUT,func/room2/ahum,202
1619722491637,IN,mavg/room1/rhum,202
1619722491637,OUT,func/room1/ahum,202
1619722492637,IN,mavg/room1/temp,203
1619722492638,OUT,func/room1/ahum,203
1619722492638,IN,mavg/room2/temp,203
1619722492640,OUT,func/room2/ahum,203
1619722492640,IN,mavg/room2/rhum,203
1619722492684,OUT,func/room2/ahum,203
1619722492684,IN,mavg/room1/rhum,203
1619722492685,OUT,func/room1/ahum,203
1619722493589,IN,mavg/room1/temp,204
1619722493632,OUT,func/room1/ahum,204
1619722493632,IN,mavg/room2/temp,204
1619722493632,OUT,func/room2/ahum,204
1619722493632,IN,mavg/room2/rhum,204
1619722493632,OUT,func/room2/ahum,204
1619722493633,IN,mavg/room1/rhum,204
1619722493633,OUT,func/room1/ahum,204
1619722494632,IN,mavg/room1/temp,205
1619722494632,OUT,func/room1/ahum,205
1619722494633,IN,mavg/room2/temp,205
1619722494633,OUT,func/room2/ahum,205
1619722494633,IN,mavg/room2/rhum,205
1619722494633,OUT,func/room2/ahum,205
1619722494634,IN,mavg/room1/rhum,205
1619722494634,OUT,func/room1/ahum,205
1619722495590,IN,mavg/room1/temp,206
1619722495636,OUT,func/room1/ahum,206
1619722495636,IN,mavg/room2/rhum,206
1619722495636,OUT,func/room2/ahum,206
1619722495636,IN,mavg/room1/rhum,206
1619722495637,OUT,func/room1/ahum,206
1619722495637,IN,mavg/room2/temp,206
1619722495637,OUT,func/room2/ahum,206
1619722496633,IN,mavg/room1/temp,207
1619722496634,OUT,func/room1/ahum,207
1619722496634,IN,mavg/room2/temp,207
1619722496635,OUT,func/room2/ahum,207
1619722496635,IN,mavg/room2/rhum,207
1619722496636,OUT,func/room2/ahum,207
1619722496636,IN,mavg/room1/rhum,207
1619722496637,OUT,func/room1/ahum,207
1619722497591,IN,mavg/room1/temp,208
1619722497591,OUT,func/room1/ahum,208
1619722497591,IN,mavg/room2/rhum,208
1619722497636,OUT,func/room2/ahum,208
1619722497636,IN,mavg/room2/temp,208
1619722497637,OUT,func/room2/ahum,208
1619722497637,IN,mavg/room1/rhum,208
1619722497638,OUT,func/room1/ahum,208
1619722498633,IN,mavg/room1/temp,209
1619722498634,OUT,func/room1/ahum,209
1619722498634,IN,mavg/room2/temp,209
1619722498635,OUT,func/room2/ahum,209
1619722498635,IN,mavg/room2/rhum,209
1619722498636,OUT,func/room2/ahum,209
1619722498636,IN,mavg/room1/rhum,209
1619722498636,OUT,func/room1/ahum,209
1619722499594,IN,mavg/room1/temp,210
1619722499595,OUT,func/room1/ahum,210
1619722499596,IN,mavg/room2/temp,210
1619722499596,OUT,func/room2/ahum,210
1619722499596,IN,mavg/room2/rhum,210
1619722499640,OUT,func/room2/ahum,210
1619722499640,IN,mavg/room1/rhum,210
1619722499684,OUT,func/room1/ahum,210
1619722500636,IN,mavg/room1/temp,211
1619722500637,OUT,func/room1/ahum,211
1619722500637,IN,mavg/room2/temp,211
1619722500637,OUT,func/room2/ahum,211
1619722500638,IN,mavg/room2/rhum,211
1619722500638,OUT,func/room2/ahum,211
1619722500638,IN,mavg/room1/rhum,211
1619722500638,OUT,func/room1/ahum,211
1619722501594,IN,mavg/room1/temp,212
1619722501636,OUT,func/room1/ahum,212
1619722501636,IN,mavg/room2/temp,212
1619722501636,OUT,func/room2/ahum,212
1619722501636,IN,mavg/room2/rhum,212
1619722501637,OUT,func/room2/ahum,212
1619722501637,IN,mavg/room1/rhum,212
1619722501637,OUT,func/room1/ahum,212
1619722502640,IN,mavg/room2/temp,213
1619722502641,OUT,func/room2/ahum,213
1619722502641,IN,mavg/room1/temp,213
1619722502641,OUT,func/room1/ahum,213
1619722502641,IN,mavg/room2/rhum,213
1619722502642,OUT,func/room2/ahum,213
1619722502642,IN,mavg/room1/rhum,213
1619722502642,OUT,func/room1/ahum,213
1619722503595,IN,mavg/room1/temp,214
1619722503640,OUT,func/room1/ahum,214
1619722503640,IN,mavg/room2/temp,214
1619722503640,OUT,func/room2/ahum,214
1619722503640,IN,mavg/room2/rhum,214
1619722503641,OUT,func/room2/ahum,214
1619722503641,IN,mavg/room1/rhum,214
1619722503641,OUT,func/room1/ahum,214
1619722504636,IN,mavg/room1/temp,215
1619722504636,OUT,func/room1/ahum,215
1619722504636,IN,mavg/room2/temp,215
1619722504637,OUT,func/room2/ahum,215
1619722504637,IN,mavg/room2/rhum,215
1619722504637,OUT,func/room2/ahum,215
1619722504637,IN,mavg/room1/rhum,215
1619722504638,OUT,func/room1/ahum,215
1619722505597,IN,mavg/room2/temp,216
1619722505640,OUT,func/room2/ahum,216
1619722505640,IN,mavg/room2/rhum,216
1619722505640,OUT,func/room2/ahum,216
1619722505640,IN,mavg/room1/temp,216
1619722505641,OUT,func/room1/ahum,216
1619722505641,IN,mavg/room1/rhum,216
1619722505641,OUT,func/room1/ahum,216
1619722506640,IN,mavg/room2/temp,217
1619722506640,OUT,func/room2/ahum,217
1619722506640,IN,mavg/room1/temp,217
1619722506641,OUT,func/room1/ahum,217
1619722506641,IN,mavg/room2/rhum,217
1619722506641,OUT,func/room2/ahum,217
1619722506641,IN,mavg/room1/rhum,217
1619722506641,OUT,func/room1/ahum,217
1619722507598,IN,mavg/room2/temp,218
1619722507640,OUT,func/room2/ahum,218
1619722507640,IN,mavg/room1/rhum,218
1619722507640,OUT,func/room1/ahum,218
1619722507640,IN,mavg/room1/temp,218
1619722507641,OUT,func/room1/ahum,218
1619722507641,IN,mavg/room2/rhum,218
1619722507641,OUT,func/room2/ahum,218
1619722508640,IN,mavg/room2/temp,219
1619722508641,OUT,func/room2/ahum,219
1619722508641,IN,mavg/room1/rhum,219
1619722508641,OUT,func/room1/ahum,219
1619722508641,IN,mavg/room1/temp,219
1619722508641,OUT,func/room1/ahum,219
1619722508641,IN,mavg/room2/rhum,219
1619722508642,OUT,func/room2/ahum,219
1619722509644,IN,mavg/room1/temp,220
1619722509645,OUT,func/room1/ahum,220
1619722509645,IN,mavg/room2/temp,220
1619722509688,OUT,func/room2/ahum,220
1619722509688,IN,mavg/room2/rhum,220
1619