# timestamp,resident_bytes,total_bytes,system_millis,user_millis
1619722284157,2560000,10117120,0,0
1619722284453,2560000,10117120,0,0
1619722284735,2560000,10117120,0,0
1619722284998,2560000,10117120,0,0
1619722285241,2560000,10117120,0,0
1619722285483,2560000,10117120,0,0
1619722285728,2560000,10117120,0,0
1619722285969,2560000,10117120,0,0
1619722286211,2560000,10117120,0,0
1619722286483,2560000,10117120,0,0
1619722286726,2560000,10117120,0,0
1619722286968,2560000,10117120,0,0
1619722287215,2560000,10117120,0,0
1619722287472,2560000,10117120,0,0
1619722287715,2560000,10117120,0,0
1619722287961,2560000,10117120,0,0
1619722288225,2560000,10117120,0,0
1619722288473,2560000,10117120,0,0
1619722288731,2560000,10117120,0,0
1619722288995,2560000,10117120,0,0
1619722289255,2560000,10117120,0,0
1619722289530,2560000,10117120,0,0
1619722289790,2560000,10117120,0,0
1619722290050,2560000,10117120,0,0
1619722290313,2560000,10117120,0,0
1619722290590,2560000,10117120,0,0
1619722290835,2560000,10117120,0,0
1619722291076,2560000,10117120,0,0
1619722291339,2560000,10117120,0,0
1619722291592,2560000,10117120,0,0
1619722291843,2560000,10117120,0,0
1619722292126,2560000,10117120,0,0
1619722292385,2560000,10117120,0,0
1619722292633,2560000,10117120,0,0
1619722292911,2560000,10117120,0,0
1619722293169,2560000,10117120,0,0
1619722293415,2560000,10117120,0,0
1619722293658,2560000,10117120,0,0
1619722293905,2560000,10117120,0,0
1619722294162,2560000,10117120,0,0
1619722294416,2560000,10117120,0,0
1619722294674,2560000,10117120,0,0
1619722294936,2560000,10117120,0,0
1619722295194,2560000,10117120,0,0
1619722295437,2560000,10117120,0,0
1619722295696,2560000,10117120,0,0
1619722295950,2560000,10117120,0,0
1619722296216,2560000,10117120,0,0
1619722296463,2560000,10117120,0,0
1619722296714,2560000,10117120,0,0
1619722296958,2560000,10117120,0,0
1619722297200,2560000,10117120,0,0
1619722297448,2560000,10117120,0,0
1619722297700,2560000,10117120,0,0
1619722297959,2560000,10117120,0,0
1619722298203,2560000,10117120,0,0
1619722298450,2560000,10117120,0,0
1619722298695,2560000,10117120,0,0
1619722298953,2560000,10117120,0,0
1619722299218,2560000,10117120,0,0
1619722299471,2560000,10117120,0,0
1619722299713,2560000,10117120,0,0
1619722299973,2560000,10117120,0,0
1619722300225,2560000,10117120,0,0
1619722300481,2560000,10117120,0,0
1619722300731,2560000,10117120,0,0
1619722300996,2560000,10117120,0,0
1619722301288,2560000,10117120,0,0
1619722301548,2560000,10117120,0,0
1619722301788,2560000,10117120,0,0
1619722302031,2560000,10117120,0,0
1619722302276,2560000,10117120,0,0
1619722302531,2560000,10117120,0,0
1619722302781,2560000,10117120,0,0
1619722303031,2560000,10117120,0,0
1619722303279,2560000,10117120,0,0
1619722303520,2560000,10117120,0,0
1619722303774,2560000,10117120,0,0
1619722304026,2560000,10117120,0,0
1619722304276,2560000,10117120,0,0
1619722304525,2560000,10117120,0,0
1619722304776,2560000,10117120,0,0
1619722305035,2560000,10117120,0,0
1619722305284,2560000,10117120,0,0
1619722305526,2560000,10117120,0,0
1619722305786,2560000,10117120,0,0
1619722306036,2560000,10117120,0,0
1619722306278,2560000,10117120,0,0
1619722306519,2560000,10117120,0,0
1619722306764,2560000,10117120,0,0
1619722307016,2560000,10117120,0,0
1619722307268,2560000,10117120,0,0
1619722307531,2560000,10117120,0,0
1619722307789,2560000,10117120,0,0
1619722308061,2560000,10117120,0,0
1619722308337,2560000,10117120,0,0
1619722308593,2560000,10117120,0,0
1619722308840,2560000,10117120,0,0
1619722309095,2560000,10117120,0,0
1619722309348,2560000,10117120,0,0
1619722309602,2560000,10117120,0,0
1619722309859,2560000,10117120,0,0
1619722310109,2560000,10117120,0,0
1619722310359,2560000,10117120,0,0
1619722310602,2560000,10117120,0,0
1619722310843,2560000,10117120,0,0
1619722311090,2560000,10117120,0,0
1619722311341,2560000,10117120,0,0
1619722311587,2560000,10117120,0,0
1619722311839,2560000,10117120,0,0
1619722312088,2560000,10117120,0,0
1619722312349,2560000,10117120,0,0
1619722312601,2560000,10117120,0,0
1619722312842,2560000,10117120,0,0
1619722313106,2560000,10117120,0,0
1619722313371,2560000,10117120,0,0
1619722313612,2560000,10117120,0,0
1619722313854,2560000,10117120,0,0
1619722314111,2560000,10117120,0,0
1619722314363,2560000,10117120,0,0
1619722314618,2560000,10117120,0,0
1619722314882,2560000,10117120,0,0
1619722315133,2560000,10117120,0,0
1619722315394,2560000,10117120,0,0
1619722315655,2560000,10117120,0,0
1619722315935,2560000,10117120,0,0
1619722316197,2560000,10117120,0,0
1619722316454,2560000,10117120,0,0
1619722316699,2560000,10117120,0,0
1619722316963,2560000,10117120,0,0
1619722317207,2560000,10117120,0,0
1619722317448,2560000,10117120,0,0
1619722317696,2560000,10117120,0,0
1619722317941,2560000,10117120,0,0
1619722318189,2560000,10117120,0,0
1619722318447,2560000,10117120,0,0
1619722318707,2560000,10117120,0,0
1619722318948,2560000,10117120,0,0
1619722319199,2560000,10117120,0,0
1619722319441,2560000,10117120,0,0
1619722319686,2560000,10117120,0,0
1619722319941,2560000,10117120,0,0
1619722320206,2560000,10117120,0,0
1619722320451,2560000,10117120,0,0
1619722320702,2560000,10117120,0,0
1619722320957,2560000,10117120,0,0
1619722321210,2560000,10117120,0,0
1619722321462,2560000,10117120,0,0
1619722321702,2560000,10117120,0,0
1619722321942,2560000,10117120,0,0
1619722322183,2560000,10117120,0,0
1619722322450,2560000,10117120,0,0
1619722322715,2560000,10117120,0,0
1619722322962,2560000,10117120,0,0
1619722323203,2560000,10117120,0,0
1619722323445,2560000,10117120,0,0
1619722323692,2560000,10117120,0,0
1619722323952,2560000,10117120,0,0
1619722324207,2560000,10117120,0,0
1619722324467,2560000,10117120,0,0
1619722324740,2560000,10117120,0,0
1619722324989,2560000,10117120,0,0
1619722325241,2560000,10117120,0,0
1619722325499,2560000,10117120,0,0
1619722325760,2560000,10117120,0,0
1619722326015,2560000,10117120,0,0
1619722326265,2560000,10117120,0,0
1619722326513,2560000,10117120,0,0
1619722326766,2560000,10117120,0,0
1619722327017,2560000,10117120,0,0
1619722327271,2560000,10117120,0,0
1619722327512,2560000,10117120,0,0
1619722327759,2560000,10117120,0,0
1619722328018,2560000,10117120,0,0
1619722328266,2560000,10117120,0,0
1619722328517,2560000,10117120,0,0
1619722328791,2560000,10117120,0,0
1619722329051,2560000,10117120,0,0
1619722329299,2560000,10117120,0,0
1619722329542,2560000,10117120,0,0
1619722329801,2560000,10117120,0,0
1619722330045,2560000,10117120,0,0
1619722330316,2560000,10117120,0,0
1619722330571,2560000,10117120,0,0
1619722330827,2560000,10117120,0,0
1619722331079,2560000,10117120,0,0
1619722331334,2560000,10117120,0,0
1619722331601,2560000,10117120,0,0
1619722331841,2560000,10117120,0,0
1619722332097,2560000,10117120,0,0
1619722332350,2560000,10117120,0,0
1619722332597,2560000,10117120,0,0
1619722332837,2560000,10117120,0,0
1619722333089,2560000,10117120,0,0
1619722333350,2560000,10117120,0,0
1619722333607,2560000,10117120,0,0
1619722333847,2560000,10117120,0,0
1619722334098,2560000,10117120,0,0
1619722334349,2560000,10117120,0,0
1619722334595,2560000,10117120,0,0
1619722334849,2560000,10117120,0,0
1619722335108,2560000,10117120,0,0
1619722335357,2560000,10117120,0,0
1619722335614,2560000,10117120,0,0
1619722335860,2560000,10117120,0,0
1619722336111,2560000,10117120,0,0
1619722336356,2560000,10117120,0,0
1619722336609,2560000,10117120,0,0
1619722336852,2560000,10117120,0,0
1619722337104,2560000,10117120,0,0
1619722337357,2560000,10117120,0,0
1619722337618,2560000,10117120,0,0
1619722337859,2560000,10117120,0,0
1619722338115,2560000,10117120,0,0
1619722338369,2560000,10117120,0,0
1619722338615,2560000,10117120,0,0
1619722338856,2560000,10117120,0,0
1619722339121,2560000,10117120,0,0
1619722339367,2560000,10117120,0,0
1619722339620,2560000,10117120,0,0
1619722339863,2560000,10117120,0,0
1619722340118,2560000,10117120,0,0
1619722340372,2560000,10117120,0,0
1619722340632,2560000,10117120,0,0
1619722340873,2560000,10117120,0,0
1619722341115,2560000,10117120,0,0
1619722341374,2560000,10117120,0,0
1619722341616,2560000,10117120,0,0
1619722341859,2560000,10117120,0,0
1619722342116,2560000,10117120,0,0
1619722342363,2560000,10117120,0,0
1619722342621,2560000,10117120,0,0
1619722342866,2560000,10117120,0,0
1619722343131,2560000,10117120,0,0
1619722343386,2560000,10117120,0,0
1619722343644,2560000,10117120,0,0
1619722343885,2560000,10117120,0,0
1619722344142,2560000,10117120,0,0
1619722344405,2560000,10117120,0,0
1619722344652,2560000,10117120,0,0
1619722344904,2560000,10117120,0,0
1619722345163,2560000,10117120,0,0
1619722345424,2560000,10117120,0,0
1619722345679,2560000,10117120,0,0
1619722345931,2560000,10117120,0,0
1619722346174,2560000,10117120,0,0
1619722346442,2560000,10117120,0,0
1619722346720,2560000,10117120,0,0
1619722346965,2560000,10117120,0,0
1619722347227,2560000,10117120,0,0
1619722347477,2560000,10117120,0,0
1619722347733,2560000,10117120,0,0
1619722347973,2560000,10117120,0,0
1619722348214,2560000,10117120,0,0
1619722348468,2560000,10117120,0,0
1619722348724,2560000,10117120,0,0
1619722348969,2560000,10117120,0,0
1619722349225,2560000,10117120,0,0
1619722349482,2560000,10117120,0,0
1619722349741,2560000,10117120,0,0
1619722350002,2560000,10117120,0,0
1619722350258,2560000,10117120,0,0
1619722350520,2560000,10117120,0,0
1619722350768,2560000,10117120,0,0
1619722351024,2560000,10117120,0,0
1619722351270,2560000,10117120,0,0
1619722351512,2560000,10117120,0,0
1619722351782,2560000,10117120,0,0
1619722352027,2560000,10117120,0,0
1619722352279,2560000,10117120,0,0
1619722352519,2560000,10117120,0,0
1619722352767,2560000,10117120,0,0
1619722353027,2560000,10117120,0,0
1619722353280,2560000,10117120,0,0
1619722353522,2560000,10117120,0,0
1619722353783,2560000,10117120,0,0
1619722354048,2560000,10117120,0,0
1619722354306,2560000,10117120,0,0
1619722354554,2560000,10117120,0,0
1619722354809,2560000,10117120,0,0
1619722355050,2560000,10117120,0,0
1619722355305,2560000,10117120,0,0
1619722355551,2560000,10117120,0,0
1619722355811,2560000,10117120,0,0
1619722356074,2560000,10117120,0,0
1619722356333,2560000,10117120,0,0
1619722356589,2560000,10117120,0,0
1619722356845,2560000,10117120,0,0
1619722357130,2560000,10117120,0,0
1619722357372,2560000,10117120,0,0
1619722357618,2560000,10117120,0,0
1619722357858,2560000,10117120,0,0
1619722358111,2560000,10117120,0,0
1619722358359,2560000,10117120,0,0
1619722358599,2560000,10117120,0,0
1619722358839,2560000,10117120,0,0
1619722359082,2560000,10117120,0,0
1619722359338,2560000,10117120,0,0
1619722359590,2560000,10117120,0,0
1619722359834,2560000,10117120,0,0
1619722360095,2560000,10117120,0,0
1619722360354,2560000,10117120,0,0
1619722360629,2560000,10117120,0,0
1619722360869,2560000,10117120,0,0
1619722361109,2560000,10117120,0,0
1619722361360,2560000,10117120,0,0
1619722361602,2560000,10117120,0,0
1619722361869,2560000,10117120,0,0
1619722362110,2560000,10117120,0,0
1619722362360,2560000,10117120,0,0
1619722362612,2560000,10117120,0,0
1619722362853,2560000,10117120,0,0
1619722363104,2560000,10117120,0,0
1619722363360,2560000,10117120,0,0
1619722363619,2560000,10117120,0,0
1619722363862,2560000,10117120,0,0
1619722364129,2560000,10117120,0,0
1619722364384,2560000,10117120,0,0
1619722364628,2560000,10117120,0,0
1619722364870,2560000,10117120,0,0
1619722365114,2560000,10117120,0,0
1619722365357,2560000,10117120,0,0
1619722365619,2560000,10117120,0,0
1619722365884,2560000,10117120,0,0
1619722366125,2560000,10117120,0,0
1619722366369,2560000,10117120,0,0
1619722366630,2560000,10117120,0,0
1619722366871,2560000,10117120,0,0
1619722367132,2560000,10117120,0,0
1619722367388,2560000,10117120,0,0
1619722367650,2560000,10117120,0,0
1619722367908,2560000,10117120,0,0
1619722368168,2560000,10117120,0,0
1619722368412,2560000,10117120,0,0
1619722368661,2560000,10117120,0,0
1619722368923,2560000,10117120,0,0
1619722369169,2560000,10117120,0,0
1619722369417,2560000,10117120,0,0
1619722369670,2560000,10117120,0,0
1619722369921,2560000,10117120,0,0
1619722370180,2560000,10117120,0,0
1619722370443,2560000,10117120,0,0
1619722370688,2560000,10117120,0,0
1619722370948,2560000,10117120,0,0
1619722371206,2560000,10117120,0,0
1619722371462,2560000,10117120,0,0
1619722371712,2560000,10117120,0,0
1619722371985,2560000,10117120,0,0
1619722372231,2560000,10117120,0,0
1619722372490,2560000,10117120,0,0
1619722372731,2560000,10117120,0,0
1619722372988,2560000,10117120,0,0
1619722373258,2560000,10117120,0,0
1619722373505,2560000,10117120,0,0
1619722373763,2560000,10117120,0,0
1619722374013,2560000,10117120,0,0
1619722374253,2560000,10117120,0,0
1619722374499,2560000,10117120,0,0
1619722374754,2560000,10117120,0,0
1619722375003,2560000,10117120,0,0
1619722375255,2560000,10117120,0,0
1619722375495,2560000,10117120,0,0
1619722375741,2560000,10117120,0,0
1619722376001,2560000,10117120,0,0
1619722376241,2560000,10117120,0,0
1619722376500,2560000,10117120,0,0
1619722376748,2560000,10117120,0,0
1619722376995,2560000,10117120,0,0
1619722377273,2560000,10117120,0,0
1619722377519,2560000,10117120,0,0
1619722377766,2560000,10117120,0,0
1619722378017,2560000,10117120,0,0
1619722378262,2560000,10117120,0,0
1619722378509,2560000,10117120,0,0
1619722378752,2560000,10117120,0,0
1619722378997,2560000,10117120,0,0
1619722379246,2560000,10117120,0,0
1619722379488,2560000,10117120,0,0
1619722379728,2560000,10117120,0,0
1619722379983,2560000,10117120,0,0
1619722380236,2560000,10117120,0,0
1619722380494,2560000,10117120,0,0
1619722380746,2560000,10117120,0,0
1619722381002,2560000,10117120,0,0
1619722381250,2560000,10117120,0,0
1619722381497,2560000,10117120,0,0
1619722381747,2560000,10117120,0,0
1619722382008,2560000,10117120,0,0
1619722382261,2560000,10117120,0,0
1619722382529,2560000,10117120,0,0
1619722382795,2560000,10117120,0,0
1619722383036,2560000,10117120,0,0
1619722383279,2560000,10117120,0,0
1619722383526,2560000,10117120,0,0
1619722383774,2560000,10117120,0,0
1619722384037,2560000,10117120,0,0
1619722384294,2560000,10117120,0,0
1619722384540,2560000,10117120,0,0
1619722384784,2560000,10117120,0,0
1619722385034,2560000,10117120,0,0
1619722385290,2560000,10117120,0,0
1619722385532,2560000,10117120,0,0
1619722385785,2560000,10117120,0,0
1619722386049,2560000,10117120,0,0
1619722386300,2560000,10117120,0,0
1619722386543,2560000,10117120,0,0
1619722386796,2560000,10117120,0,0
1619722387046,2560000,10117120,0,0
1619722387304,2560000,10117120,0,0
1619722387556,2560000,10117120,0,0
1619722387806,2560000,10117120,0,0
1619722388057,2560000,10117120,0,0
1619722388306,2560000,10117120,0,0
1619722388555,2560000,10117120,0,0
1619722388807,2560000,10117120,0,0
1619722389061,2560000,10117120,0,0
1619722389313,2560000,10117120,0,0
1619722389565,2560000,10117120,0,0
1619722389815,2560000,10117120,0,0
1619722390061,2560000,10117120,0,0
1619722390312,2560000,10117120,0,0
1619722390568,2560000,10117120,0,0
1619722390808,2560000,10117120,0,0
1619722391058,2560000,10117120,0,0
1619722391309,2560000,10117120,0,0
1619722391565,2560000,10117120,0,0
1619722391807,2560000,10117120,0,0
1619722392063,2560000,10117120,0,0
1619722392314,2560000,10117120,0,0
1619722392557,2560000,10117120,0,0
1619722392809,2560000,10117120,0,0
1619722393054,2560000,10117120,0,0
1619722393299,2560000,10117120,0,0
1619722393540,2560000,10117120,0,0
1619722393795,2560000,10117120,0,0
1619722394035,2560000,10117120,0,0
1619722394291,2560000,10117120,0,0
1619722394554,2560000,10117120,0,0
1619722394802,2560000,10117120,0,0
1619722395057,2560000,10117120,0,0
1619722395303,2560000,10117120,0,0
1619722395542,2560000,10117120,0,0
1619722395798,2560000,10117120,0,0
1619722396055,2560000,10117120,0,0
1619722396306,2560000,10117120,0,0
1619722396548,2560000,10117120,0,0
1619722396810,2560000,10117120,0,0
1619722397063,2560000,10117120,0,0
1619722397313,2560000,10117120,0,0
1619722397555,2560000,10117120,0,0
1619722397804,2560000,10117120,0,0
1619722398053,2560000,10117120,0,0
1619722398302,2560000,10117120,0,0
1619722398556,2560000,10117120,0,0
1619722398808,2560000,10117120,0,0
1619722399061,2560000,10117120,0,0
1619722399317,2560000,10117120,0,0
1619722399559,2560000,10117120,0,0
1619722399814,2560000,10117120,0,0
1619722400073,2560000,10117120,0,0
1619722400325,2560000,10117120,0,0
1619722400572,2560000,10117120,0,0
1619722400830,2560000,10117120,0,0
1619722401076,2560000,10117120,0,0
1619722401327,2560000,10117120,0,0
1619722401569,2560000,10117120,0,0
1619722401816,2560000,10117120,0,0
1619722402058,2560000,10117120,0,0
1619722402314,2560000,10117120,0,0
1619722402560,2560000,10117120,0,0
1619722402800,2560000,10117120,0,0
1619722403067,2560000,10117120,0,0
1619722403320,2560000,10117120,0,0
1619722403570,2560000,10117120,0,0
1619722403813,2560000,10117120,0,0
1619722404066,2560000,10117120,0,0
1619722404311,2560000,10117120,0,0
1619722404570,2560000,10117120,0,0
1619722404825,2560000,10117120,0,0
1619722405074,2560000,10117120,0,0
1619722405319,2560000,10117120,0,0
1619722405562,2560000,10117120,0,0
1619722405803,2560000,10117120,0,0
1619722406052,2560000,10117120,0,0
1619722406298,2560000,10117120,0,0
1619722406543,2560000,10117120,0,0
1619722406791,2560000,10117120,0,0
1619722407032,2560000,10117120,0,0
1619722407282,2560000,10117120,0,0
1619722407531,2560000,10117120,0,0
1619722407788,2560000,10117120,0,0
1619722408041,2560000,10117120,0,0
1619722408288,2560000,10117120,0,0
1619722408529,2560000,10117120,0,0
1619722408783,2560000,10117120,0,0
1619722409042,2560000,10117120,0,0
1619722409327,2560000,10117120,0,0
1619722409585,2560000,10117120,0,0
1619722409829,2560000,10117120,0,0
1619722410074,2560000,10117120,0,0
1619722410330,2560000,10117120,0,0
1619722410576,2560000,10117120,0,0
1619722410853,2560000,10117120,0,0
1619722411098,2560000,10117120,0,0
1619722411350,2560000,10117120,0,0
1619722411590,2560000,10117120,0,0
1619722411841,2560000,10117120,0,0
1619722412099,2560000,10117120,0,0
1619722412343,2560000,10117120,0,0
1619722412596,2560000,10117120,0,0
1619722412851,2560000,10117120,0,0
1619722413127,2560000,10117120,0,0
1619722413384,2560000,10117120,0,0
1619722413632,2560000,10117120,0,0
1619722413873,2560000,10117120,0,0
1619722414116,2560000,10117120,0,0
1619722414361,2560000,10117120,0,0
1619722414609,2560000,10117120,0,0
1619722414852,2560000,10117120,0,0
1619722415094,2560000,10117120,0,0
1619722415343,2560000,10117120,0,0
1619722415584,2560000,10117120,0,0
1619722415826,2560000,10117120,0,0
1619722416074,2560000,10117120,0,0
1619722416320,2560000,10117120,0,0
1619722416569,2560000,10117120,0,0
1619722416819,2560000,10117120,0,0
1619722417075,2560000,10117120,0,0
1619722417337,2560000,10117120,0,0
1619722417586,2560000,10117120,0,0
1619722417841,2560000,10117120,0,0
1619722418088,2560000,10117120,0,0
1619722418338,2560000,10117120,0,0
1619722418581,2560000,10117120,0,0
1619722418832,2560000,10117120,0,0
1619722419083,2560000,10117120,0,0
1619722419323,2560000,10117120,0,0
1619722419583,2560000,10117120,0,0
1619722419846,2560000,10117120,0,0
1619722420089,2560000,10117120,0,0
1619722420338,2560000,10117120,0,0
1619722420579,2560000,10117120,0,0
1619722420824,2560000,10117120,0,0
1619722421075,2560000,10117120,0,0
1619722421325,2560000,10117120,0,0
1619722421581,2560000,10117120,0,0
1619722421842,2560000,10117120,0,0
1619722422091,2560000,10117120,0,0
1619722422336,2560000,10117120,0,0
1619722422582,2560000,10117120,0,0
1619722422826,2560000,10117120,0,0
1619722423073,2560000,10117120,0,0
1619722423321,2560000,10117120,0,0
1619722423567,2560000,10117120,0,0
1619722423811,2560000,10117120,0,0
1619722424053,2560000,10117120,0,0
1619722424301,2560000,10117120,0,0
1619722424546,2560000,10117120,0,0
1619722424797,2560000,10117120,0,0
1619722425063,2560000,10117120,0,0
1619722425322,2560000,10117120,0,0
1619722425573,2560000,10117120,0,0
1619722425816,2560000,10117120,0,0
1619722426075,2560000,10117120,0,0
1619722426341,2560000,10117120,0,0
1619722426587,2560000,10117120,0,0
1619722426834,2560000,10117120,0,0
1619722427077,2560000,10117120,0,0
1619722427334,2560000,10117120,0,0
1619722427574,2560000,10117120,0,0
1619722427825,2560000,10117120,0,0
1619722428073,2560000,10117120,0,0
1619722428313,2560000,10117120,0,0
1619722428553,2560000,10117120,0,0
1619722428807,2560000,10117120,0,0
1619722429057,2560000,10117120,0,0
1619722429343,2560000,10117120,0,0
1619722429593,2560000,10117120,0,0
1619722429846,2560000,10117120,0,0
1619722430100,2560000,10117120,0,0
1619722430351,2560000,10117120,0,0
1619722430595,2560000,10117120,0,0
1619722430842,2560000,10117120,0,0
1619722431090,2560000,10117120,0,0
1619722431331,2560000,10117120,0,0
1619722431575,2560000,10117120,0,0
1619722431825,2560000,10117120,0,0
1619722432070,2560000,10117120,0,0
1619722432330,2560000,10117120,0,0
1619722432572,2560000,10117120,0,0
1619722432828,2560000,10117120,0,0
1619722433092,2560000,10117120,0,0
1619722433341,2560000,10117120,0,0
1619722433583,2560000,10117120,0,0
1619722433848,2560000,10117120,0,0
1619722434113,2560000,10117120,0,0
1619722434365,2560000,10117120,0,0
1619722434606,2560000,10117120,0,0
1619722434848,2560000,10117120,0,0
1619722435093,2560000,10117120,0,0
1619722435349,2560000,10117120,0,0
1619722435595,2560000,10117120,0,0
1619722435845,2560000,10117120,0,0
1619722436096,2560000,10117120,0,0
1619722436349,2560000,10117120,0,0
1619722436595,2560000,10117120,0,0
1619722436858,2560000,10117120,0,0
1619722437116,2560000,10117120,0,0
1619722437371,2560000,10117120,0,0
1619722437619,2560000,10117120,0,0
1619722437869,2560000,10117120,0,0
1619722438129,2560000,10117120,0,0
1619722438389,2560000,10117120,0,0
1619722438630,2560000,10117120,0,0
1619722438874,2560000,10117120,0,0
1619722439122,2560000,10117120,0,0
1619722439378,2560000,10117120,0,0
1619722439630,2560000,10117120,0,0
1619722439873,2560000,10117120,0,0
1619722440133,2560000,10117120,0,0
1619722440406,2560000,10117120,0,0
1619722440649,2560000,10117120,0,0
1619722440890,2560000,10117120,0,0
1619722441155,2560000,10117120,0,0
1619722441395,2560000,10117120,0,0
1619722441659,2560000,10117120,0,0
1619722441902,2560000,10117120,0,0
1619722442143,2560000,10117120,0,0
1619722442410,2560000,10117120,0,0
1619722442652,2560000,10117120,0,0
1619722442894,2560000,10117120,0,0
1619722443137,2560000,10117120,0,0
1619722443382,2560000,10117120,0,0
1619722443623,2560000,10117120,0,0
1619722443865,2560000,10117120,0,0
1619722444110,2560000,10117120,0,0
1619722444351,2560000,10117120,0,0
1619722444613,2560000,10117120,0,0
1619722444860,2560000,10117120,0,0
1619722445108,2560000,10117120,0,0
1619722445365,2560000,10117120,0,0
1619722445605,2560000,10117120,0,0
1619722445861,2560000,10117120,0,0
1619722446126,2560000,10117120,0,0
1619722446386,2560000,10117120,0,0
1619722446652,2560000,10117120,0,0
1619722446894,2560000,10117120,0,0
1619722447155,2560000,10117120,0,0
1619722447413,2560000,10117120,0,0
1619722447656,2560000,10117120,0,0
1619722447898,2560000,10117120,0,0
1619722448151,2560000,10117120,0,0
1619722448396,2560000,10117120,0,0
1619722448638,2560000,10117120,0,0
1619722448878,2560000,10117120,0,0
1619722449133,2560000,10117120,0,0
1619722449388,2560000,10117120,0,0
1619722449628,2560000,10117120,0,0
1619722449875,2560000,10117120,0,0
1619722450123,2560000,10117120,0,0
1619722450383,2560000,10117120,0,0
1619722450622,2560000,10117120,0,0
1619722450865,2560000,10117120,0,0
1619722451118,2560000,10117120,0,0
1619722451358,2560000,10117120,0,0
1619722451609,2560000,10117120,0,0
1619722451862,2560000,10117120,0,0
1619722452111,2560000,10117120,0,0
1619722452356,2560000,10117120,0,0
1619722452599,2560000,10117120,0,0
1619722452849,2560000,10117120,0,0
1619722453106,2560000,10117120,0,0
1619722453354,2560000,10117120,0,0
1619722453595,2560000,10117120,0,0
1619722453840,2560000,10117120,0,0
1619722454085,2560000,10117120,0,0
1619722454335,2560000,10117120,0,0
1619722454580,2560000,10117120,0,0
1619722454831,2560000,10117120,0,0
1619722455080,2560000,10117120,0,0
1619722455333,2560000,10117120,0,0
1619722455575,2560000,10117120,0,0
1619722455817,2560000,10117120,0,0
1619722456059,2560000,10117120,0,0
1619722456303,2560000,10117120,0,0
1619722456558,2560000,10117120,0,0
1619722456802,2560000,10117120,0,0
1619722457061,2560000,10117120,0,0
1619722457320,2560000,10117120,0,0
1619722457569,2560000,10117120,0,0
1619722457827,2560000,10117120,0,0
1619722458075,2560000,10117120,0,0
1619722458323,2560000,10117120,0,0
1619722458568,2560000,10117120,0,0
1619722458833,2560000,10117120,0,0
1619722459082,2560000,10117120,0,0
1619722459323,2560000,10117120,0,0
1619722459579,2560000,10117120,0,0
1619722459837,2560000,10117120,0,0
1619722460093,2560000,10117120,0,0
1619722460348,2560000,10117120,0,0
1619722460587,2560000,10117120,0,0
1619722460845,2560000,10117120,0,0
1619722461102,2560000,10117120,0,0
1619722461344,2560000,10117120,0,0
1619722461602,2560000,10117120,0,0
1619722461856,2560000,10117120,0,0
1619722462112,2560000,10117120,0,0
1619722462366,2560000,10117120,0,0
1619722462606,2560000,10117120,0,0
1619722462855,2560000,10117120,0,0
1619722463114,2560000,10117120,0,0
1619722463376,2560000,10117120,0,0
1619722463618,2560000,10117120,0,0
1619722463867,2560000,10117120,0,0
1619722464118,2560000,10117120,0,0
1619722464374,2560000,10117120,0,0
1619722464621,2560000,10117120,0,0
1619722464876,2560000,10117120,0,0
1619722465124,2560000,10117120,0,0
1619722465379,2560000,10117120,0,0
1619722465635,2560000,10117120,0,0
1619722465898,2560000,10117120,0,0
1619722466154,2560000,10117120,0,0
1619722466416,2560000,10117120,0,0
1619722466669,2560000,10117120,0,0
1619722466912,2560000,10117120,0,0
1619722467169,2560000,10117120,0,0
1619722467422,2560000,10117120,0,0
1619722467672,2560000,10117120,0,0
1619722467915,2560000,10117120,0,0
1619722468159,2560000,10117120,0,0
1619722468410,2560000,10117120,0,0
1619722468660,2560000,10117120,0,0
1619722468901,2560000,10117120,0,0
1619722469158,2560000,10117120,0,0
1619722469416,2560000,10117120,0,0
1619722469656,2560000,10117120,0,0
1619722469897,2560000,10117120,0,0
1619722470153,2560000,10117120,0,0
1619722470408,2560000,10117120,0,0
1619722470653,2560000,10117120,0,0
1619722470892,2560000,10117120,0,0
1619722471151,2560000,10117120,0,0
1619722471395,2560000,10117120,0,0
1619722471635,2560000,10117120,0,0
1619722471877,2560000,10117120,0,0
1619722472129,2560000,10117120,0,0
1619722472375,2560000,10117120,0,0
1619722472635,2560000,10117120,0,0
1619722472897,2560000,10117120,0,0
1619722473138,2560000,10117120,0,0
1619722473378,2560000,10117120,0,0
1619722473619,2560000,10117120,0,0
1619722473864,2560000,10117120,0,0
1619722474110,2560000,10117120,0,0
1619722474362,2560000,10117120,0,0
1619722474623,2560000,10117120,0,0
1619722474882,2560000,10117120,0,0
1619722475140,2560000,10117120,0,0
1619722475390,2560000,10117120,0,0
1619722475630,2560000,10117120,0,0
1619722475871,2560000,10117120,0,0
1619722476119,2560000,10117120,0,0
1619722476367,2560000,10117120,0,0
1619722476629,2560000,10117120,0,0
1619722476876,2560000,10117120,0,0
1619722477128,2560000,10117120,0,0
1619722477380,2560000,10117120,0,0
1619722477622,2560000,10117120,0,0
1619722477866,2560000,10117120,0,0
1619722478119,2560000,10117120,0,0
1619722478369,2560000,10117120,0,0
1619722478610,2560000,10117120,0,0
1619722478871,2560000,10117120,0,0
1619722479122,2560000,10117120,0,0
1619722479378,2560000,10117120,0,0
1619722479628,2560000,10117120,0,0
1619722479882,2560000,10117120,0,0
1619722480121,2560000,10117120,0,0
1619722480370,2560000,10117120,0,0
1619722480624,2560000,10117120,0,0
1619722480864,2560000,10117120,0,0
1619722481112,2560000,10117120,0,0
1619722481371,2560000,10117120,0,0
1619722481622,2560000,10117120,0,0
1619722481870,2560000,10117120,0,0
1619722482111,2560000,10117120,0,0
1619722482363,2560000,10117120,0,0
1619722482622,2560000,10117120,0,0
1619722482877,2560000,10117120,0,0
1619722483142,2560000,10117120,0,0
1619722483397,2560000,10117120,0,0
1619722483637,2560000,10117120,0,0
1619722483879,2560000,10117120,0,0
1619722484134,2560000,10117120,0,0
1619722484381,2560000,10117120,0,0
1619722484631,2560000,10117120,0,0
1619722484883,2560000,10117120,0,0
1619722485142,2560000,10117120,0,0
1619722485389,2560000,10117120,0,0
1619722485630,2560000,10117120,0,0
1619722485873,2560000,10117120,0,0
1619722486127,2560000,10117120,0,0
1619722486377,2560000,10117120,0,0
1619722486617,2560000,10117120,0,0
1619722486863,2560000,10117120,0,0
1619722487114,2560000,10117120,0,0
1619722487360,2560000,10117120,0,0
1619722487609,2560000,10117120,0,0
1619722487858,2560000,10117120,0,0
1619722488099,2560000,10117120,0,0
1619722488345,2560000,10117120,0,0
1619722488590,2560000,10117120,0,0
1619722488854,2560000,10117120,0,0
1619722489109,2560000,10117120,0,0
1619722489356,2560000,10117120,0,0
1619722489620,2560000,10117120,0,0
1619722489861,2560000,10117120,0,0
1619722490119,2560000,10117120,0,0
1619722490364,2560000,10117120,0,0
1619722490608,2560000,10117120,0,0
1619722490855,2560000,10117120,0,0
1619722491099,2560000,10117120,0,0
1619722491348,2560000,10117120,0,0
1619722491589,2560000,10117120,0,0
1619722491842,2560000,10117120,0,0
1619722492094,2560000,10117120,0,0
1619722492336,2560000,10117120,0,0
1619722492587,2560000,10117120,0,0
1619722492827,2560000,10117120,0,0
1619722493079,2560000,10117120,0,0
1619722493332,2560000,10117120,0,0
1619722493582,2560000,10117120,0,0
1619722493830,2560000,10117120,0,0
1619722494084,2560000,10117120,0,0
1619722494339,2560000,10117120,0,0
1619722494589,2560000,10117120,0,0
1619722494833,2560000,10117120,0,0
1619722495075,2560000,10117120,0,0
1619722495316,2560000,10117120,0,0
1619722495558,2560000,10117120,0,0
1619722495799,2560000,10117120,0,0
1619722496040,2560000,10117120,0,0
1619722496282,2560000,10117120,0,0
1619722496525,2560000,10117120,0,0
1619722496768,2560000,10117120,0,0
1619722497023,2560000,10117120,0,0
1619722497278,2560000,10117120,0,0
1619722497522,2560000,10117120,0,0
1619722497782,2560000,10117120,0,0
1619722498025,2560000,10117120,0,0
1619722498278,2560000,10117120,0,0
1619722498534,2560000,10117120,0,0
1619722498774,2560000,10117120,0,0
1619722499016,2560000,10117120,0,0
1619722499268,2560000,10117120,0,0
1619722499534,2560000,10117120,0,0
1619722499797,2560000,10117120,0,0
1619722500053,2560000,10117120,0,0
1619722500307,2560000,10117120,0,0
1619722500582,2560000,10117120,0,0
1619722500833,2560000,10117120,0,0
1619722501076,2560000,10117120,0,0
1619722501329,2560000,10117120,0,0
1619722501579,2560000,10117120,0,0
1619722501831,2560000,10117120,0,0
1619722502079,2560000,10117120,0,0
1619722502334,2560000,10117120,0,0
1619722502585,2560000,10117120,0,0
1619722502836,2560000,10117120,0,0
1619722503093,2560000,10117120,0,0
1619722503354,2560000,10117120,0,0
1619722503611,2560000,10117120,0,0
1619722503867,2560000,10117120,0,0
1619722504115,2560000,10117120,0,0
1619722504367,2560000,10117120,0,0
1619722504641,2560000,10117120,0,0
1619722504905,2560000,10117120,0,0
1619722505146,2560000,10117120,0,0
1619722505386,2560000,10117120,0,0
1619722505634,2560000,10117120,0,0
1619722505883,2560000,10117120,0,0
1619722506136,2560000,10117120,0,0
1619722506385,2560000,10117120,0,0
1619722506634,2560000,10117120,0,0
1619722506883,2560000,10117120,0,0
1619722507138,2560000,10117120,0,0
1619722507399,2560000,10117120,0,0
1619722507641,2560000,10117120,0,0
1619722507888,2560000,10117120,0,0
1619722508143,2560000,10117120,0,0
1619722508390,2560000,10117120,0,0
1619722508642,2560000,10117120,0,0
1619722508895,2560000,10117120,0,0
1619722509139,2560000,10117120,0,0
1619722509391,2560000,10117120,0,0
1619722509645,2560000,10117120,0,0
1619722509892,2560000,10117120,0,0
1619722510149,2560000,10117120,0,0
1619722510405,2560000,10117120,0,0
1619722510645,2560000,10117120,0,0
1619722510886,2560000,10117120,0,0
1619722511143,2560000,10117120,0,0
1619722511395,2560000,10117120,0,0
1619722511640,2560000,10117120,0,0
1619722511885,2560000,10117120,0,0
1619722512148,2560000,10117120,0,0
1619722512398,2560000,10117120,0,0
1619722512642,2560000,10117120,0,0
1619722512916,2560000,10117120,0,0
1619722513158,2560000,10117120,0,0
1619722513426,2560000,10117120,0,0
1619722513666,2560000,10117120,0,0
1619722513907,2560000,10117120,0,0
1619722514147,2560000,10117120,0,0
1619722514391,2560000,10117120,0,0
1619722514650,2560000,10117120,0,0
1619722514892,2560000,10117120,0,0
1619722515134,2560000,10117120,0,0
1619722515381,2560000,10117120,0,0
1619722515630,2560000,10117120,0,0
1619722515874,2560000,10117120,0,0
1619722516124,2560000,10117120,0,0
1619722516384,2560000,10117120,0,0
1619722516643,2560000,10117120,0,0
1619722516886,2560000,10117120,0,0
1619722517126,2560000,10117120,0,0
1619722517388,2560000,10117120,0,0
1619722517630,2560000,10117120,0,0
1619722517877,2560000,10117120,0,0
1619722518139,2560000,10117120,0,0
1619722518384,2560000,10117120,0,0
1619722518631,2560000,10117120,0,0
1619722518877