# timestamp,resident_bytes,total_bytes,system_millis,user_millis
1619722286656,2420736,10117120,0,0
1619722286929,2420736,10117120,0,0
1619722287221,2420736,10117120,0,0
1619722287512,2420736,10117120,0,0
1619722287758,2420736,10117120,0,0
1619722288005,2420736,10117120,0,0
1619722288250,2420736,10117120,0,0
1619722288503,2420736,10117120,0,0
1619722288764,2420736,10117120,0,0
1619722289023,2420736,10117120,0,0
1619722289277,2420736,10117120,0,0
1619722289552,2420736,10117120,0,0
1619722289811,2420736,10117120,0,0
1619722290068,2420736,10117120,0,0
1619722290334,2420736,10117120,0,0
1619722290579,2420736,10117120,0,0
1619722290828,2420736,10117120,0,0
1619722291069,2420736,10117120,0,0
1619722291336,2420736,10117120,0,0
1619722291590,2420736,10117120,0,0
1619722291837,2420736,10117120,0,0
1619722292136,2420736,10117120,0,0
1619722292388,2420736,10117120,0,0
1619722292632,2420736,10117120,0,0
1619722292887,2420736,10117120,0,0
1619722293148,2420736,10117120,0,0
1619722293397,2420736,10117120,0,0
1619722293650,2420736,10117120,0,0
1619722293904,2420736,10117120,0,0
1619722294167,2420736,10117120,0,0
1619722294419,2420736,10117120,0,0
1619722294672,2420736,10117120,0,0
1619722294935,2420736,10117120,0,0
1619722295192,2420736,10117120,0,0
1619722295436,2420736,10117120,0,0
1619722295696,2420736,10117120,0,0
1619722295947,2420736,10117120,0,0
1619722296207,2420736,10117120,0,0
1619722296452,2420736,10117120,0,0
1619722296704,2420736,10117120,0,0
1619722296952,2420736,10117120,0,0
1619722297192,2420736,10117120,0,0
1619722297440,2420736,10117120,0,0
1619722297695,2420736,10117120,0,0
1619722297935,2420736,10117120,0,0
1619722298186,2420736,10117120,0,0
1619722298437,2420736,10117120,0,0
1619722298699,2420736,10117120,0,0
1619722298958,2420736,10117120,0,0
1619722299202,2420736,10117120,0,0
1619722299468,2420736,10117120,0,0
1619722299710,2420736,10117120,0,0
1619722299976,2420736,10117120,0,0
1619722300226,2420736,10117120,0,0
1619722300480,2420736,10117120,0,0
1619722300730,2420736,10117120,0,0
1619722300994,2420736,10117120,0,0
1619722301261,2420736,10117120,0,0
1619722301509,2420736,10117120,0,0
1619722301749,2420736,10117120,0,0
1619722302015,2420736,10117120,0,0
1619722302271,2420736,10117120,0,0
1619722302523,2420736,10117120,0,0
1619722302773,2420736,10117120,0,0
1619722303031,2420736,10117120,0,0
1619722303278,2420736,10117120,0,0
1619722303518,2420736,10117120,0,0
1619722303770,2420736,10117120,0,0
1619722304021,2420736,10117120,0,0
1619722304272,2420736,10117120,0,0
1619722304522,2420736,10117120,0,0
1619722304769,2420736,10117120,0,0
1619722305030,2420736,10117120,0,0
1619722305279,2420736,10117120,0,0
1619722305519,2420736,10117120,0,0
1619722305779,2420736,10117120,0,0
1619722306035,2420736,10117120,0,0
1619722306279,2420736,10117120,0,0
1619722306522,2420736,10117120,0,0
1619722306764,2420736,10117120,0,0
1619722307016,2420736,10117120,0,0
1619722307271,2420736,10117120,0,0
1619722307530,2420736,10117120,0,0
1619722307787,2420736,10117120,0,0
1619722308063,2420736,10117120,0,0
1619722308341,2420736,10117120,0,0
1619722308594,2420736,10117120,0,0
1619722308847,2420736,10117120,0,0
1619722309087,2420736,10117120,0,0
1619722309328,2420736,10117120,0,0
1619722309569,2420736,10117120,0,0
1619722309819,2420736,10117120,0,0
1619722310083,2420736,10117120,0,0
1619722310332,2420736,10117120,0,0
1619722310575,2420736,10117120,0,0
1619722310821,2420736,10117120,0,0
1619722311075,2420736,10117120,0,0
1619722311325,2420736,10117120,0,0
1619722311574,2420736,10117120,0,0
1619722311828,2420736,10117120,0,0
1619722312091,2420736,10117120,0,0
1619722312347,2420736,10117120,0,0
1619722312601,2420736,10117120,0,0
1619722312841,2420736,10117120,0,0
1619722313103,2420736,10117120,0,0
1619722313373,2420736,10117120,0,0
1619722313615,2420736,10117120,0,0
1619722313855,2420736,10117120,0,0
1619722314106,2420736,10117120,0,0
1619722314362,2420736,10117120,0,0
1619722314617,2420736,10117120,0,0
1619722314877,2420736,10117120,0,0
1619722315133,2420736,10117120,0,0
1619722315388,2420736,10117120,0,0
1619722315648,2420736,10117120,0,0
1619722315911,2420736,10117120,0,0
1619722316167,2420736,10117120,0,0
1619722316425,2420736,10117120,0,0
1619722316670,2420736,10117120,0,0
1619722316933,2420736,10117120,0,0
1619722317197,2420736,10117120,0,0
1619722317437,2420736,10117120,0,0
1619722317689,2420736,10117120,0,0
1619722317936,2420736,10117120,0,0
1619722318188,2420736,10117120,0,0
1619722318450,2420736,10117120,0,0
1619722318709,2420736,10117120,0,0
1619722318950,2420736,10117120,0,0
1619722319199,2420736,10117120,0,0
1619722319441,2420736,10117120,0,0
1619722319686,2420736,10117120,0,0
1619722319932,2420736,10117120,0,0
1619722320195,2420736,10117120,0,0
1619722320441,2420736,10117120,0,0
1619722320697,2420736,10117120,0,0
1619722320954,2420736,10117120,0,0
1619722321214,2420736,10117120,0,0
1619722321462,2420736,10117120,0,0
1619722321702,2420736,10117120,0,0
1619722321941,2420736,10117120,0,0
1619722322181,2420736,10117120,0,0
1619722322447,2420736,10117120,0,0
1619722322712,2420736,10117120,0,0
1619722322955,2420736,10117120,0,0
1619722323195,2420736,10117120,0,0
1619722323453,2420736,10117120,0,0
1619722323704,2420736,10117120,0,0
1619722323970,2420736,10117120,0,0
1619722324217,2420736,10117120,0,0
1619722324468,2420736,10117120,0,0
1619722324716,2420736,10117120,0,0
1619722324974,2420736,10117120,0,0
1619722325236,2420736,10117120,0,0
1619722325504,2420736,10117120,0,0
1619722325757,2420736,10117120,0,0
1619722326016,2420736,10117120,0,0
1619722326273,2420736,10117120,0,0
1619722326523,2420736,10117120,0,0
1619722326773,2420736,10117120,0,0
1619722327021,2420736,10117120,0,0
1619722327271,2420736,10117120,0,0
1619722327512,2420736,10117120,0,0
1619722327759,2420736,10117120,0,0
1619722328018,2420736,10117120,0,0
1619722328266,2420736,10117120,0,0
1619722328517,2420736,10117120,0,0
1619722328781,2420736,10117120,0,0
1619722329043,2420736,10117120,0,0
1619722329291,2420736,10117120,0,0
1619722329536,2420736,10117120,0,0
1619722329795,2420736,10117120,0,0
1619722330043,2420736,10117120,0,0
1619722330308,2420736,10117120,0,0
1619722330576,2420736,10117120,0,0
1619722330840,2420736,10117120,0,0
1619722331093,2420736,10117120,0,0
1619722331341,2420736,10117120,0,0
1619722331602,2420736,10117120,0,0
1619722331844,2420736,10117120,0,0
1619722332098,2420736,10117120,0,0
1619722332349,2420736,10117120,0,0
1619722332598,2420736,10117120,0,0
1619722332839,2420736,10117120,0,0
1619722333091,2420736,10117120,0,0
1619722333351,2420736,10117120,0,0
1619722333606,2420736,10117120,0,0
1619722333848,2420736,10117120,0,0
1619722334098,2420736,10117120,0,0
1619722334349,2420736,10117120,0,0
1619722334590,2420736,10117120,0,0
1619722334839,2420736,10117120,0,0
1619722335094,2420736,10117120,0,0
1619722335347,2420736,10117120,0,0
1619722335610,2420736,10117120,0,0
1619722335851,2420736,10117120,0,0
1619722336100,2420736,10117120,0,0
1619722336353,2420736,10117120,0,0
1619722336606,2420736,10117120,0,0
1619722336847,2420736,10117120,0,0
1619722337107,2420736,10117120,0,0
1619722337360,2420736,10117120,0,0
1619722337620,2420736,10117120,0,0
1619722337859,2420736,10117120,0,0
1619722338123,2420736,10117120,0,0
1619722338380,2420736,10117120,0,0
1619722338626,2420736,10117120,0,0
1619722338868,2420736,10117120,0,0
1619722339125,2420736,10117120,0,0
1619722339368,2420736,10117120,0,0
1619722339620,2420736,10117120,0,0
1619722339860,2420736,10117120,0,0
1619722340118,2420736,10117120,0,0
1619722340370,2420736,10117120,0,0
1619722340634,2420736,10117120,0,0
1619722340876,2420736,10117120,0,0
1619722341118,2420736,10117120,0,0
1619722341373,2420736,10117120,0,0
1619722341613,2420736,10117120,0,0
1619722341854,2420736,10117120,0,0
1619722342118,2420736,10117120,0,0
1619722342369,2420736,10117120,0,0
1619722342626,2420736,10117120,0,0
1619722342874,2420736,10117120,0,0
1619722343130,2420736,10117120,0,0
1619722343382,2420736,10117120,0,0
1619722343640,2420736,10117120,0,0
1619722343882,2420736,10117120,0,0
1619722344142,2420736,10117120,0,0
1619722344397,2420736,10117120,0,0
1619722344648,2420736,10117120,0,0
1619722344902,2420736,10117120,0,0
1619722345170,2420736,10117120,0,0
1619722345423,2420736,10117120,0,0
1619722345684,2420736,10117120,0,0
1619722345939,2420736,10117120,0,0
1619722346184,2420736,10117120,0,0
1619722346435,2420736,10117120,0,0
1619722346694,2420736,10117120,0,0
1619722346951,2420736,10117120,0,0
1619722347217,2420736,10117120,0,0
1619722347474,2420736,10117120,0,0
1619722347735,2420736,10117120,0,0
1619722347975,2420736,10117120,0,0
1619722348214,2420736,10117120,0,0
1619722348468,2420736,10117120,0,0
1619722348726,2420736,10117120,0,0
1619722348965,2420736,10117120,0,0
1619722349224,2420736,10117120,0,0
1619722349481,2420736,10117120,0,0
1619722349740,2420736,10117120,0,0
1619722349990,2420736,10117120,0,0
1619722350244,2420736,10117120,0,0
1619722350507,2420736,10117120,0,0
1619722350754,2420736,10117120,0,0
1619722351007,2420736,10117120,0,0
1619722351260,2420736,10117120,0,0
1619722351500,2420736,10117120,0,0
1619722351777,2420736,10117120,0,0
1619722352023,2420736,10117120,0,0
1619722352281,2420736,10117120,0,0
1619722352522,2420736,10117120,0,0
1619722352767,2420736,10117120,0,0
1619722353026,2420736,10117120,0,0
1619722353280,2420736,10117120,0,0
1619722353537,2420736,10117120,0,0
1619722353785,2420736,10117120,0,0
1619722354044,2420736,10117120,0,0
1619722354307,2420736,10117120,0,0
1619722354553,2420736,10117120,0,0
1619722354807,2420736,10117120,0,0
1619722355055,2420736,10117120,0,0
1619722355312,2420736,10117120,0,0
1619722355556,2420736,10117120,0,0
1619722355812,2420736,10117120,0,0
1619722356073,2420736,10117120,0,0
1619722356332,2420736,10117120,0,0
1619722356586,2420736,10117120,0,0
1619722356850,2420736,10117120,0,0
1619722357131,2420736,10117120,0,0
1619722357374,2420736,10117120,0,0
1619722357618,2420736,10117120,0,0
1619722357857,2420736,10117120,0,0
1619722358113,2420736,10117120,0,0
1619722358360,2420736,10117120,0,0
1619722358599,2420736,10117120,0,0
1619722358839,2420736,10117120,0,0
1619722359083,2420736,10117120,0,0
1619722359338,2420736,10117120,0,0
1619722359590,2420736,10117120,0,0
1619722359834,2420736,10117120,0,0
1619722360088,2420736,10117120,0,0
1619722360351,2420736,10117120,0,0
1619722360607,2420736,10117120,0,0
1619722360846,2420736,10117120,0,0
1619722361095,2420736,10117120,0,0
1619722361354,2420736,10117120,0,0
1619722361598,2420736,10117120,0,0
1619722361843,2420736,10117120,0,0
1619722362096,2420736,10117120,0,0
1619722362356,2420736,10117120,0,0
1619722362612,2420736,10117120,0,0
1619722362874,2420736,10117120,0,0
1619722363140,2420736,10117120,0,0
1619722363382,2420736,10117120,0,0
1619722363626,2420736,10117120,0,0
1619722363865,2420736,10117120,0,0
1619722364120,2420736,10117120,0,0
1619722364369,2420736,10117120,0,0
1619722364617,2420736,10117120,0,0
1619722364858,2420736,10117120,0,0
1619722365102,2420736,10117120,0,0
1619722365351,2420736,10117120,0,0
1619722365615,2420736,10117120,0,0
1619722365872,2420736,10117120,0,0
1619722366112,2420736,10117120,0,0
1619722366359,2420736,10117120,0,0
1619722366624,2420736,10117120,0,0
1619722366867,2420736,10117120,0,0
1619722367131,2420736,10117120,0,0
1619722367386,2420736,10117120,0,0
1619722367649,2420736,10117120,0,0
1619722367906,2420736,10117120,0,0
1619722368167,2420736,10117120,0,0
1619722368416,2420736,10117120,0,0
1619722368685,2420736,10117120,0,0
1619722368941,2420736,10117120,0,0
1619722369181,2420736,10117120,0,0
1619722369424,2420736,10117120,0,0
1619722369671,2420736,10117120,0,0
1619722369922,2420736,10117120,0,0
1619722370183,2420736,10117120,0,0
1619722370444,2420736,10117120,0,0
1619722370689,2420736,10117120,0,0
1619722370953,2420736,10117120,0,0
1619722371208,2420736,10117120,0,0
1619722371462,2420736,10117120,0,0
1619722371712,2420736,10117120,0,0
1619722371984,2420736,10117120,0,0
1619722372228,2420736,10117120,0,0
1619722372489,2420736,10117120,0,0
1619722372728,2420736,10117120,0,0
1619722372984,2420736,10117120,0,0
1619722373242,2420736,10117120,0,0
1619722373498,2420736,10117120,0,0
1619722373756,2420736,10117120,0,0
1619722373998,2420736,10117120,0,0
1619722374237,2420736,10117120,0,0
1619722374491,2420736,10117120,0,0
1619722374751,2420736,10117120,0,0
1619722375002,2420736,10117120,0,0
1619722375255,2420736,10117120,0,0
1619722375495,2420736,10117120,0,0
1619722375740,2420736,10117120,0,0
1619722375998,2420736,10117120,0,0
1619722376239,2420736,10117120,0,0
1619722376500,2420736,10117120,0,0
1619722376748,2420736,10117120,0,0
1619722377002,2420736,10117120,0,0
1619722377265,2420736,10117120,0,0
1619722377505,2420736,10117120,0,0
1619722377749,2420736,10117120,0,0
1619722378002,2420736,10117120,0,0
1619722378253,2420736,10117120,0,0
1619722378498,2420736,10117120,0,0
1619722378737,2420736,10117120,0,0
1619722378988,2420736,10117120,0,0
1619722379238,2420736,10117120,0,0
1619722379481,2420736,10117120,0,0
1619722379722,2420736,10117120,0,0
1619722379974,2420736,10117120,0,0
1619722380228,2420736,10117120,0,0
1619722380488,2420736,10117120,0,0
1619722380742,2420736,10117120,0,0
1619722380996,2420736,10117120,0,0
1619722381247,2420736,10117120,0,0
1619722381489,2420736,10117120,0,0
1619722381739,2420736,10117120,0,0
1619722382005,2420736,10117120,0,0
1619722382254,2420736,10117120,0,0
1619722382502,2420736,10117120,0,0
1619722382761,2420736,10117120,0,0
1619722383010,2420736,10117120,0,0
1619722383261,2420736,10117120,0,0
1619722383518,2420736,10117120,0,0
1619722383775,2420736,10117120,0,0
1619722384034,2420736,10117120,0,0
1619722384289,2420736,10117120,0,0
1619722384538,2420736,10117120,0,0
1619722384785,2420736,10117120,0,0
1619722385036,2420736,10117120,0,0
1619722385290,2420736,10117120,0,0
1619722385531,2420736,10117120,0,0
1619722385783,2420736,10117120,0,0
1619722386043,2420736,10117120,0,0
1619722386294,2420736,10117120,0,0
1619722386537,2420736,10117120,0,0
1619722386791,2420736,10117120,0,0
1619722387041,2420736,10117120,0,0
1619722387294,2420736,10117120,0,0
1619722387551,2420736,10117120,0,0
1619722387801,2420736,10117120,0,0
1619722388053,2420736,10117120,0,0
1619722388306,2420736,10117120,0,0
1619722388555,2420736,10117120,0,0
1619722388804,2420736,10117120,0,0
1619722389062,2420736,10117120,0,0
1619722389316,2420736,10117120,0,0
1619722389565,2420736,10117120,0,0
1619722389816,2420736,10117120,0,0
1619722390062,2420736,10117120,0,0
1619722390313,2420736,10117120,0,0
1619722390563,2420736,10117120,0,0
1619722390803,2420736,10117120,0,0
1619722391054,2420736,10117120,0,0
1619722391306,2420736,10117120,0,0
1619722391562,2420736,10117120,0,0
1619722391804,2420736,10117120,0,0
1619722392053,2420736,10117120,0,0
1619722392309,2420736,10117120,0,0
1619722392548,2420736,10117120,0,0
1619722392805,2420736,10117120,0,0
1619722393055,2420736,10117120,0,0
1619722393304,2420736,10117120,0,0
1619722393543,2420736,10117120,0,0
1619722393803,2420736,10117120,0,0
1619722394046,2420736,10117120,0,0
1619722394297,2420736,10117120,0,0
1619722394545,2420736,10117120,0,0
1619722394796,2420736,10117120,0,0
1619722395054,2420736,10117120,0,0
1619722395301,2420736,10117120,0,0
1619722395542,2420736,10117120,0,0
1619722395793,2420736,10117120,0,0
1619722396046,2420736,10117120,0,0
1619722396295,2420736,10117120,0,0
1619722396534,2420736,10117120,0,0
1619722396797,2420736,10117120,0,0
1619722397048,2420736,10117120,0,0
1619722397298,2420736,10117120,0,0
1619722397540,2420736,10117120,0,0
1619722397799,2420736,10117120,0,0
1619722398051,2420736,10117120,0,0
1619722398304,2420736,10117120,0,0
1619722398556,2420736,10117120,0,0
1619722398814,2420736,10117120,0,0
1619722399066,2420736,10117120,0,0
1619722399318,2420736,10117120,0,0
1619722399564,2420736,10117120,0,0
1619722399820,2420736,10117120,0,0
1619722400074,2420736,10117120,0,0
1619722400325,2420736,10117120,0,0
1619722400571,2420736,10117120,0,0
1619722400830,2420736,10117120,0,0
1619722401076,2420736,10117120,0,0
1619722401327,2420736,10117120,0,0
1619722401586,2420736,10117120,0,0
1619722401834,2420736,10117120,0,0
1619722402076,2420736,10117120,0,0
1619722402320,2420736,10117120,0,0
1619722402582,2420736,10117120,0,0
1619722402842,2420736,10117120,0,0
1619722403083,2420736,10117120,0,0
1619722403325,2420736,10117120,0,0
1619722403567,2420736,10117120,0,0
1619722403809,2420736,10117120,0,0
1619722404061,2420736,10117120,0,0
1619722404301,2420736,10117120,0,0
1619722404558,2420736,10117120,0,0
1619722404817,2420736,10117120,0,0
1619722405066,2420736,10117120,0,0
1619722405306,2420736,10117120,0,0
1619722405550,2420736,10117120,0,0
1619722405788,2420736,10117120,0,0
1619722406043,2420736,10117120,0,0
1619722406286,2420736,10117120,0,0
1619722406528,2420736,10117120,0,0
1619722406779,2420736,10117120,0,0
1619722407021,2420736,10117120,0,0
1619722407273,2420736,10117120,0,0
1619722407522,2420736,10117120,0,0
1619722407788,2420736,10117120,0,0
1619722408040,2420736,10117120,0,0
1619722408293,2420736,10117120,0,0
1619722408535,2420736,10117120,0,0
1619722408781,2420736,10117120,0,0
1619722409040,2420736,10117120,0,0
1619722409305,2420736,10117120,0,0
1619722409569,2420736,10117120,0,0
1619722409816,2420736,10117120,0,0
1619722410075,2420736,10117120,0,0
1619722410330,2420736,10117120,0,0
1619722410576,2420736,10117120,0,0
1619722410832,2420736,10117120,0,0
1619722411085,2420736,10117120,0,0
1619722411340,2420736,10117120,0,0
1619722411580,2420736,10117120,0,0
1619722411836,2420736,10117120,0,0
1619722412095,2420736,10117120,0,0
1619722412341,2420736,10117120,0,0
1619722412591,2420736,10117120,0,0
1619722412846,2420736,10117120,0,0
1619722413098,2420736,10117120,0,0
1619722413349,2420736,10117120,0,0
1619722413600,2420736,10117120,0,0
1619722413839,2420736,10117120,0,0
1619722414090,2420736,10117120,0,0
1619722414340,2420736,10117120,0,0
1619722414600,2420736,10117120,0,0
1619722414841,2420736,10117120,0,0
1619722415080,2420736,10117120,0,0
1619722415332,2420736,10117120,0,0
1619722415571,2420736,10117120,0,0
1619722415814,2420736,10117120,0,0
1619722416068,2420736,10117120,0,0
1619722416313,2420736,10117120,0,0
1619722416562,2420736,10117120,0,0
1619722416818,2420736,10117120,0,0
1619722417076,2420736,10117120,0,0
1619722417335,2420736,10117120,0,0
1619722417584,2420736,10117120,0,0
1619722417841,2420736,10117120,0,0
1619722418088,2420736,10117120,0,0
1619722418336,2420736,10117120,0,0
1619722418577,2420736,10117120,0,0
1619722418827,2420736,10117120,0,0
1619722419078,2420736,10117120,0,0
1619722419319,2420736,10117120,0,0
1619722419587,2420736,10117120,0,0
1619722419845,2420736,10117120,0,0
1619722420086,2420736,10117120,0,0
1619722420334,2420736,10117120,0,0
1619722420574,2420736,10117120,0,0
1619722420823,2420736,10117120,0,0
1619722421076,2420736,10117120,0,0
1619722421323,2420736,10117120,0,0
1619722421579,2420736,10117120,0,0
1619722421839,2420736,10117120,0,0
1619722422088,2420736,10117120,0,0
1619722422332,2420736,10117120,0,0
1619722422571,2420736,10117120,0,0
1619722422810,2420736,10117120,0,0
1619722423056,2420736,10117120,0,0
1619722423314,2420736,10117120,0,0
1619722423554,2420736,10117120,0,0
1619722423792,2420736,10117120,0,0
1619722424031,2420736,10117120,0,0
1619722424290,2420736,10117120,0,0
1619722424540,2420736,10117120,0,0
1619722424822,2420736,10117120,0,0
1619722425088,2420736,10117120,0,0
1619722425334,2420736,10117120,0,0
1619722425580,2420736,10117120,0,0
1619722425821,2420736,10117120,0,0
1619722426077,2420736,10117120,0,0
1619722426341,2420736,10117120,0,0
1619722426581,2420736,10117120,0,0
1619722426833,2420736,10117120,0,0
1619722427084,2420736,10117120,0,0
1619722427336,2420736,10117120,0,0
1619722427576,2420736,10117120,0,0
1619722427826,2420736,10117120,0,0
1619722428074,2420736,10117120,0,0
1619722428318,2420736,10117120,0,0
1619722428559,2420736,10117120,0,0
1619722428812,2420736,10117120,0,0
1619722429059,2420736,10117120,0,0
1619722429343,2420736,10117120,0,0
1619722429585,2420736,10117120,0,0
1619722429835,2420736,10117120,0,0
1619722430089,2420736,10117120,0,0
1619722430342,2420736,10117120,0,0
1619722430586,2420736,10117120,0,0
1619722430834,2420736,10117120,0,0
1619722431084,2420736,10117120,0,0
1619722431324,2420736,10117120,0,0
1619722431567,2420736,10117120,0,0
1619722431831,2420736,10117120,0,0
1619722432095,2420736,10117120,0,0
1619722432339,2420736,10117120,0,0
1619722432579,2420736,10117120,0,0
1619722432832,2420736,10117120,0,0
1619722433095,2420736,10117120,0,0
1619722433346,2420736,10117120,0,0
1619722433588,2420736,10117120,0,0
1619722433840,2420736,10117120,0,0
1619722434086,2420736,10117120,0,0
1619722434342,2420736,10117120,0,0
1619722434584,2420736,10117120,0,0
1619722434834,2420736,10117120,0,0
1619722435087,2420736,10117120,0,0
1619722435346,2420736,10117120,0,0
1619722435592,2420736,10117120,0,0
1619722435844,2420736,10117120,0,0
1619722436094,2420736,10117120,0,0
1619722436345,2420736,10117120,0,0
1619722436592,2420736,10117120,0,0
1619722436857,2420736,10117120,0,0
1619722437115,2420736,10117120,0,0
1619722437367,2420736,10117120,0,0
1619722437615,2420736,10117120,0,0
1619722437871,2420736,10117120,0,0
1619722438129,2420736,10117120,0,0
1619722438388,2420736,10117120,0,0
1619722438629,2420736,10117120,0,0
1619722438873,2420736,10117120,0,0
1619722439120,2420736,10117120,0,0
1619722439377,2420736,10117120,0,0
1619722439628,2420736,10117120,0,0
1619722439868,2420736,10117120,0,0
1619722440130,2420736,10117120,0,0
1619722440407,2420736,10117120,0,0
1619722440650,2420736,10117120,0,0
1619722440890,2420736,10117120,0,0
1619722441154,2420736,10117120,0,0
1619722441394,2420736,10117120,0,0
1619722441659,2420736,10117120,0,0
1619722441899,2420736,10117120,0,0
1619722442141,2420736,10117120,0,0
1619722442391,2420736,10117120,0,0
1619722442641,2420736,10117120,0,0
1619722442879,2420736,10117120,0,0
1619722443127,2420736,10117120,0,0
1619722443376,2420736,10117120,0,0
1619722443615,2420736,10117120,0,0
1619722443857,2420736,10117120,0,0
1619722444103,2420736,10117120,0,0
1619722444343,2420736,10117120,0,0
1619722444597,2420736,10117120,0,0
1619722444854,2420736,10117120,0,0
1619722445111,2420736,10117120,0,0
1619722445371,2420736,10117120,0,0
1619722445614,2420736,10117120,0,0
1619722445869,2420736,10117120,0,0
1619722446126,2420736,10117120,0,0
1619722446385,2420736,10117120,0,0
1619722446648,2420736,10117120,0,0
1619722446888,2420736,10117120,0,0
1619722447146,2420736,10117120,0,0
1619722447402,2420736,10117120,0,0
1619722447645,2420736,10117120,0,0
1619722447885,2420736,10117120,0,0
1619722448144,2420736,10117120,0,0
1619722448389,2420736,10117120,0,0
1619722448630,2420736,10117120,0,0
1619722448875,2420736,10117120,0,0
1619722449132,2420736,10117120,0,0
1619722449388,2420736,10117120,0,0
1619722449627,2420736,10117120,0,0
1619722449875,2420736,10117120,0,0
1619722450123,2420736,10117120,0,0
1619722450382,2420736,10117120,0,0
1619722450622,2420736,10117120,0,0
1619722450865,2420736,10117120,0,0
1619722451118,2420736,10117120,0,0
1619722451357,2420736,10117120,0,0
1619722451608,2420736,10117120,0,0
1619722451858,2420736,10117120,0,0
1619722452106,2420736,10117120,0,0
1619722452355,2420736,10117120,0,0
1619722452599,2420736,10117120,0,0
1619722452849,2420736,10117120,0,0
1619722453106,2420736,10117120,0,0
1619722453354,2420736,10117120,0,0
1619722453594,2420736,10117120,0,0
1619722453840,2420736,10117120,0,0
1619722454087,2420736,10117120,0,0
1619722454338,2420736,10117120,0,0
1619722454582,2420736,10117120,0,0
1619722454835,2420736,10117120,0,0
1619722455081,2420736,10117120,0,0
1619722455332,2420736,10117120,0,0
1619722455573,2420736,10117120,0,0
1619722455819,2420736,10117120,0,0
1619722456058,2420736,10117120,0,0
1619722456303,2420736,10117120,0,0
1619722456556,2420736,10117120,0,0
1619722456803,2420736,10117120,0,0
1619722457061,2420736,10117120,0,0
1619722457305,2420736,10117120,0,0
1619722457563,2420736,10117120,0,0
1619722457822,2420736,10117120,0,0
1619722458071,2420736,10117120,0,0
1619722458316,2420736,10117120,0,0
1619722458565,2420736,10117120,0,0
1619722458829,2420736,10117120,0,0
1619722459083,2420736,10117120,0,0
1619722459324,2420736,10117120,0,0
1619722459581,2420736,10117120,0,0
1619722459838,2420736,10117120,0,0
1619722460093,2420736,10117120,0,0
1619722460353,2420736,10117120,0,0
1619722460595,2420736,10117120,0,0
1619722460850,2420736,10117120,0,0
1619722461102,2420736,10117120,0,0
1619722461344,2420736,10117120,0,0
1619722461598,2420736,10117120,0,0
1619722461852,2420736,10117120,0,0
1619722462109,2420736,10117120,0,0
1619722462368,2420736,10117120,0,0
1619722462609,2420736,10117120,0,0
16197224628